[2026-05-30 06:02:02] Training started
config: {
  "exp_name": "backbone_resnet18",
  "arch": "resnet18",
  "cifar_stem": true,
  "pretrained": false,
  "epochs": 200,
  "batch_size": 256,
  "lr": 0.03,
  "weight_decay": 0.0001,
  "num_workers": 4,
  "save_freq": 50,
  "data_root": "./data/cifar10",
  "augmentation": "full",
  "aug_kwargs": {
    "image_size": 32,
    "s": 1.0,
    "gaussian_blur": false
  },
  "loss_type": "nt_xent",
  "loss_kwargs": {
    "temperature": 0.07,
    "device": "cuda"
  },
  "proj_hidden_dim": 2048,
  "proj_output_dim": 128,
  "proj_num_layers": 2,
  "eval_batch_size": 256,
  "probe_epochs": 100,
  "save_dir": "./results/ablation_backbone/backbone_resnet18"
}
------------------------------------------------------------
epoch    1/200 | loss 5.7747 | lr 0.03000 <-- BEST (epoch 1, loss 5.7747)
epoch    2/200 | loss 4.9445 | lr 0.02999 <-- BEST (epoch 2, loss 4.9445)
epoch    3/200 | loss 3.9755 | lr 0.02998 <-- BEST (epoch 3, loss 3.9755)
epoch    4/200 | loss 2.9830 | lr 0.02997 <-- BEST (epoch 4, loss 2.9830)
epoch    5/200 | loss 2.3474 | lr 0.02995 <-- BEST (epoch 5, loss 2.3474)
epoch    6/200 | loss 1.9778 | lr 0.02993 <-- BEST (epoch 6, loss 1.9778)
epoch    7/200 | loss 1.7267 | lr 0.02991 <-- BEST (epoch 7, loss 1.7267)
epoch    8/200 | loss 1.5301 | lr 0.02988 <-- BEST (epoch 8, loss 1.5301)
epoch    9/200 | loss 1.3997 | lr 0.02985 <-- BEST (epoch 9, loss 1.3997)
epoch   10/200 | loss 1.2927 | lr 0.02982 <-- BEST (epoch 10, loss 1.2927)
epoch   11/200 | loss 1.2005 | lr 0.02978 <-- BEST (epoch 11, loss 1.2005)
epoch   12/200 | loss 1.1294 | lr 0.02973 <-- BEST (epoch 12, loss 1.1294)
epoch   13/200 | loss 1.0828 | lr 0.02969 <-- BEST (epoch 13, loss 1.0828)
epoch   14/200 | loss 1.0470 | lr 0.02964 <-- BEST (epoch 14, loss 1.0470)
epoch   15/200 | loss 0.9870 | lr 0.02959 <-- BEST (epoch 15, loss 0.9870)
epoch   16/200 | loss 0.9568 | lr 0.02953 <-- BEST (epoch 16, loss 0.9568)
epoch   17/200 | loss 0.9094 | lr 0.02947 <-- BEST (epoch 17, loss 0.9094)
epoch   18/200 | loss 0.9028 | lr 0.02940 <-- BEST (epoch 18, loss 0.9028)
epoch   19/200 | loss 0.8554 | lr 0.02934 <-- BEST (epoch 19, loss 0.8554)
epoch   20/200 | loss 0.8462 | lr 0.02927 <-- BEST (epoch 20, loss 0.8462)
epoch   21/200 | loss 0.8204 | lr 0.02919 <-- BEST (epoch 21, loss 0.8204)
epoch   22/200 | loss 0.8149 | lr 0.02911 <-- BEST (epoch 22, loss 0.8149)
epoch   23/200 | loss 0.7894 | lr 0.02903 <-- BEST (epoch 23, loss 0.7894)
epoch   24/200 | loss 0.7725 | lr 0.02895 <-- BEST (epoch 24, loss 0.7725)
epoch   25/200 | loss 0.7514 | lr 0.02886 <-- BEST (epoch 25, loss 0.7514)
epoch   26/200 | loss 0.7467 | lr 0.02877 <-- BEST (epoch 26, loss 0.7467)
epoch   27/200 | loss 0.7399 | lr 0.02867 <-- BEST (epoch 27, loss 0.7399)
epoch   28/200 | loss 0.7188 | lr 0.02857 <-- BEST (epoch 28, loss 0.7188)
epoch   29/200 | loss 0.6949 | lr 0.02847 <-- BEST (epoch 29, loss 0.6949)
epoch   30/200 | loss 0.6936 | lr 0.02837 <-- BEST (epoch 30, loss 0.6936)
epoch   31/200 | loss 0.6809 | lr 0.02826 <-- BEST (epoch 31, loss 0.6809)
epoch   32/200 | loss 0.6676 | lr 0.02814 <-- BEST (epoch 32, loss 0.6676)
epoch   33/200 | loss 0.6625 | lr 0.02803 <-- BEST (epoch 33, loss 0.6625)
epoch   34/200 | loss 0.6487 | lr 0.02791 <-- BEST (epoch 34, loss 0.6487)
epoch   35/200 | loss 0.6390 | lr 0.02779 <-- BEST (epoch 35, loss 0.6390)
epoch   36/200 | loss 0.6405 | lr 0.02766
epoch   37/200 | loss 0.6128 | lr 0.02754 <-- BEST (epoch 37, loss 0.6128)
epoch   38/200 | loss 0.6184 | lr 0.02741
epoch   39/200 | loss 0.6168 | lr 0.02727
epoch   40/200 | loss 0.5950 | lr 0.02714 <-- BEST (epoch 40, loss 0.5950)
epoch   41/200 | loss 0.5961 | lr 0.02700
epoch   42/200 | loss 0.5942 | lr 0.02685 <-- BEST (epoch 42, loss 0.5942)
epoch   43/200 | loss 0.5766 | lr 0.02671 <-- BEST (epoch 43, loss 0.5766)
epoch   44/200 | loss 0.5788 | lr 0.02656
epoch   45/200 | loss 0.5756 | lr 0.02641 <-- BEST (epoch 45, loss 0.5756)
epoch   46/200 | loss 0.5727 | lr 0.02625 <-- BEST (epoch 46, loss 0.5727)
epoch   47/200 | loss 0.5626 | lr 0.02609 <-- BEST (epoch 47, loss 0.5626)
epoch   48/200 | loss 0.5476 | lr 0.02593 <-- BEST (epoch 48, loss 0.5476)
epoch   49/200 | loss 0.5470 | lr 0.02577 <-- BEST (epoch 49, loss 0.5470)
epoch   50/200 | loss 0.5466 | lr 0.02561 <-- BEST (epoch 50, loss 0.5466)
epoch   51/200 | loss 0.5380 | lr 0.02544 <-- BEST (epoch 51, loss 0.5380)
epoch   52/200 | loss 0.5319 | lr 0.02527 <-- BEST (epoch 52, loss 0.5319)
epoch   53/200 | loss 0.5332 | lr 0.02510
epoch   54/200 | loss 0.5276 | lr 0.02492 <-- BEST (epoch 54, loss 0.5276)
epoch   55/200 | loss 0.5115 | lr 0.02474 <-- BEST (epoch 55, loss 0.5115)
epoch   56/200 | loss 0.5176 | lr 0.02456
epoch   57/200 | loss 0.5101 | lr 0.02438 <-- BEST (epoch 57, loss 0.5101)
epoch   58/200 | loss 0.5124 | lr 0.02419
epoch   59/200 | loss 0.5031 | lr 0.02401 <-- BEST (epoch 59, loss 0.5031)
epoch   60/200 | loss 0.5012 | lr 0.02382 <-- BEST (epoch 60, loss 0.5012)
epoch   61/200 | loss 0.4850 | lr 0.02363 <-- BEST (epoch 61, loss 0.4850)
epoch   62/200 | loss 0.4922 | lr 0.02343
epoch   63/200 | loss 0.4845 | lr 0.02324 <-- BEST (epoch 63, loss 0.4845)
epoch   64/200 | loss 0.4860 | lr 0.02304
epoch   65/200 | loss 0.4799 | lr 0.02284 <-- BEST (epoch 65, loss 0.4799)
epoch   66/200 | loss 0.4810 | lr 0.02264
epoch   67/200 | loss 0.4734 | lr 0.02243 <-- BEST (epoch 67, loss 0.4734)
epoch   68/200 | loss 0.4670 | lr 0.02223 <-- BEST (epoch 68, loss 0.4670)
epoch   69/200 | loss 0.4682 | lr 0.02202
epoch   70/200 | loss 0.4670 | lr 0.02181
epoch   71/200 | loss 0.4689 | lr 0.02160
epoch   72/200 | loss 0.4581 | lr 0.02139 <-- BEST (epoch 72, loss 0.4581)
epoch   73/200 | loss 0.4552 | lr 0.02117 <-- BEST (epoch 73, loss 0.4552)
epoch   74/200 | loss 0.4543 | lr 0.02096 <-- BEST (epoch 74, loss 0.4543)
epoch   75/200 | loss 0.4514 | lr 0.02074 <-- BEST (epoch 75, loss 0.4514)
epoch   76/200 | loss 0.4331 | lr 0.02052 <-- BEST (epoch 76, loss 0.4331)
epoch   77/200 | loss 0.4419 | lr 0.02030
epoch   78/200 | loss 0.4415 | lr 0.02008
epoch   79/200 | loss 0.4365 | lr 0.01986
epoch   80/200 | loss 0.4322 | lr 0.01964 <-- BEST (epoch 80, loss 0.4322)
epoch   81/200 | loss 0.4321 | lr 0.01941 <-- BEST (epoch 81, loss 0.4321)
epoch   82/200 | loss 0.4264 | lr 0.01918 <-- BEST (epoch 82, loss 0.4264)
epoch   83/200 | loss 0.4243 | lr 0.01896 <-- BEST (epoch 83, loss 0.4243)
epoch   84/200 | loss 0.4179 | lr 0.01873 <-- BEST (epoch 84, loss 0.4179)
epoch   85/200 | loss 0.4121 | lr 0.01850 <-- BEST (epoch 85, loss 0.4121)
epoch   86/200 | loss 0.4113 | lr 0.01827 <-- BEST (epoch 86, loss 0.4113)
epoch   87/200 | loss 0.4110 | lr 0.01804 <-- BEST (epoch 87, loss 0.4110)
epoch   88/200 | loss 0.4170 | lr 0.01781
epoch   89/200 | loss 0.4118 | lr 0.01758
epoch   90/200 | loss 0.4065 | lr 0.01735 <-- BEST (epoch 90, loss 0.4065)
epoch   91/200 | loss 0.4064 | lr 0.01711 <-- BEST (epoch 91, loss 0.4064)
epoch   92/200 | loss 0.4020 | lr 0.01688 <-- BEST (epoch 92, loss 0.4020)
epoch   93/200 | loss 0.3966 | lr 0.01665 <-- BEST (epoch 93, loss 0.3966)
epoch   94/200 | loss 0.3969 | lr 0.01641
epoch   95/200 | loss 0.3935 | lr 0.01618 <-- BEST (epoch 95, loss 0.3935)
epoch   96/200 | loss 0.3921 | lr 0.01594 <-- BEST (epoch 96, loss 0.3921)
epoch   97/200 | loss 0.3921 | lr 0.01571 <-- BEST (epoch 97, loss 0.3921)
epoch   98/200 | loss 0.3846 | lr 0.01547 <-- BEST (epoch 98, loss 0.3846)
epoch   99/200 | loss 0.3826 | lr 0.01524 <-- BEST (epoch 99, loss 0.3826)
epoch  100/200 | loss 0.3824 | lr 0.01500 <-- BEST (epoch 100, loss 0.3824)
epoch  101/200 | loss 0.3833 | lr 0.01476
epoch  102/200 | loss 0.3831 | lr 0.01453
epoch  103/200 | loss 0.3647 | lr 0.01429 <-- BEST (epoch 103, loss 0.3647)
epoch  104/200 | loss 0.3696 | lr 0.01406
epoch  105/200 | loss 0.3699 | lr 0.01382
epoch  106/200 | loss 0.3669 | lr 0.01359
epoch  107/200 | loss 0.3727 | lr 0.01335
epoch  108/200 | loss 0.3686 | lr 0.01312
epoch  109/200 | loss 0.3577 | lr 0.01289 <-- BEST (epoch 109, loss 0.3577)
epoch  110/200 | loss 0.3611 | lr 0.01265
epoch  111/200 | loss 0.3648 | lr 0.01242
epoch  112/200 | loss 0.3569 | lr 0.01219 <-- BEST (epoch 112, loss 0.3569)
epoch  113/200 | loss 0.3648 | lr 0.01196
epoch  114/200 | loss 0.3487 | lr 0.01173 <-- BEST (epoch 114, loss 0.3487)
epoch  115/200 | loss 0.3556 | lr 0.01150
epoch  116/200 | loss 0.3521 | lr 0.01127
epoch  117/200 | loss 0.3453 | lr 0.01104 <-- BEST (epoch 117, loss 0.3453)
epoch  118/200 | loss 0.3494 | lr 0.01082
epoch  119/200 | loss 0.3505 | lr 0.01059
epoch  120/200 | loss 0.3424 | lr 0.01036 <-- BEST (epoch 120, loss 0.3424)
epoch  121/200 | loss 0.3373 | lr 0.01014 <-- BEST (epoch 121, loss 0.3373)
epoch  122/200 | loss 0.3410 | lr 0.00992
epoch  123/200 | loss 0.3377 | lr 0.00970
epoch  124/200 | loss 0.3330 | lr 0.00948 <-- BEST (epoch 124, loss 0.3330)
epoch  125/200 | loss 0.3272 | lr 0.00926 <-- BEST (epoch 125, loss 0.3272)
epoch  126/200 | loss 0.3345 | lr 0.00904
epoch  127/200 | loss 0.3311 | lr 0.00883
epoch  128/200 | loss 0.3328 | lr 0.00861
epoch  129/200 | loss 0.3333 | lr 0.00840
epoch  130/200 | loss 0.3281 | lr 0.00819
epoch  131/200 | loss 0.3251 | lr 0.00798 <-- BEST (epoch 131, loss 0.3251)
epoch  132/200 | loss 0.3205 | lr 0.00777 <-- BEST (epoch 132, loss 0.3205)
epoch  133/200 | loss 0.3236 | lr 0.00757
epoch  134/200 | loss 0.3245 | lr 0.00736
epoch  135/200 | loss 0.3242 | lr 0.00716
epoch  136/200 | loss 0.3220 | lr 0.00696
epoch  137/200 | loss 0.3177 | lr 0.00676 <-- BEST (epoch 137, loss 0.3177)
epoch  138/200 | loss 0.3154 | lr 0.00657 <-- BEST (epoch 138, loss 0.3154)
epoch  139/200 | loss 0.3163 | lr 0.00637
epoch  140/200 | loss 0.3141 | lr 0.00618 <-- BEST (epoch 140, loss 0.3141)
epoch  141/200 | loss 0.3108 | lr 0.00599 <-- BEST (epoch 141, loss 0.3108)
epoch  142/200 | loss 0.3149 | lr 0.00581
epoch  143/200 | loss 0.3102 | lr 0.00562 <-- BEST (epoch 143, loss 0.3102)
epoch  144/200 | loss 0.3025 | lr 0.00544 <-- BEST (epoch 144, loss 0.3025)
epoch  145/200 | loss 0.3053 | lr 0.00526
epoch  146/200 | loss 0.3063 | lr 0.00508
epoch  147/200 | loss 0.3072 | lr 0.00490
epoch  148/200 | loss 0.3030 | lr 0.00473
epoch  149/200 | loss 0.3085 | lr 0.00456
epoch  150/200 | loss 0.3028 | lr 0.00439
epoch  151/200 | loss 0.2977 | lr 0.00423 <-- BEST (epoch 151, loss 0.2977)
epoch  152/200 | loss 0.3031 | lr 0.00407
epoch  153/200 | loss 0.3010 | lr 0.00391
epoch  154/200 | loss 0.2945 | lr 0.00375 <-- BEST (epoch 154, loss 0.2945)
epoch  155/200 | loss 0.2959 | lr 0.00359
epoch  156/200 | loss 0.2980 | lr 0.00344
epoch  157/200 | loss 0.2945 | lr 0.00329
epoch  158/200 | loss 0.2919 | lr 0.00315 <-- BEST (epoch 158, loss 0.2919)
epoch  159/200 | loss 0.2940 | lr 0.00300
epoch  160/200 | loss 0.2890 | lr 0.00286 <-- BEST (epoch 160, loss 0.2890)
epoch  161/200 | loss 0.2915 | lr 0.00273
epoch  162/200 | loss 0.2864 | lr 0.00259 <-- BEST (epoch 162, loss 0.2864)
epoch  163/200 | loss 0.2880 | lr 0.00246
epoch  164/200 | loss 0.2888 | lr 0.00234
epoch  165/200 | loss 0.2886 | lr 0.00221
epoch  166/200 | loss 0.2856 | lr 0.00209 <-- BEST (epoch 166, loss 0.2856)
epoch  167/200 | loss 0.2830 | lr 0.00197 <-- BEST (epoch 167, loss 0.2830)
epoch  168/200 | loss 0.2789 | lr 0.00186 <-- BEST (epoch 168, loss 0.2789)
epoch  169/200 | loss 0.2860 | lr 0.00174
epoch  170/200 | loss 0.2834 | lr 0.00163
epoch  171/200 | loss 0.2797 | lr 0.00153
epoch  172/200 | loss 0.2867 | lr 0.00143
epoch  173/200 | loss 0.2806 | lr 0.00133
epoch  174/200 | loss 0.2850 | lr 0.00123
epoch  175/200 | loss 0.2799 | lr 0.00114
epoch  176/200 | loss 0.2841 | lr 0.00105
epoch  177/200 | loss 0.2757 | lr 0.00097 <-- BEST (epoch 177, loss 0.2757)
epoch  178/200 | loss 0.2787 | lr 0.00089
epoch  179/200 | loss 0.2777 | lr 0.00081
epoch  180/200 | loss 0.2803 | lr 0.00073
epoch  181/200 | loss 0.2798 | lr 0.00066
epoch  182/200 | loss 0.2726 | lr 0.00060 <-- BEST (epoch 182, loss 0.2726)
epoch  183/200 | loss 0.2807 | lr 0.00053
epoch  184/200 | loss 0.2749 | lr 0.00047
epoch  185/200 | loss 0.2750 | lr 0.00041
epoch  186/200 | loss 0.2773 | lr 0.00036
epoch  187/200 | loss 0.2765 | lr 0.00031
epoch  188/200 | loss 0.2819 | lr 0.00027
epoch  189/200 | loss 0.2855 | lr 0.00022
epoch  190/200 | loss 0.2772 | lr 0.00018
epoch  191/200 | loss 0.2766 | lr 0.00015
epoch  192/200 | loss 0.2741 | lr 0.00012
epoch  193/200 | loss 0.2810 | lr 0.00009
epoch  194/200 | loss 0.2790 | lr 0.00007
epoch  195/200 | loss 0.2761 | lr 0.00005
epoch  196/200 | loss 0.2767 | lr 0.00003
epoch  197/200 | loss 0.2727 | lr 0.00002
epoch  198/200 | loss 0.2796 | lr 0.00001
epoch  199/200 | loss 0.2783 | lr 0.00000
epoch  200/200 | loss 0.2735 | lr 0.00000
------------------------------------------------------------
[2026-05-30 07:21:09] Training finished
best epoch : 182
best loss  : 0.2726
