[2026-05-29 09:01:33] Training started
config: {
  "exp_name": "aug_crop_only",
  "arch": "resnet18",
  "cifar_stem": true,
  "pretrained": false,
  "epochs": 200,
  "batch_size": 256,
  "lr": 0.03,
  "weight_decay": 0.0001,
  "num_workers": 4,
  "save_freq": 50,
  "data_root": "./data/cifar10",
  "augmentation": "ablation",
  "aug_kwargs": {
    "image_size": 32,
    "s": 1.0,
    "gaussian_blur": false,
    "use_crop": true,
    "use_color": false,
    "use_grayscale": false,
    "use_blur": false
  },
  "loss_type": "nt_xent",
  "loss_kwargs": {
    "temperature": 0.07,
    "device": "cuda"
  },
  "proj_hidden_dim": 2048,
  "proj_output_dim": 128,
  "proj_num_layers": 2,
  "eval_batch_size": 256,
  "probe_epochs": 100,
  "save_dir": "./results/ablation_augmentation/aug_crop_only"
}
------------------------------------------------------------
epoch    1/200 | loss 1.0194 | lr 0.03000 <-- BEST (epoch 1, loss 1.0194)
epoch    2/200 | loss 0.4874 | lr 0.02999 <-- BEST (epoch 2, loss 0.4874)
epoch    3/200 | loss 0.3736 | lr 0.02998 <-- BEST (epoch 3, loss 0.3736)
epoch    4/200 | loss 0.3012 | lr 0.02997 <-- BEST (epoch 4, loss 0.3012)
epoch    5/200 | loss 0.2720 | lr 0.02995 <-- BEST (epoch 5, loss 0.2720)
epoch    6/200 | loss 0.2321 | lr 0.02993 <-- BEST (epoch 6, loss 0.2321)
epoch    7/200 | loss 0.2137 | lr 0.02991 <-- BEST (epoch 7, loss 0.2137)
epoch    8/200 | loss 0.1963 | lr 0.02988 <-- BEST (epoch 8, loss 0.1963)
epoch    9/200 | loss 0.1834 | lr 0.02985 <-- BEST (epoch 9, loss 0.1834)
epoch   10/200 | loss 0.1696 | lr 0.02982 <-- BEST (epoch 10, loss 0.1696)
epoch   11/200 | loss 0.1624 | lr 0.02978 <-- BEST (epoch 11, loss 0.1624)
epoch   12/200 | loss 0.1572 | lr 0.02973 <-- BEST (epoch 12, loss 0.1572)
epoch   13/200 | loss 0.1484 | lr 0.02969 <-- BEST (epoch 13, loss 0.1484)
epoch   14/200 | loss 0.1417 | lr 0.02964 <-- BEST (epoch 14, loss 0.1417)
epoch   15/200 | loss 0.1375 | lr 0.02959 <-- BEST (epoch 15, loss 0.1375)
epoch   16/200 | loss 0.1333 | lr 0.02953 <-- BEST (epoch 16, loss 0.1333)
epoch   17/200 | loss 0.1277 | lr 0.02947 <-- BEST (epoch 17, loss 0.1277)
epoch   18/200 | loss 0.1226 | lr 0.02940 <-- BEST (epoch 18, loss 0.1226)
epoch   19/200 | loss 0.1215 | lr 0.02934 <-- BEST (epoch 19, loss 0.1215)
epoch   20/200 | loss 0.1157 | lr 0.02927 <-- BEST (epoch 20, loss 0.1157)
epoch   21/200 | loss 0.1148 | lr 0.02919 <-- BEST (epoch 21, loss 0.1148)
epoch   22/200 | loss 0.1129 | lr 0.02911 <-- BEST (epoch 22, loss 0.1129)
epoch   23/200 | loss 0.1076 | lr 0.02903 <-- BEST (epoch 23, loss 0.1076)
epoch   24/200 | loss 0.1053 | lr 0.02895 <-- BEST (epoch 24, loss 0.1053)
epoch   25/200 | loss 0.1033 | lr 0.02886 <-- BEST (epoch 25, loss 0.1033)
epoch   26/200 | loss 0.0993 | lr 0.02877 <-- BEST (epoch 26, loss 0.0993)
epoch   27/200 | loss 0.0979 | lr 0.02867 <-- BEST (epoch 27, loss 0.0979)
epoch   28/200 | loss 0.0932 | lr 0.02857 <-- BEST (epoch 28, loss 0.0932)
epoch   29/200 | loss 0.0964 | lr 0.02847
epoch   30/200 | loss 0.0920 | lr 0.02837 <-- BEST (epoch 30, loss 0.0920)
epoch   31/200 | loss 0.0916 | lr 0.02826 <-- BEST (epoch 31, loss 0.0916)
epoch   32/200 | loss 0.0888 | lr 0.02814 <-- BEST (epoch 32, loss 0.0888)
epoch   33/200 | loss 0.0895 | lr 0.02803
epoch   34/200 | loss 0.0865 | lr 0.02791 <-- BEST (epoch 34, loss 0.0865)
epoch   35/200 | loss 0.0855 | lr 0.02779 <-- BEST (epoch 35, loss 0.0855)
epoch   36/200 | loss 0.0844 | lr 0.02766 <-- BEST (epoch 36, loss 0.0844)
epoch   37/200 | loss 0.0837 | lr 0.02754 <-- BEST (epoch 37, loss 0.0837)
epoch   38/200 | loss 0.0825 | lr 0.02741 <-- BEST (epoch 38, loss 0.0825)
epoch   39/200 | loss 0.0803 | lr 0.02727 <-- BEST (epoch 39, loss 0.0803)
epoch   40/200 | loss 0.0827 | lr 0.02714
epoch   41/200 | loss 0.0820 | lr 0.02700
epoch   42/200 | loss 0.0798 | lr 0.02685 <-- BEST (epoch 42, loss 0.0798)
epoch   43/200 | loss 0.0781 | lr 0.02671 <-- BEST (epoch 43, loss 0.0781)
epoch   44/200 | loss 0.0771 | lr 0.02656 <-- BEST (epoch 44, loss 0.0771)
epoch   45/200 | loss 0.0780 | lr 0.02641
epoch   46/200 | loss 0.0741 | lr 0.02625 <-- BEST (epoch 46, loss 0.0741)
epoch   47/200 | loss 0.0751 | lr 0.02609
epoch   48/200 | loss 0.0721 | lr 0.02593 <-- BEST (epoch 48, loss 0.0721)
epoch   49/200 | loss 0.0725 | lr 0.02577
epoch   50/200 | loss 0.0697 | lr 0.02561 <-- BEST (epoch 50, loss 0.0697)
epoch   51/200 | loss 0.0730 | lr 0.02544
epoch   52/200 | loss 0.0691 | lr 0.02527 <-- BEST (epoch 52, loss 0.0691)
epoch   53/200 | loss 0.0700 | lr 0.02510
epoch   54/200 | loss 0.0698 | lr 0.02492
epoch   55/200 | loss 0.0674 | lr 0.02474 <-- BEST (epoch 55, loss 0.0674)
epoch   56/200 | loss 0.0661 | lr 0.02456 <-- BEST (epoch 56, loss 0.0661)
epoch   57/200 | loss 0.0637 | lr 0.02438 <-- BEST (epoch 57, loss 0.0637)
epoch   58/200 | loss 0.0637 | lr 0.02419
epoch   59/200 | loss 0.0617 | lr 0.02401 <-- BEST (epoch 59, loss 0.0617)
epoch   60/200 | loss 0.0674 | lr 0.02382
epoch   61/200 | loss 0.0648 | lr 0.02363
epoch   62/200 | loss 0.0625 | lr 0.02343
epoch   63/200 | loss 0.0644 | lr 0.02324
epoch   64/200 | loss 0.0639 | lr 0.02304
epoch   65/200 | loss 0.0657 | lr 0.02284
epoch   66/200 | loss 0.0624 | lr 0.02264
epoch   67/200 | loss 0.0599 | lr 0.02243 <-- BEST (epoch 67, loss 0.0599)
epoch   68/200 | loss 0.0602 | lr 0.02223
epoch   69/200 | loss 0.0611 | lr 0.02202
epoch   70/200 | loss 0.0580 | lr 0.02181 <-- BEST (epoch 70, loss 0.0580)
epoch   71/200 | loss 0.0580 | lr 0.02160 <-- BEST (epoch 71, loss 0.0580)
epoch   72/200 | loss 0.0602 | lr 0.02139
epoch   73/200 | loss 0.0607 | lr 0.02117
epoch   74/200 | loss 0.0567 | lr 0.02096 <-- BEST (epoch 74, loss 0.0567)
epoch   75/200 | loss 0.0556 | lr 0.02074 <-- BEST (epoch 75, loss 0.0556)
epoch   76/200 | loss 0.0560 | lr 0.02052
epoch   77/200 | loss 0.0579 | lr 0.02030
epoch   78/200 | loss 0.0565 | lr 0.02008
epoch   79/200 | loss 0.0576 | lr 0.01986
epoch   80/200 | loss 0.0569 | lr 0.01964
epoch   81/200 | loss 0.0556 | lr 0.01941 <-- BEST (epoch 81, loss 0.0556)
epoch   82/200 | loss 0.0532 | lr 0.01918 <-- BEST (epoch 82, loss 0.0532)
epoch   83/200 | loss 0.0544 | lr 0.01896
epoch   84/200 | loss 0.0550 | lr 0.01873
epoch   85/200 | loss 0.0532 | lr 0.01850
epoch   86/200 | loss 0.0508 | lr 0.01827 <-- BEST (epoch 86, loss 0.0508)
epoch   87/200 | loss 0.0517 | lr 0.01804
epoch   88/200 | loss 0.0507 | lr 0.01781 <-- BEST (epoch 88, loss 0.0507)
epoch   89/200 | loss 0.0494 | lr 0.01758 <-- BEST (epoch 89, loss 0.0494)
epoch   90/200 | loss 0.0492 | lr 0.01735 <-- BEST (epoch 90, loss 0.0492)
epoch   91/200 | loss 0.0504 | lr 0.01711
epoch   92/200 | loss 0.0508 | lr 0.01688
epoch   93/200 | loss 0.0508 | lr 0.01665
epoch   94/200 | loss 0.0510 | lr 0.01641
epoch   95/200 | loss 0.0473 | lr 0.01618 <-- BEST (epoch 95, loss 0.0473)
epoch   96/200 | loss 0.0473 | lr 0.01594
epoch   97/200 | loss 0.0483 | lr 0.01571
epoch   98/200 | loss 0.0467 | lr 0.01547 <-- BEST (epoch 98, loss 0.0467)
epoch   99/200 | loss 0.0471 | lr 0.01524
epoch  100/200 | loss 0.0474 | lr 0.01500
epoch  101/200 | loss 0.0455 | lr 0.01476 <-- BEST (epoch 101, loss 0.0455)
epoch  102/200 | loss 0.0484 | lr 0.01453
epoch  103/200 | loss 0.0473 | lr 0.01429
epoch  104/200 | loss 0.0444 | lr 0.01406 <-- BEST (epoch 104, loss 0.0444)
epoch  105/200 | loss 0.0472 | lr 0.01382
epoch  106/200 | loss 0.0448 | lr 0.01359
epoch  107/200 | loss 0.0455 | lr 0.01335
epoch  108/200 | loss 0.0462 | lr 0.01312
epoch  109/200 | loss 0.0446 | lr 0.01289
epoch  110/200 | loss 0.0444 | lr 0.01265
epoch  111/200 | loss 0.0436 | lr 0.01242 <-- BEST (epoch 111, loss 0.0436)
epoch  112/200 | loss 0.0427 | lr 0.01219 <-- BEST (epoch 112, loss 0.0427)
epoch  113/200 | loss 0.0433 | lr 0.01196
epoch  114/200 | loss 0.0440 | lr 0.01173
epoch  115/200 | loss 0.0427 | lr 0.01150 <-- BEST (epoch 115, loss 0.0427)
epoch  116/200 | loss 0.0426 | lr 0.01127 <-- BEST (epoch 116, loss 0.0426)
epoch  117/200 | loss 0.0417 | lr 0.01104 <-- BEST (epoch 117, loss 0.0417)
epoch  118/200 | loss 0.0444 | lr 0.01082
epoch  119/200 | loss 0.0416 | lr 0.01059 <-- BEST (epoch 119, loss 0.0416)
epoch  120/200 | loss 0.0409 | lr 0.01036 <-- BEST (epoch 120, loss 0.0409)
epoch  121/200 | loss 0.0412 | lr 0.01014
epoch  122/200 | loss 0.0413 | lr 0.00992
epoch  123/200 | loss 0.0422 | lr 0.00970
epoch  124/200 | loss 0.0423 | lr 0.00948
epoch  125/200 | loss 0.0396 | lr 0.00926 <-- BEST (epoch 125, loss 0.0396)
epoch  126/200 | loss 0.0387 | lr 0.00904 <-- BEST (epoch 126, loss 0.0387)
epoch  127/200 | loss 0.0395 | lr 0.00883
epoch  128/200 | loss 0.0405 | lr 0.00861
epoch  129/200 | loss 0.0406 | lr 0.00840
epoch  130/200 | loss 0.0391 | lr 0.00819
epoch  131/200 | loss 0.0391 | lr 0.00798
epoch  132/200 | loss 0.0393 | lr 0.00777
epoch  133/200 | loss 0.0380 | lr 0.00757 <-- BEST (epoch 133, loss 0.0380)
epoch  134/200 | loss 0.0375 | lr 0.00736 <-- BEST (epoch 134, loss 0.0375)
epoch  135/200 | loss 0.0371 | lr 0.00716 <-- BEST (epoch 135, loss 0.0371)
epoch  136/200 | loss 0.0387 | lr 0.00696
epoch  137/200 | loss 0.0366 | lr 0.00676 <-- BEST (epoch 137, loss 0.0366)
epoch  138/200 | loss 0.0376 | lr 0.00657
epoch  139/200 | loss 0.0371 | lr 0.00637
epoch  140/200 | loss 0.0364 | lr 0.00618 <-- BEST (epoch 140, loss 0.0364)
epoch  141/200 | loss 0.0371 | lr 0.00599
epoch  142/200 | loss 0.0365 | lr 0.00581
epoch  143/200 | loss 0.0359 | lr 0.00562 <-- BEST (epoch 143, loss 0.0359)
epoch  144/200 | loss 0.0347 | lr 0.00544 <-- BEST (epoch 144, loss 0.0347)
epoch  145/200 | loss 0.0369 | lr 0.00526
epoch  146/200 | loss 0.0352 | lr 0.00508
epoch  147/200 | loss 0.0365 | lr 0.00490
epoch  148/200 | loss 0.0356 | lr 0.00473
epoch  149/200 | loss 0.0352 | lr 0.00456
epoch  150/200 | loss 0.0353 | lr 0.00439
epoch  151/200 | loss 0.0345 | lr 0.00423 <-- BEST (epoch 151, loss 0.0345)
epoch  152/200 | loss 0.0349 | lr 0.00407
epoch  153/200 | loss 0.0363 | lr 0.00391
epoch  154/200 | loss 0.0333 | lr 0.00375 <-- BEST (epoch 154, loss 0.0333)
epoch  155/200 | loss 0.0350 | lr 0.00359
epoch  156/200 | loss 0.0344 | lr 0.00344
epoch  157/200 | loss 0.0341 | lr 0.00329
epoch  158/200 | loss 0.0334 | lr 0.00315
epoch  159/200 | loss 0.0334 | lr 0.00300
epoch  160/200 | loss 0.0339 | lr 0.00286
epoch  161/200 | loss 0.0332 | lr 0.00273 <-- BEST (epoch 161, loss 0.0332)
epoch  162/200 | loss 0.0342 | lr 0.00259
epoch  163/200 | loss 0.0323 | lr 0.00246 <-- BEST (epoch 163, loss 0.0323)
epoch  164/200 | loss 0.0337 | lr 0.00234
epoch  165/200 | loss 0.0325 | lr 0.00221
epoch  166/200 | loss 0.0321 | lr 0.00209 <-- BEST (epoch 166, loss 0.0321)
epoch  167/200 | loss 0.0332 | lr 0.00197
epoch  168/200 | loss 0.0343 | lr 0.00186
epoch  169/200 | loss 0.0328 | lr 0.00174
epoch  170/200 | loss 0.0312 | lr 0.00163 <-- BEST (epoch 170, loss 0.0312)
epoch  171/200 | loss 0.0327 | lr 0.00153
epoch  172/200 | loss 0.0330 | lr 0.00143
epoch  173/200 | loss 0.0328 | lr 0.00133
epoch  174/200 | loss 0.0327 | lr 0.00123
epoch  175/200 | loss 0.0316 | lr 0.00114
epoch  176/200 | loss 0.0309 | lr 0.00105 <-- BEST (epoch 176, loss 0.0309)
epoch  177/200 | loss 0.0320 | lr 0.00097
epoch  178/200 | loss 0.0328 | lr 0.00089
epoch  179/200 | loss 0.0326 | lr 0.00081
epoch  180/200 | loss 0.0322 | lr 0.00073
epoch  181/200 | loss 0.0313 | lr 0.00066
epoch  182/200 | loss 0.0323 | lr 0.00060
epoch  183/200 | loss 0.0308 | lr 0.00053 <-- BEST (epoch 183, loss 0.0308)
epoch  184/200 | loss 0.0322 | lr 0.00047
epoch  185/200 | loss 0.0322 | lr 0.00041
epoch  186/200 | loss 0.0329 | lr 0.00036
epoch  187/200 | loss 0.0322 | lr 0.00031
epoch  188/200 | loss 0.0306 | lr 0.00027 <-- BEST (epoch 188, loss 0.0306)
epoch  189/200 | loss 0.0325 | lr 0.00022
epoch  190/200 | loss 0.0314 | lr 0.00018
epoch  191/200 | loss 0.0313 | lr 0.00015
epoch  192/200 | loss 0.0317 | lr 0.00012
epoch  193/200 | loss 0.0318 | lr 0.00009
epoch  194/200 | loss 0.0315 | lr 0.00007
epoch  195/200 | loss 0.0313 | lr 0.00005
epoch  196/200 | loss 0.0309 | lr 0.00003
epoch  197/200 | loss 0.0313 | lr 0.00002
epoch  198/200 | loss 0.0325 | lr 0.00001
epoch  199/200 | loss 0.0317 | lr 0.00000
epoch  200/200 | loss 0.0316 | lr 0.00000
------------------------------------------------------------
[2026-05-29 10:20:30] Training finished
best epoch : 188
best loss  : 0.0306
