[2026-05-30 16:50:43] Training started
config: {
  "exp_name": "loss_simsiam",
  "arch": "resnet18",
  "cifar_stem": true,
  "pretrained": false,
  "epochs": 200,
  "batch_size": 256,
  "lr": 0.03,
  "weight_decay": 0.0001,
  "num_workers": 4,
  "save_freq": 50,
  "data_root": "./data/cifar10",
  "augmentation": "full",
  "aug_kwargs": {
    "image_size": 32,
    "s": 1.0,
    "gaussian_blur": false
  },
  "loss_type": "simsiam",
  "loss_kwargs": {
    "temperature": 0.07,
    "device": "cuda"
  },
  "proj_hidden_dim": 2048,
  "proj_output_dim": 128,
  "proj_num_layers": 2,
  "eval_batch_size": 256,
  "probe_epochs": 100,
  "save_dir": "./results/ablation_loss/loss_simsiam"
}
------------------------------------------------------------
epoch    1/200 | loss -0.9850 | lr 0.03000 <-- BEST (epoch 1, loss -0.9850)
epoch    2/200 | loss -0.9982 | lr 0.02999 <-- BEST (epoch 2, loss -0.9982)
epoch    3/200 | loss -0.9989 | lr 0.02998 <-- BEST (epoch 3, loss -0.9989)
epoch    4/200 | loss -0.9992 | lr 0.02997 <-- BEST (epoch 4, loss -0.9992)
epoch    5/200 | loss -0.9993 | lr 0.02995 <-- BEST (epoch 5, loss -0.9993)
epoch    6/200 | loss -0.9995 | lr 0.02993 <-- BEST (epoch 6, loss -0.9995)
epoch    7/200 | loss -0.9995 | lr 0.02991 <-- BEST (epoch 7, loss -0.9995)
epoch    8/200 | loss -0.9996 | lr 0.02988 <-- BEST (epoch 8, loss -0.9996)
epoch    9/200 | loss -0.9996 | lr 0.02985 <-- BEST (epoch 9, loss -0.9996)
epoch   10/200 | loss -0.9997 | lr 0.02982 <-- BEST (epoch 10, loss -0.9997)
epoch   11/200 | loss -0.9997 | lr 0.02978 <-- BEST (epoch 11, loss -0.9997)
epoch   12/200 | loss -0.9997 | lr 0.02973 <-- BEST (epoch 12, loss -0.9997)
epoch   13/200 | loss -0.9997 | lr 0.02969 <-- BEST (epoch 13, loss -0.9997)
epoch   14/200 | loss -0.9998 | lr 0.02964 <-- BEST (epoch 14, loss -0.9998)
epoch   15/200 | loss -0.9998 | lr 0.02959 <-- BEST (epoch 15, loss -0.9998)
epoch   16/200 | loss -0.9998 | lr 0.02953 <-- BEST (epoch 16, loss -0.9998)
epoch   17/200 | loss -0.9998 | lr 0.02947 <-- BEST (epoch 17, loss -0.9998)
epoch   18/200 | loss -0.9998 | lr 0.02940 <-- BEST (epoch 18, loss -0.9998)
epoch   19/200 | loss -0.9998 | lr 0.02934 <-- BEST (epoch 19, loss -0.9998)
epoch   20/200 | loss -0.9998 | lr 0.02927 <-- BEST (epoch 20, loss -0.9998)
epoch   21/200 | loss -0.9998 | lr 0.02919 <-- BEST (epoch 21, loss -0.9998)
epoch   22/200 | loss -0.9998 | lr 0.02911 <-- BEST (epoch 22, loss -0.9998)
epoch   23/200 | loss -0.9999 | lr 0.02903 <-- BEST (epoch 23, loss -0.9999)
epoch   24/200 | loss -0.9999 | lr 0.02895 <-- BEST (epoch 24, loss -0.9999)
epoch   25/200 | loss -0.9999 | lr 0.02886 <-- BEST (epoch 25, loss -0.9999)
epoch   26/200 | loss -0.9999 | lr 0.02877 <-- BEST (epoch 26, loss -0.9999)
epoch   27/200 | loss -0.9999 | lr 0.02867 <-- BEST (epoch 27, loss -0.9999)
epoch   28/200 | loss -0.9999 | lr 0.02857 <-- BEST (epoch 28, loss -0.9999)
epoch   29/200 | loss -0.9999 | lr 0.02847 <-- BEST (epoch 29, loss -0.9999)
epoch   30/200 | loss -0.9999 | lr 0.02837 <-- BEST (epoch 30, loss -0.9999)
epoch   31/200 | loss -0.9999 | lr 0.02826 <-- BEST (epoch 31, loss -0.9999)
epoch   32/200 | loss -0.9999 | lr 0.02814 <-- BEST (epoch 32, loss -0.9999)
epoch   33/200 | loss -0.9999 | lr 0.02803 <-- BEST (epoch 33, loss -0.9999)
epoch   34/200 | loss -0.9999 | lr 0.02791 <-- BEST (epoch 34, loss -0.9999)
epoch   35/200 | loss -0.9999 | lr 0.02779 <-- BEST (epoch 35, loss -0.9999)
epoch   36/200 | loss -0.9999 | lr 0.02766 <-- BEST (epoch 36, loss -0.9999)
epoch   37/200 | loss -0.9999 | lr 0.02754 <-- BEST (epoch 37, loss -0.9999)
epoch   38/200 | loss -0.9999 | lr 0.02741 <-- BEST (epoch 38, loss -0.9999)
epoch   39/200 | loss -0.9999 | lr 0.02727 <-- BEST (epoch 39, loss -0.9999)
epoch   40/200 | loss -0.9999 | lr 0.02714 <-- BEST (epoch 40, loss -0.9999)
epoch   41/200 | loss -0.9999 | lr 0.02700 <-- BEST (epoch 41, loss -0.9999)
epoch   42/200 | loss -0.9999 | lr 0.02685 <-- BEST (epoch 42, loss -0.9999)
epoch   43/200 | loss -0.9999 | lr 0.02671 <-- BEST (epoch 43, loss -0.9999)
epoch   44/200 | loss -0.9999 | lr 0.02656 <-- BEST (epoch 44, loss -0.9999)
epoch   45/200 | loss -0.9999 | lr 0.02641 <-- BEST (epoch 45, loss -0.9999)
epoch   46/200 | loss -0.9999 | lr 0.02625 <-- BEST (epoch 46, loss -0.9999)
epoch   47/200 | loss -0.9999 | lr 0.02609 <-- BEST (epoch 47, loss -0.9999)
epoch   48/200 | loss -0.9999 | lr 0.02593 <-- BEST (epoch 48, loss -0.9999)
epoch   49/200 | loss -0.9999 | lr 0.02577 <-- BEST (epoch 49, loss -0.9999)
epoch   50/200 | loss -0.9999 | lr 0.02561 <-- BEST (epoch 50, loss -0.9999)
epoch   51/200 | loss -0.9999 | lr 0.02544 <-- BEST (epoch 51, loss -0.9999)
epoch   52/200 | loss -0.9999 | lr 0.02527 <-- BEST (epoch 52, loss -0.9999)
epoch   53/200 | loss -0.9999 | lr 0.02510 <-- BEST (epoch 53, loss -0.9999)
epoch   54/200 | loss -0.9999 | lr 0.02492 <-- BEST (epoch 54, loss -0.9999)
epoch   55/200 | loss -0.9999 | lr 0.02474 <-- BEST (epoch 55, loss -0.9999)
epoch   56/200 | loss -0.9999 | lr 0.02456 <-- BEST (epoch 56, loss -0.9999)
epoch   57/200 | loss -0.9999 | lr 0.02438 <-- BEST (epoch 57, loss -0.9999)
epoch   58/200 | loss -0.9999 | lr 0.02419 <-- BEST (epoch 58, loss -0.9999)
epoch   59/200 | loss -0.9999 | lr 0.02401 <-- BEST (epoch 59, loss -0.9999)
epoch   60/200 | loss -0.9999 | lr 0.02382 <-- BEST (epoch 60, loss -0.9999)
epoch   61/200 | loss -0.9999 | lr 0.02363 <-- BEST (epoch 61, loss -0.9999)
epoch   62/200 | loss -0.9999 | lr 0.02343 <-- BEST (epoch 62, loss -0.9999)
epoch   63/200 | loss -0.9999 | lr 0.02324 <-- BEST (epoch 63, loss -0.9999)
epoch   64/200 | loss -1.0000 | lr 0.02304 <-- BEST (epoch 64, loss -1.0000)
epoch   65/200 | loss -1.0000 | lr 0.02284 <-- BEST (epoch 65, loss -1.0000)
epoch   66/200 | loss -1.0000 | lr 0.02264 <-- BEST (epoch 66, loss -1.0000)
epoch   67/200 | loss -1.0000 | lr 0.02243 <-- BEST (epoch 67, loss -1.0000)
epoch   68/200 | loss -1.0000 | lr 0.02223 <-- BEST (epoch 68, loss -1.0000)
epoch   69/200 | loss -1.0000 | lr 0.02202 <-- BEST (epoch 69, loss -1.0000)
epoch   70/200 | loss -1.0000 | lr 0.02181 <-- BEST (epoch 70, loss -1.0000)
epoch   71/200 | loss -1.0000 | lr 0.02160 <-- BEST (epoch 71, loss -1.0000)
epoch   72/200 | loss -1.0000 | lr 0.02139 <-- BEST (epoch 72, loss -1.0000)
epoch   73/200 | loss -1.0000 | lr 0.02117 <-- BEST (epoch 73, loss -1.0000)
epoch   74/200 | loss -1.0000 | lr 0.02096 <-- BEST (epoch 74, loss -1.0000)
epoch   75/200 | loss -1.0000 | lr 0.02074 <-- BEST (epoch 75, loss -1.0000)
epoch   76/200 | loss -1.0000 | lr 0.02052 <-- BEST (epoch 76, loss -1.0000)
epoch   77/200 | loss -1.0000 | lr 0.02030 <-- BEST (epoch 77, loss -1.0000)
epoch   78/200 | loss -1.0000 | lr 0.02008 <-- BEST (epoch 78, loss -1.0000)
epoch   79/200 | loss -1.0000 | lr 0.01986 <-- BEST (epoch 79, loss -1.0000)
epoch   80/200 | loss -1.0000 | lr 0.01964 <-- BEST (epoch 80, loss -1.0000)
epoch   81/200 | loss -1.0000 | lr 0.01941 <-- BEST (epoch 81, loss -1.0000)
epoch   82/200 | loss -1.0000 | lr 0.01918 <-- BEST (epoch 82, loss -1.0000)
epoch   83/200 | loss -1.0000 | lr 0.01896 <-- BEST (epoch 83, loss -1.0000)
epoch   84/200 | loss -1.0000 | lr 0.01873 <-- BEST (epoch 84, loss -1.0000)
epoch   85/200 | loss -1.0000 | lr 0.01850
epoch   86/200 | loss -1.0000 | lr 0.01827 <-- BEST (epoch 86, loss -1.0000)
epoch   87/200 | loss -1.0000 | lr 0.01804 <-- BEST (epoch 87, loss -1.0000)
epoch   88/200 | loss -1.0000 | lr 0.01781 <-- BEST (epoch 88, loss -1.0000)
epoch   89/200 | loss -1.0000 | lr 0.01758 <-- BEST (epoch 89, loss -1.0000)
epoch   90/200 | loss -1.0000 | lr 0.01735 <-- BEST (epoch 90, loss -1.0000)
epoch   91/200 | loss -1.0000 | lr 0.01711 <-- BEST (epoch 91, loss -1.0000)
epoch   92/200 | loss -1.0000 | lr 0.01688
epoch   93/200 | loss -1.0000 | lr 0.01665 <-- BEST (epoch 93, loss -1.0000)
epoch   94/200 | loss -1.0000 | lr 0.01641 <-- BEST (epoch 94, loss -1.0000)
epoch   95/200 | loss -1.0000 | lr 0.01618 <-- BEST (epoch 95, loss -1.0000)
epoch   96/200 | loss -1.0000 | lr 0.01594 <-- BEST (epoch 96, loss -1.0000)
epoch   97/200 | loss -1.0000 | lr 0.01571 <-- BEST (epoch 97, loss -1.0000)
epoch   98/200 | loss -1.0000 | lr 0.01547 <-- BEST (epoch 98, loss -1.0000)
epoch   99/200 | loss -1.0000 | lr 0.01524 <-- BEST (epoch 99, loss -1.0000)
epoch  100/200 | loss -1.0000 | lr 0.01500 <-- BEST (epoch 100, loss -1.0000)
epoch  101/200 | loss -1.0000 | lr 0.01476 <-- BEST (epoch 101, loss -1.0000)
epoch  102/200 | loss -1.0000 | lr 0.01453 <-- BEST (epoch 102, loss -1.0000)
epoch  103/200 | loss -1.0000 | lr 0.01429 <-- BEST (epoch 103, loss -1.0000)
epoch  104/200 | loss -1.0000 | lr 0.01406 <-- BEST (epoch 104, loss -1.0000)
epoch  105/200 | loss -1.0000 | lr 0.01382 <-- BEST (epoch 105, loss -1.0000)
epoch  106/200 | loss -1.0000 | lr 0.01359 <-- BEST (epoch 106, loss -1.0000)
epoch  107/200 | loss -1.0000 | lr 0.01335 <-- BEST (epoch 107, loss -1.0000)
epoch  108/200 | loss -1.0000 | lr 0.01312 <-- BEST (epoch 108, loss -1.0000)
epoch  109/200 | loss -1.0000 | lr 0.01289
epoch  110/200 | loss -1.0000 | lr 0.01265 <-- BEST (epoch 110, loss -1.0000)
epoch  111/200 | loss -1.0000 | lr 0.01242 <-- BEST (epoch 111, loss -1.0000)
epoch  112/200 | loss -1.0000 | lr 0.01219 <-- BEST (epoch 112, loss -1.0000)
epoch  113/200 | loss -1.0000 | lr 0.01196 <-- BEST (epoch 113, loss -1.0000)
epoch  114/200 | loss -1.0000 | lr 0.01173 <-- BEST (epoch 114, loss -1.0000)
epoch  115/200 | loss -1.0000 | lr 0.01150 <-- BEST (epoch 115, loss -1.0000)
epoch  116/200 | loss -1.0000 | lr 0.01127 <-- BEST (epoch 116, loss -1.0000)
epoch  117/200 | loss -1.0000 | lr 0.01104 <-- BEST (epoch 117, loss -1.0000)
epoch  118/200 | loss -1.0000 | lr 0.01082 <-- BEST (epoch 118, loss -1.0000)
epoch  119/200 | loss -1.0000 | lr 0.01059 <-- BEST (epoch 119, loss -1.0000)
epoch  120/200 | loss -1.0000 | lr 0.01036
epoch  121/200 | loss -1.0000 | lr 0.01014
epoch  122/200 | loss -1.0000 | lr 0.00992 <-- BEST (epoch 122, loss -1.0000)
epoch  123/200 | loss -1.0000 | lr 0.00970 <-- BEST (epoch 123, loss -1.0000)
epoch  124/200 | loss -1.0000 | lr 0.00948
epoch  125/200 | loss -1.0000 | lr 0.00926 <-- BEST (epoch 125, loss -1.0000)
epoch  126/200 | loss -1.0000 | lr 0.00904
epoch  127/200 | loss -1.0000 | lr 0.00883 <-- BEST (epoch 127, loss -1.0000)
epoch  128/200 | loss -1.0000 | lr 0.00861 <-- BEST (epoch 128, loss -1.0000)
epoch  129/200 | loss -1.0000 | lr 0.00840 <-- BEST (epoch 129, loss -1.0000)
epoch  130/200 | loss -1.0000 | lr 0.00819
epoch  131/200 | loss -1.0000 | lr 0.00798 <-- BEST (epoch 131, loss -1.0000)
epoch  132/200 | loss -1.0000 | lr 0.00777
epoch  133/200 | loss -1.0000 | lr 0.00757
epoch  134/200 | loss -1.0000 | lr 0.00736
epoch  135/200 | loss -1.0000 | lr 0.00716 <-- BEST (epoch 135, loss -1.0000)
epoch  136/200 | loss -1.0000 | lr 0.00696 <-- BEST (epoch 136, loss -1.0000)
epoch  137/200 | loss -1.0000 | lr 0.00676
epoch  138/200 | loss -1.0000 | lr 0.00657
epoch  139/200 | loss -1.0000 | lr 0.00637 <-- BEST (epoch 139, loss -1.0000)
epoch  140/200 | loss -1.0000 | lr 0.00618
epoch  141/200 | loss -1.0000 | lr 0.00599
epoch  142/200 | loss -1.0000 | lr 0.00581 <-- BEST (epoch 142, loss -1.0000)
epoch  143/200 | loss -1.0000 | lr 0.00562
epoch  144/200 | loss -1.0000 | lr 0.00544 <-- BEST (epoch 144, loss -1.0000)
epoch  145/200 | loss -1.0000 | lr 0.00526 <-- BEST (epoch 145, loss -1.0000)
epoch  146/200 | loss -1.0000 | lr 0.00508
epoch  147/200 | loss -1.0000 | lr 0.00490
epoch  148/200 | loss -1.0000 | lr 0.00473 <-- BEST (epoch 148, loss -1.0000)
epoch  149/200 | loss -1.0000 | lr 0.00456
epoch  150/200 | loss -1.0000 | lr 0.00439
epoch  151/200 | loss -1.0000 | lr 0.00423 <-- BEST (epoch 151, loss -1.0000)
epoch  152/200 | loss -1.0000 | lr 0.00407
epoch  153/200 | loss -1.0000 | lr 0.00391 <-- BEST (epoch 153, loss -1.0000)
epoch  154/200 | loss -1.0000 | lr 0.00375
epoch  155/200 | loss -1.0000 | lr 0.00359
epoch  156/200 | loss -1.0000 | lr 0.00344
epoch  157/200 | loss -1.0000 | lr 0.00329
epoch  158/200 | loss -1.0000 | lr 0.00315
epoch  159/200 | loss -1.0000 | lr 0.00300
epoch  160/200 | loss -1.0000 | lr 0.00286 <-- BEST (epoch 160, loss -1.0000)
epoch  161/200 | loss -1.0000 | lr 0.00273
epoch  162/200 | loss -1.0000 | lr 0.00259 <-- BEST (epoch 162, loss -1.0000)
epoch  163/200 | loss -1.0000 | lr 0.00246
epoch  164/200 | loss -1.0000 | lr 0.00234
epoch  165/200 | loss -1.0000 | lr 0.00221
epoch  166/200 | loss -1.0000 | lr 0.00209
epoch  167/200 | loss -1.0000 | lr 0.00197 <-- BEST (epoch 167, loss -1.0000)
epoch  168/200 | loss -1.0000 | lr 0.00186
epoch  169/200 | loss -1.0000 | lr 0.00174
epoch  170/200 | loss -1.0000 | lr 0.00163
epoch  171/200 | loss -1.0000 | lr 0.00153
epoch  172/200 | loss -1.0000 | lr 0.00143 <-- BEST (epoch 172, loss -1.0000)
epoch  173/200 | loss -1.0000 | lr 0.00133
epoch  174/200 | loss -1.0000 | lr 0.00123
epoch  175/200 | loss -1.0000 | lr 0.00114
epoch  176/200 | loss -1.0000 | lr 0.00105 <-- BEST (epoch 176, loss -1.0000)
epoch  177/200 | loss -1.0000 | lr 0.00097
epoch  178/200 | loss -1.0000 | lr 0.00089
epoch  179/200 | loss -1.0000 | lr 0.00081
epoch  180/200 | loss -1.0000 | lr 0.00073
epoch  181/200 | loss -1.0000 | lr 0.00066
epoch  182/200 | loss -1.0000 | lr 0.00060
epoch  183/200 | loss -1.0000 | lr 0.00053
epoch  184/200 | loss -1.0000 | lr 0.00047
epoch  185/200 | loss -1.0000 | lr 0.00041
epoch  186/200 | loss -1.0000 | lr 0.00036
epoch  187/200 | loss -1.0000 | lr 0.00031
epoch  188/200 | loss -1.0000 | lr 0.00027
epoch  189/200 | loss -1.0000 | lr 0.00022
epoch  190/200 | loss -1.0000 | lr 0.00018
epoch  191/200 | loss -1.0000 | lr 0.00015
epoch  192/200 | loss -1.0000 | lr 0.00012
epoch  193/200 | loss -1.0000 | lr 0.00009
epoch  194/200 | loss -1.0000 | lr 0.00007
epoch  195/200 | loss -1.0000 | lr 0.00005
epoch  196/200 | loss -1.0000 | lr 0.00003
epoch  197/200 | loss -1.0000 | lr 0.00002
epoch  198/200 | loss -1.0000 | lr 0.00001
epoch  199/200 | loss -1.0000 | lr 0.00000
epoch  200/200 | loss -1.0000 | lr 0.00000 <-- BEST (epoch 200, loss -1.0000)
------------------------------------------------------------
[2026-05-30 18:09:46] Training finished
best epoch : 200
best loss  : -1.0000
