[2026-05-29 11:40:44] Training started
config: {
  "exp_name": "aug_crop_color",
  "arch": "resnet18",
  "cifar_stem": true,
  "pretrained": false,
  "epochs": 200,
  "batch_size": 256,
  "lr": 0.03,
  "weight_decay": 0.0001,
  "num_workers": 4,
  "save_freq": 50,
  "data_root": "./data/cifar10",
  "augmentation": "ablation",
  "aug_kwargs": {
    "image_size": 32,
    "s": 1.0,
    "gaussian_blur": false,
    "use_crop": true,
    "use_color": true,
    "use_grayscale": false,
    "use_blur": false
  },
  "loss_type": "nt_xent",
  "loss_kwargs": {
    "temperature": 0.07,
    "device": "cuda"
  },
  "proj_hidden_dim": 2048,
  "proj_output_dim": 128,
  "proj_num_layers": 2,
  "eval_batch_size": 256,
  "probe_epochs": 100,
  "save_dir": "./results/ablation_augmentation/aug_crop_color"
}
------------------------------------------------------------
epoch    1/200 | loss 5.7313 | lr 0.03000 <-- BEST (epoch 1, loss 5.7313)
epoch    2/200 | loss 5.2569 | lr 0.02999 <-- BEST (epoch 2, loss 5.2569)
epoch    3/200 | loss 4.5539 | lr 0.02998 <-- BEST (epoch 3, loss 4.5539)
epoch    4/200 | loss 3.7297 | lr 0.02997 <-- BEST (epoch 4, loss 3.7297)
epoch    5/200 | loss 3.0314 | lr 0.02995 <-- BEST (epoch 5, loss 3.0314)
epoch    6/200 | loss 2.4636 | lr 0.02993 <-- BEST (epoch 6, loss 2.4636)
epoch    7/200 | loss 2.0433 | lr 0.02991 <-- BEST (epoch 7, loss 2.0433)
epoch    8/200 | loss 1.7457 | lr 0.02988 <-- BEST (epoch 8, loss 1.7457)
epoch    9/200 | loss 1.5382 | lr 0.02985 <-- BEST (epoch 9, loss 1.5382)
epoch   10/200 | loss 1.3839 | lr 0.02982 <-- BEST (epoch 10, loss 1.3839)
epoch   11/200 | loss 1.2437 | lr 0.02978 <-- BEST (epoch 11, loss 1.2437)
epoch   12/200 | loss 1.1415 | lr 0.02973 <-- BEST (epoch 12, loss 1.1415)
epoch   13/200 | loss 1.0941 | lr 0.02969 <-- BEST (epoch 13, loss 1.0941)
epoch   14/200 | loss 1.0139 | lr 0.02964 <-- BEST (epoch 14, loss 1.0139)
epoch   15/200 | loss 0.9575 | lr 0.02959 <-- BEST (epoch 15, loss 0.9575)
epoch   16/200 | loss 0.9189 | lr 0.02953 <-- BEST (epoch 16, loss 0.9189)
epoch   17/200 | loss 0.8730 | lr 0.02947 <-- BEST (epoch 17, loss 0.8730)
epoch   18/200 | loss 0.8209 | lr 0.02940 <-- BEST (epoch 18, loss 0.8209)
epoch   19/200 | loss 0.7949 | lr 0.02934 <-- BEST (epoch 19, loss 0.7949)
epoch   20/200 | loss 0.7691 | lr 0.02927 <-- BEST (epoch 20, loss 0.7691)
epoch   21/200 | loss 0.7457 | lr 0.02919 <-- BEST (epoch 21, loss 0.7457)
epoch   22/200 | loss 0.7096 | lr 0.02911 <-- BEST (epoch 22, loss 0.7096)
epoch   23/200 | loss 0.6890 | lr 0.02903 <-- BEST (epoch 23, loss 0.6890)
epoch   24/200 | loss 0.6767 | lr 0.02895 <-- BEST (epoch 24, loss 0.6767)
epoch   25/200 | loss 0.6464 | lr 0.02886 <-- BEST (epoch 25, loss 0.6464)
epoch   26/200 | loss 0.6442 | lr 0.02877 <-- BEST (epoch 26, loss 0.6442)
epoch   27/200 | loss 0.6246 | lr 0.02867 <-- BEST (epoch 27, loss 0.6246)
epoch   28/200 | loss 0.5925 | lr 0.02857 <-- BEST (epoch 28, loss 0.5925)
epoch   29/200 | loss 0.5829 | lr 0.02847 <-- BEST (epoch 29, loss 0.5829)
epoch   30/200 | loss 0.5769 | lr 0.02837 <-- BEST (epoch 30, loss 0.5769)
epoch   31/200 | loss 0.5564 | lr 0.02826 <-- BEST (epoch 31, loss 0.5564)
epoch   32/200 | loss 0.5483 | lr 0.02814 <-- BEST (epoch 32, loss 0.5483)
epoch   33/200 | loss 0.5358 | lr 0.02803 <-- BEST (epoch 33, loss 0.5358)
epoch   34/200 | loss 0.5289 | lr 0.02791 <-- BEST (epoch 34, loss 0.5289)
epoch   35/200 | loss 0.5116 | lr 0.02779 <-- BEST (epoch 35, loss 0.5116)
epoch   36/200 | loss 0.5063 | lr 0.02766 <-- BEST (epoch 36, loss 0.5063)
epoch   37/200 | loss 0.4987 | lr 0.02754 <-- BEST (epoch 37, loss 0.4987)
epoch   38/200 | loss 0.4893 | lr 0.02741 <-- BEST (epoch 38, loss 0.4893)
epoch   39/200 | loss 0.4769 | lr 0.02727 <-- BEST (epoch 39, loss 0.4769)
epoch   40/200 | loss 0.4709 | lr 0.02714 <-- BEST (epoch 40, loss 0.4709)
epoch   41/200 | loss 0.4652 | lr 0.02700 <-- BEST (epoch 41, loss 0.4652)
epoch   42/200 | loss 0.4675 | lr 0.02685
epoch   43/200 | loss 0.4498 | lr 0.02671 <-- BEST (epoch 43, loss 0.4498)
epoch   44/200 | loss 0.4441 | lr 0.02656 <-- BEST (epoch 44, loss 0.4441)
epoch   45/200 | loss 0.4424 | lr 0.02641 <-- BEST (epoch 45, loss 0.4424)
epoch   46/200 | loss 0.4408 | lr 0.02625 <-- BEST (epoch 46, loss 0.4408)
epoch   47/200 | loss 0.4352 | lr 0.02609 <-- BEST (epoch 47, loss 0.4352)
epoch   48/200 | loss 0.4170 | lr 0.02593 <-- BEST (epoch 48, loss 0.4170)
epoch   49/200 | loss 0.4149 | lr 0.02577 <-- BEST (epoch 49, loss 0.4149)
epoch   50/200 | loss 0.4145 | lr 0.02561 <-- BEST (epoch 50, loss 0.4145)
epoch   51/200 | loss 0.4023 | lr 0.02544 <-- BEST (epoch 51, loss 0.4023)
epoch   52/200 | loss 0.4082 | lr 0.02527
epoch   53/200 | loss 0.3947 | lr 0.02510 <-- BEST (epoch 53, loss 0.3947)
epoch   54/200 | loss 0.3933 | lr 0.02492 <-- BEST (epoch 54, loss 0.3933)
epoch   55/200 | loss 0.3907 | lr 0.02474 <-- BEST (epoch 55, loss 0.3907)
epoch   56/200 | loss 0.3821 | lr 0.02456 <-- BEST (epoch 56, loss 0.3821)
epoch   57/200 | loss 0.3805 | lr 0.02438 <-- BEST (epoch 57, loss 0.3805)
epoch   58/200 | loss 0.3730 | lr 0.02419 <-- BEST (epoch 58, loss 0.3730)
epoch   59/200 | loss 0.3733 | lr 0.02401
epoch   60/200 | loss 0.3624 | lr 0.02382 <-- BEST (epoch 60, loss 0.3624)
epoch   61/200 | loss 0.3615 | lr 0.02363 <-- BEST (epoch 61, loss 0.3615)
epoch   62/200 | loss 0.3649 | lr 0.02343
epoch   63/200 | loss 0.3523 | lr 0.02324 <-- BEST (epoch 63, loss 0.3523)
epoch   64/200 | loss 0.3558 | lr 0.02304
epoch   65/200 | loss 0.3600 | lr 0.02284
epoch   66/200 | loss 0.3457 | lr 0.02264 <-- BEST (epoch 66, loss 0.3457)
epoch   67/200 | loss 0.3441 | lr 0.02243 <-- BEST (epoch 67, loss 0.3441)
epoch   68/200 | loss 0.3446 | lr 0.02223
epoch   69/200 | loss 0.3379 | lr 0.02202 <-- BEST (epoch 69, loss 0.3379)
epoch   70/200 | loss 0.3346 | lr 0.02181 <-- BEST (epoch 70, loss 0.3346)
epoch   71/200 | loss 0.3321 | lr 0.02160 <-- BEST (epoch 71, loss 0.3321)
epoch   72/200 | loss 0.3275 | lr 0.02139 <-- BEST (epoch 72, loss 0.3275)
epoch   73/200 | loss 0.3285 | lr 0.02117
epoch   74/200 | loss 0.3285 | lr 0.02096
epoch   75/200 | loss 0.3237 | lr 0.02074 <-- BEST (epoch 75, loss 0.3237)
epoch   76/200 | loss 0.3119 | lr 0.02052 <-- BEST (epoch 76, loss 0.3119)
epoch   77/200 | loss 0.3129 | lr 0.02030
epoch   78/200 | loss 0.3111 | lr 0.02008 <-- BEST (epoch 78, loss 0.3111)
epoch   79/200 | loss 0.3110 | lr 0.01986 <-- BEST (epoch 79, loss 0.3110)
epoch   80/200 | loss 0.3090 | lr 0.01964 <-- BEST (epoch 80, loss 0.3090)
epoch   81/200 | loss 0.2988 | lr 0.01941 <-- BEST (epoch 81, loss 0.2988)
epoch   82/200 | loss 0.3000 | lr 0.01918
epoch   83/200 | loss 0.3034 | lr 0.01896
epoch   84/200 | loss 0.2893 | lr 0.01873 <-- BEST (epoch 84, loss 0.2893)
epoch   85/200 | loss 0.2923 | lr 0.01850
epoch   86/200 | loss 0.2934 | lr 0.01827
epoch   87/200 | loss 0.2909 | lr 0.01804
epoch   88/200 | loss 0.2892 | lr 0.01781 <-- BEST (epoch 88, loss 0.2892)
epoch   89/200 | loss 0.2819 | lr 0.01758 <-- BEST (epoch 89, loss 0.2819)
epoch   90/200 | loss 0.2844 | lr 0.01735
epoch   91/200 | loss 0.2787 | lr 0.01711 <-- BEST (epoch 91, loss 0.2787)
epoch   92/200 | loss 0.2806 | lr 0.01688
epoch   93/200 | loss 0.2762 | lr 0.01665 <-- BEST (epoch 93, loss 0.2762)
epoch   94/200 | loss 0.2687 | lr 0.01641 <-- BEST (epoch 94, loss 0.2687)
epoch   95/200 | loss 0.2760 | lr 0.01618
epoch   96/200 | loss 0.2749 | lr 0.01594
epoch   97/200 | loss 0.2683 | lr 0.01571 <-- BEST (epoch 97, loss 0.2683)
epoch   98/200 | loss 0.2655 | lr 0.01547 <-- BEST (epoch 98, loss 0.2655)
epoch   99/200 | loss 0.2621 | lr 0.01524 <-- BEST (epoch 99, loss 0.2621)
epoch  100/200 | loss 0.2642 | lr 0.01500
epoch  101/200 | loss 0.2571 | lr 0.01476 <-- BEST (epoch 101, loss 0.2571)
epoch  102/200 | loss 0.2602 | lr 0.01453
epoch  103/200 | loss 0.2568 | lr 0.01429 <-- BEST (epoch 103, loss 0.2568)
epoch  104/200 | loss 0.2560 | lr 0.01406 <-- BEST (epoch 104, loss 0.2560)
epoch  105/200 | loss 0.2562 | lr 0.01382
epoch  106/200 | loss 0.2498 | lr 0.01359 <-- BEST (epoch 106, loss 0.2498)
epoch  107/200 | loss 0.2440 | lr 0.01335 <-- BEST (epoch 107, loss 0.2440)
epoch  108/200 | loss 0.2489 | lr 0.01312
epoch  109/200 | loss 0.2486 | lr 0.01289
epoch  110/200 | loss 0.2479 | lr 0.01265
epoch  111/200 | loss 0.2439 | lr 0.01242 <-- BEST (epoch 111, loss 0.2439)
epoch  112/200 | loss 0.2384 | lr 0.01219 <-- BEST (epoch 112, loss 0.2384)
epoch  113/200 | loss 0.2412 | lr 0.01196
epoch  114/200 | loss 0.2372 | lr 0.01173 <-- BEST (epoch 114, loss 0.2372)
epoch  115/200 | loss 0.2345 | lr 0.01150 <-- BEST (epoch 115, loss 0.2345)
epoch  116/200 | loss 0.2375 | lr 0.01127
epoch  117/200 | loss 0.2350 | lr 0.01104
epoch  118/200 | loss 0.2407 | lr 0.01082
epoch  119/200 | loss 0.2327 | lr 0.01059 <-- BEST (epoch 119, loss 0.2327)
epoch  120/200 | loss 0.2359 | lr 0.01036
epoch  121/200 | loss 0.2296 | lr 0.01014 <-- BEST (epoch 121, loss 0.2296)
epoch  122/200 | loss 0.2302 | lr 0.00992
epoch  123/200 | loss 0.2248 | lr 0.00970 <-- BEST (epoch 123, loss 0.2248)
epoch  124/200 | loss 0.2246 | lr 0.00948 <-- BEST (epoch 124, loss 0.2246)
epoch  125/200 | loss 0.2250 | lr 0.00926
epoch  126/200 | loss 0.2243 | lr 0.00904 <-- BEST (epoch 126, loss 0.2243)
epoch  127/200 | loss 0.2216 | lr 0.00883 <-- BEST (epoch 127, loss 0.2216)
epoch  128/200 | loss 0.2193 | lr 0.00861 <-- BEST (epoch 128, loss 0.2193)
epoch  129/200 | loss 0.2204 | lr 0.00840
epoch  130/200 | loss 0.2180 | lr 0.00819 <-- BEST (epoch 130, loss 0.2180)
epoch  131/200 | loss 0.2132 | lr 0.00798 <-- BEST (epoch 131, loss 0.2132)
epoch  132/200 | loss 0.2151 | lr 0.00777
epoch  133/200 | loss 0.2116 | lr 0.00757 <-- BEST (epoch 133, loss 0.2116)
epoch  134/200 | loss 0.2133 | lr 0.00736
epoch  135/200 | loss 0.2061 | lr 0.00716 <-- BEST (epoch 135, loss 0.2061)
epoch  136/200 | loss 0.2080 | lr 0.00696
epoch  137/200 | loss 0.2083 | lr 0.00676
epoch  138/200 | loss 0.2067 | lr 0.00657
epoch  139/200 | loss 0.2075 | lr 0.00637
epoch  140/200 | loss 0.2104 | lr 0.00618
epoch  141/200 | loss 0.2029 | lr 0.00599 <-- BEST (epoch 141, loss 0.2029)
epoch  142/200 | loss 0.2017 | lr 0.00581 <-- BEST (epoch 142, loss 0.2017)
epoch  143/200 | loss 0.2006 | lr 0.00562 <-- BEST (epoch 143, loss 0.2006)
epoch  144/200 | loss 0.1963 | lr 0.00544 <-- BEST (epoch 144, loss 0.1963)
epoch  145/200 | loss 0.1975 | lr 0.00526
epoch  146/200 | loss 0.1980 | lr 0.00508
epoch  147/200 | loss 0.2057 | lr 0.00490
epoch  148/200 | loss 0.2010 | lr 0.00473
epoch  149/200 | loss 0.1996 | lr 0.00456
epoch  150/200 | loss 0.1974 | lr 0.00439
epoch  151/200 | loss 0.1926 | lr 0.00423 <-- BEST (epoch 151, loss 0.1926)
epoch  152/200 | loss 0.1920 | lr 0.00407 <-- BEST (epoch 152, loss 0.1920)
epoch  153/200 | loss 0.1917 | lr 0.00391 <-- BEST (epoch 153, loss 0.1917)
epoch  154/200 | loss 0.1921 | lr 0.00375
epoch  155/200 | loss 0.1928 | lr 0.00359
epoch  156/200 | loss 0.1873 | lr 0.00344 <-- BEST (epoch 156, loss 0.1873)
epoch  157/200 | loss 0.1943 | lr 0.00329
epoch  158/200 | loss 0.1855 | lr 0.00315 <-- BEST (epoch 158, loss 0.1855)
epoch  159/200 | loss 0.1877 | lr 0.00300
epoch  160/200 | loss 0.1882 | lr 0.00286
epoch  161/200 | loss 0.1926 | lr 0.00273
epoch  162/200 | loss 0.1885 | lr 0.00259
epoch  163/200 | loss 0.1900 | lr 0.00246
epoch  164/200 | loss 0.1838 | lr 0.00234 <-- BEST (epoch 164, loss 0.1838)
epoch  165/200 | loss 0.1858 | lr 0.00221
epoch  166/200 | loss 0.1847 | lr 0.00209
epoch  167/200 | loss 0.1863 | lr 0.00197
epoch  168/200 | loss 0.1825 | lr 0.00186 <-- BEST (epoch 168, loss 0.1825)
epoch  169/200 | loss 0.1850 | lr 0.00174
epoch  170/200 | loss 0.1865 | lr 0.00163
epoch  171/200 | loss 0.1843 | lr 0.00153
epoch  172/200 | loss 0.1811 | lr 0.00143 <-- BEST (epoch 172, loss 0.1811)
epoch  173/200 | loss 0.1814 | lr 0.00133
epoch  174/200 | loss 0.1803 | lr 0.00123 <-- BEST (epoch 174, loss 0.1803)
epoch  175/200 | loss 0.1833 | lr 0.00114
epoch  176/200 | loss 0.1775 | lr 0.00105 <-- BEST (epoch 176, loss 0.1775)
epoch  177/200 | loss 0.1797 | lr 0.00097
epoch  178/200 | loss 0.1829 | lr 0.00089
epoch  179/200 | loss 0.1787 | lr 0.00081
epoch  180/200 | loss 0.1743 | lr 0.00073 <-- BEST (epoch 180, loss 0.1743)
epoch  181/200 | loss 0.1746 | lr 0.00066
epoch  182/200 | loss 0.1799 | lr 0.00060
epoch  183/200 | loss 0.1803 | lr 0.00053
epoch  184/200 | loss 0.1819 | lr 0.00047
epoch  185/200 | loss 0.1778 | lr 0.00041
epoch  186/200 | loss 0.1745 | lr 0.00036
epoch  187/200 | loss 0.1736 | lr 0.00031 <-- BEST (epoch 187, loss 0.1736)
epoch  188/200 | loss 0.1723 | lr 0.00027 <-- BEST (epoch 188, loss 0.1723)
epoch  189/200 | loss 0.1796 | lr 0.00022
epoch  190/200 | loss 0.1773 | lr 0.00018
epoch  191/200 | loss 0.1764 | lr 0.00015
epoch  192/200 | loss 0.1755 | lr 0.00012
epoch  193/200 | loss 0.1750 | lr 0.00009
epoch  194/200 | loss 0.1782 | lr 0.00007
epoch  195/200 | loss 0.1790 | lr 0.00005
epoch  196/200 | loss 0.1795 | lr 0.00003
epoch  197/200 | loss 0.1767 | lr 0.00002
epoch  198/200 | loss 0.1724 | lr 0.00001
epoch  199/200 | loss 0.1783 | lr 0.00000
epoch  200/200 | loss 0.1773 | lr 0.00000
------------------------------------------------------------
[2026-05-29 12:59:56] Training finished
best epoch : 188
best loss  : 0.1723
