[2026-05-30 02:02:34] Training started
config: {
  "exp_name": "temp_007",
  "arch": "resnet18",
  "cifar_stem": true,
  "pretrained": false,
  "epochs": 200,
  "batch_size": 256,
  "lr": 0.03,
  "weight_decay": 0.0001,
  "num_workers": 4,
  "save_freq": 50,
  "data_root": "./data/cifar10",
  "augmentation": "full",
  "aug_kwargs": {
    "image_size": 32,
    "s": 1.0,
    "gaussian_blur": false
  },
  "loss_type": "nt_xent",
  "loss_kwargs": {
    "temperature": 0.07,
    "device": "cuda"
  },
  "proj_hidden_dim": 2048,
  "proj_output_dim": 128,
  "proj_num_layers": 2,
  "eval_batch_size": 256,
  "probe_epochs": 100,
  "save_dir": "./results/ablation_temperature/temp_007"
}
------------------------------------------------------------
epoch    1/200 | loss 5.8602 | lr 0.03000 <-- BEST (epoch 1, loss 5.8602)
epoch    2/200 | loss 5.2259 | lr 0.02999 <-- BEST (epoch 2, loss 5.2259)
epoch    3/200 | loss 4.3717 | lr 0.02998 <-- BEST (epoch 3, loss 4.3717)
epoch    4/200 | loss 3.4635 | lr 0.02997 <-- BEST (epoch 4, loss 3.4635)
epoch    5/200 | loss 2.7249 | lr 0.02995 <-- BEST (epoch 5, loss 2.7249)
epoch    6/200 | loss 2.2033 | lr 0.02993 <-- BEST (epoch 6, loss 2.2033)
epoch    7/200 | loss 1.9054 | lr 0.02991 <-- BEST (epoch 7, loss 1.9054)
epoch    8/200 | loss 1.7034 | lr 0.02988 <-- BEST (epoch 8, loss 1.7034)
epoch    9/200 | loss 1.5038 | lr 0.02985 <-- BEST (epoch 9, loss 1.5038)
epoch   10/200 | loss 1.3906 | lr 0.02982 <-- BEST (epoch 10, loss 1.3906)
epoch   11/200 | loss 1.2691 | lr 0.02978 <-- BEST (epoch 11, loss 1.2691)
epoch   12/200 | loss 1.2008 | lr 0.02973 <-- BEST (epoch 12, loss 1.2008)
epoch   13/200 | loss 1.1447 | lr 0.02969 <-- BEST (epoch 13, loss 1.1447)
epoch   14/200 | loss 1.0771 | lr 0.02964 <-- BEST (epoch 14, loss 1.0771)
epoch   15/200 | loss 1.0169 | lr 0.02959 <-- BEST (epoch 15, loss 1.0169)
epoch   16/200 | loss 0.9930 | lr 0.02953 <-- BEST (epoch 16, loss 0.9930)
epoch   17/200 | loss 0.9669 | lr 0.02947 <-- BEST (epoch 17, loss 0.9669)
epoch   18/200 | loss 0.9255 | lr 0.02940 <-- BEST (epoch 18, loss 0.9255)
epoch   19/200 | loss 0.9060 | lr 0.02934 <-- BEST (epoch 19, loss 0.9060)
epoch   20/200 | loss 0.8674 | lr 0.02927 <-- BEST (epoch 20, loss 0.8674)
epoch   21/200 | loss 0.8552 | lr 0.02919 <-- BEST (epoch 21, loss 0.8552)
epoch   22/200 | loss 0.8218 | lr 0.02911 <-- BEST (epoch 22, loss 0.8218)
epoch   23/200 | loss 0.8166 | lr 0.02903 <-- BEST (epoch 23, loss 0.8166)
epoch   24/200 | loss 0.7797 | lr 0.02895 <-- BEST (epoch 24, loss 0.7797)
epoch   25/200 | loss 0.7709 | lr 0.02886 <-- BEST (epoch 25, loss 0.7709)
epoch   26/200 | loss 0.7538 | lr 0.02877 <-- BEST (epoch 26, loss 0.7538)
epoch   27/200 | loss 0.7417 | lr 0.02867 <-- BEST (epoch 27, loss 0.7417)
epoch   28/200 | loss 0.7205 | lr 0.02857 <-- BEST (epoch 28, loss 0.7205)
epoch   29/200 | loss 0.7171 | lr 0.02847 <-- BEST (epoch 29, loss 0.7171)
epoch   30/200 | loss 0.6991 | lr 0.02837 <-- BEST (epoch 30, loss 0.6991)
epoch   31/200 | loss 0.6969 | lr 0.02826 <-- BEST (epoch 31, loss 0.6969)
epoch   32/200 | loss 0.6930 | lr 0.02814 <-- BEST (epoch 32, loss 0.6930)
epoch   33/200 | loss 0.6676 | lr 0.02803 <-- BEST (epoch 33, loss 0.6676)
epoch   34/200 | loss 0.6564 | lr 0.02791 <-- BEST (epoch 34, loss 0.6564)
epoch   35/200 | loss 0.6639 | lr 0.02779
epoch   36/200 | loss 0.6391 | lr 0.02766 <-- BEST (epoch 36, loss 0.6391)
epoch   37/200 | loss 0.6290 | lr 0.02754 <-- BEST (epoch 37, loss 0.6290)
epoch   38/200 | loss 0.6185 | lr 0.02741 <-- BEST (epoch 38, loss 0.6185)
epoch   39/200 | loss 0.6158 | lr 0.02727 <-- BEST (epoch 39, loss 0.6158)
epoch   40/200 | loss 0.6012 | lr 0.02714 <-- BEST (epoch 40, loss 0.6012)
epoch   41/200 | loss 0.6093 | lr 0.02700
epoch   42/200 | loss 0.5873 | lr 0.02685 <-- BEST (epoch 42, loss 0.5873)
epoch   43/200 | loss 0.5896 | lr 0.02671
epoch   44/200 | loss 0.5843 | lr 0.02656 <-- BEST (epoch 44, loss 0.5843)
epoch   45/200 | loss 0.5745 | lr 0.02641 <-- BEST (epoch 45, loss 0.5745)
epoch   46/200 | loss 0.5644 | lr 0.02625 <-- BEST (epoch 46, loss 0.5644)
epoch   47/200 | loss 0.5553 | lr 0.02609 <-- BEST (epoch 47, loss 0.5553)
epoch   48/200 | loss 0.5487 | lr 0.02593 <-- BEST (epoch 48, loss 0.5487)
epoch   49/200 | loss 0.5503 | lr 0.02577
epoch   50/200 | loss 0.5475 | lr 0.02561 <-- BEST (epoch 50, loss 0.5475)
epoch   51/200 | loss 0.5321 | lr 0.02544 <-- BEST (epoch 51, loss 0.5321)
epoch   52/200 | loss 0.5331 | lr 0.02527
epoch   53/200 | loss 0.5318 | lr 0.02510 <-- BEST (epoch 53, loss 0.5318)
epoch   54/200 | loss 0.5284 | lr 0.02492 <-- BEST (epoch 54, loss 0.5284)
epoch   55/200 | loss 0.5134 | lr 0.02474 <-- BEST (epoch 55, loss 0.5134)
epoch   56/200 | loss 0.5186 | lr 0.02456
epoch   57/200 | loss 0.5154 | lr 0.02438
epoch   58/200 | loss 0.4972 | lr 0.02419 <-- BEST (epoch 58, loss 0.4972)
epoch   59/200 | loss 0.5071 | lr 0.02401
epoch   60/200 | loss 0.5018 | lr 0.02382
epoch   61/200 | loss 0.4827 | lr 0.02363 <-- BEST (epoch 61, loss 0.4827)
epoch   62/200 | loss 0.4914 | lr 0.02343
epoch   63/200 | loss 0.4936 | lr 0.02324
epoch   64/200 | loss 0.4910 | lr 0.02304
epoch   65/200 | loss 0.4840 | lr 0.02284
epoch   66/200 | loss 0.4715 | lr 0.02264 <-- BEST (epoch 66, loss 0.4715)
epoch   67/200 | loss 0.4712 | lr 0.02243 <-- BEST (epoch 67, loss 0.4712)
epoch   68/200 | loss 0.4713 | lr 0.02223
epoch   69/200 | loss 0.4671 | lr 0.02202 <-- BEST (epoch 69, loss 0.4671)
epoch   70/200 | loss 0.4693 | lr 0.02181
epoch   71/200 | loss 0.4629 | lr 0.02160 <-- BEST (epoch 71, loss 0.4629)
epoch   72/200 | loss 0.4564 | lr 0.02139 <-- BEST (epoch 72, loss 0.4564)
epoch   73/200 | loss 0.4514 | lr 0.02117 <-- BEST (epoch 73, loss 0.4514)
epoch   74/200 | loss 0.4483 | lr 0.02096 <-- BEST (epoch 74, loss 0.4483)
epoch   75/200 | loss 0.4486 | lr 0.02074
epoch   76/200 | loss 0.4400 | lr 0.02052 <-- BEST (epoch 76, loss 0.4400)
epoch   77/200 | loss 0.4421 | lr 0.02030
epoch   78/200 | loss 0.4379 | lr 0.02008 <-- BEST (epoch 78, loss 0.4379)
epoch   79/200 | loss 0.4348 | lr 0.01986 <-- BEST (epoch 79, loss 0.4348)
epoch   80/200 | loss 0.4265 | lr 0.01964 <-- BEST (epoch 80, loss 0.4265)
epoch   81/200 | loss 0.4297 | lr 0.01941
epoch   82/200 | loss 0.4248 | lr 0.01918 <-- BEST (epoch 82, loss 0.4248)
epoch   83/200 | loss 0.4239 | lr 0.01896 <-- BEST (epoch 83, loss 0.4239)
epoch   84/200 | loss 0.4209 | lr 0.01873 <-- BEST (epoch 84, loss 0.4209)
epoch   85/200 | loss 0.4160 | lr 0.01850 <-- BEST (epoch 85, loss 0.4160)
epoch   86/200 | loss 0.4154 | lr 0.01827 <-- BEST (epoch 86, loss 0.4154)
epoch   87/200 | loss 0.4188 | lr 0.01804
epoch   88/200 | loss 0.4047 | lr 0.01781 <-- BEST (epoch 88, loss 0.4047)
epoch   89/200 | loss 0.4062 | lr 0.01758
epoch   90/200 | loss 0.3971 | lr 0.01735 <-- BEST (epoch 90, loss 0.3971)
epoch   91/200 | loss 0.4074 | lr 0.01711
epoch   92/200 | loss 0.3968 | lr 0.01688 <-- BEST (epoch 92, loss 0.3968)
epoch   93/200 | loss 0.3989 | lr 0.01665
epoch   94/200 | loss 0.3905 | lr 0.01641 <-- BEST (epoch 94, loss 0.3905)
epoch   95/200 | loss 0.3843 | lr 0.01618 <-- BEST (epoch 95, loss 0.3843)
epoch   96/200 | loss 0.3837 | lr 0.01594 <-- BEST (epoch 96, loss 0.3837)
epoch   97/200 | loss 0.3865 | lr 0.01571
epoch   98/200 | loss 0.3843 | lr 0.01547
epoch   99/200 | loss 0.3818 | lr 0.01524 <-- BEST (epoch 99, loss 0.3818)
epoch  100/200 | loss 0.3773 | lr 0.01500 <-- BEST (epoch 100, loss 0.3773)
epoch  101/200 | loss 0.3737 | lr 0.01476 <-- BEST (epoch 101, loss 0.3737)
epoch  102/200 | loss 0.3736 | lr 0.01453 <-- BEST (epoch 102, loss 0.3736)
epoch  103/200 | loss 0.3812 | lr 0.01429
epoch  104/200 | loss 0.3684 | lr 0.01406 <-- BEST (epoch 104, loss 0.3684)
epoch  105/200 | loss 0.3719 | lr 0.01382
epoch  106/200 | loss 0.3722 | lr 0.01359
epoch  107/200 | loss 0.3580 | lr 0.01335 <-- BEST (epoch 107, loss 0.3580)
epoch  108/200 | loss 0.3583 | lr 0.01312
epoch  109/200 | loss 0.3609 | lr 0.01289
epoch  110/200 | loss 0.3640 | lr 0.01265
epoch  111/200 | loss 0.3589 | lr 0.01242
epoch  112/200 | loss 0.3549 | lr 0.01219 <-- BEST (epoch 112, loss 0.3549)
epoch  113/200 | loss 0.3505 | lr 0.01196 <-- BEST (epoch 113, loss 0.3505)
epoch  114/200 | loss 0.3576 | lr 0.01173
epoch  115/200 | loss 0.3465 | lr 0.01150 <-- BEST (epoch 115, loss 0.3465)
epoch  116/200 | loss 0.3486 | lr 0.01127
epoch  117/200 | loss 0.3489 | lr 0.01104
epoch  118/200 | loss 0.3465 | lr 0.01082 <-- BEST (epoch 118, loss 0.3465)
epoch  119/200 | loss 0.3499 | lr 0.01059
epoch  120/200 | loss 0.3445 | lr 0.01036 <-- BEST (epoch 120, loss 0.3445)
epoch  121/200 | loss 0.3435 | lr 0.01014 <-- BEST (epoch 121, loss 0.3435)
epoch  122/200 | loss 0.3319 | lr 0.00992 <-- BEST (epoch 122, loss 0.3319)
epoch  123/200 | loss 0.3472 | lr 0.00970
epoch  124/200 | loss 0.3378 | lr 0.00948
epoch  125/200 | loss 0.3281 | lr 0.00926 <-- BEST (epoch 125, loss 0.3281)
epoch  126/200 | loss 0.3262 | lr 0.00904 <-- BEST (epoch 126, loss 0.3262)
epoch  127/200 | loss 0.3282 | lr 0.00883
epoch  128/200 | loss 0.3267 | lr 0.00861
epoch  129/200 | loss 0.3303 | lr 0.00840
epoch  130/200 | loss 0.3249 | lr 0.00819 <-- BEST (epoch 130, loss 0.3249)
epoch  131/200 | loss 0.3217 | lr 0.00798 <-- BEST (epoch 131, loss 0.3217)
epoch  132/200 | loss 0.3272 | lr 0.00777
epoch  133/200 | loss 0.3187 | lr 0.00757 <-- BEST (epoch 133, loss 0.3187)
epoch  134/200 | loss 0.3157 | lr 0.00736 <-- BEST (epoch 134, loss 0.3157)
epoch  135/200 | loss 0.3145 | lr 0.00716 <-- BEST (epoch 135, loss 0.3145)
epoch  136/200 | loss 0.3094 | lr 0.00696 <-- BEST (epoch 136, loss 0.3094)
epoch  137/200 | loss 0.3142 | lr 0.00676
epoch  138/200 | loss 0.3124 | lr 0.00657
epoch  139/200 | loss 0.3100 | lr 0.00637
epoch  140/200 | loss 0.3123 | lr 0.00618
epoch  141/200 | loss 0.3111 | lr 0.00599
epoch  142/200 | loss 0.3086 | lr 0.00581 <-- BEST (epoch 142, loss 0.3086)
epoch  143/200 | loss 0.3087 | lr 0.00562
epoch  144/200 | loss 0.3097 | lr 0.00544
epoch  145/200 | loss 0.3062 | lr 0.00526 <-- BEST (epoch 145, loss 0.3062)
epoch  146/200 | loss 0.3020 | lr 0.00508 <-- BEST (epoch 146, loss 0.3020)
epoch  147/200 | loss 0.3000 | lr 0.00490 <-- BEST (epoch 147, loss 0.3000)
epoch  148/200 | loss 0.2971 | lr 0.00473 <-- BEST (epoch 148, loss 0.2971)
epoch  149/200 | loss 0.3034 | lr 0.00456
epoch  150/200 | loss 0.3042 | lr 0.00439
epoch  151/200 | loss 0.2917 | lr 0.00423 <-- BEST (epoch 151, loss 0.2917)
epoch  152/200 | loss 0.2933 | lr 0.00407
epoch  153/200 | loss 0.2915 | lr 0.00391 <-- BEST (epoch 153, loss 0.2915)
epoch  154/200 | loss 0.2921 | lr 0.00375
epoch  155/200 | loss 0.2925 | lr 0.00359
epoch  156/200 | loss 0.2873 | lr 0.00344 <-- BEST (epoch 156, loss 0.2873)
epoch  157/200 | loss 0.2905 | lr 0.00329
epoch  158/200 | loss 0.2895 | lr 0.00315
epoch  159/200 | loss 0.2928 | lr 0.00300
epoch  160/200 | loss 0.2872 | lr 0.00286 <-- BEST (epoch 160, loss 0.2872)
epoch  161/200 | loss 0.2893 | lr 0.00273
epoch  162/200 | loss 0.2787 | lr 0.00259 <-- BEST (epoch 162, loss 0.2787)
epoch  163/200 | loss 0.2885 | lr 0.00246
epoch  164/200 | loss 0.2841 | lr 0.00234
epoch  165/200 | loss 0.2838 | lr 0.00221
epoch  166/200 | loss 0.2849 | lr 0.00209
epoch  167/200 | loss 0.2872 | lr 0.00197
epoch  168/200 | loss 0.2845 | lr 0.00186
epoch  169/200 | loss 0.2706 | lr 0.00174 <-- BEST (epoch 169, loss 0.2706)
epoch  170/200 | loss 0.2910 | lr 0.00163
epoch  171/200 | loss 0.2750 | lr 0.00153
epoch  172/200 | loss 0.2777 | lr 0.00143
epoch  173/200 | loss 0.2803 | lr 0.00133
epoch  174/200 | loss 0.2770 | lr 0.00123
epoch  175/200 | loss 0.2771 | lr 0.00114
epoch  176/200 | loss 0.2838 | lr 0.00105
epoch  177/200 | loss 0.2804 | lr 0.00097
epoch  178/200 | loss 0.2714 | lr 0.00089
epoch  179/200 | loss 0.2749 | lr 0.00081
epoch  180/200 | loss 0.2797 | lr 0.00073
epoch  181/200 | loss 0.2750 | lr 0.00066
epoch  182/200 | loss 0.2738 | lr 0.00060
epoch  183/200 | loss 0.2773 | lr 0.00053
epoch  184/200 | loss 0.2807 | lr 0.00047
epoch  185/200 | loss 0.2778 | lr 0.00041
epoch  186/200 | loss 0.2775 | lr 0.00036
epoch  187/200 | loss 0.2780 | lr 0.00031
epoch  188/200 | loss 0.2698 | lr 0.00027 <-- BEST (epoch 188, loss 0.2698)
epoch  189/200 | loss 0.2723 | lr 0.00022
epoch  190/200 | loss 0.2682 | lr 0.00018 <-- BEST (epoch 190, loss 0.2682)
epoch  191/200 | loss 0.2704 | lr 0.00015
epoch  192/200 | loss 0.2789 | lr 0.00012
epoch  193/200 | loss 0.2766 | lr 0.00009
epoch  194/200 | loss 0.2731 | lr 0.00007
epoch  195/200 | loss 0.2746 | lr 0.00005
epoch  196/200 | loss 0.2779 | lr 0.00003
epoch  197/200 | loss 0.2799 | lr 0.00002
epoch  198/200 | loss 0.2710 | lr 0.00001
epoch  199/200 | loss 0.2682 | lr 0.00000 <-- BEST (epoch 199, loss 0.2682)
epoch  200/200 | loss 0.2776 | lr 0.00000
------------------------------------------------------------
[2026-05-30 03:21:45] Training finished
best epoch : 199
best loss  : 0.2682
