[2026-05-29 22:00:24] Training started
config: {
  "exp_name": "batch_256",
  "arch": "resnet18",
  "cifar_stem": true,
  "pretrained": false,
  "epochs": 200,
  "batch_size": 256,
  "lr": 0.03,
  "weight_decay": 0.0001,
  "num_workers": 4,
  "save_freq": 50,
  "data_root": "./data/cifar10",
  "augmentation": "full",
  "aug_kwargs": {
    "image_size": 32,
    "s": 1.0,
    "gaussian_blur": false
  },
  "loss_type": "nt_xent",
  "loss_kwargs": {
    "temperature": 0.07,
    "device": "cuda"
  },
  "proj_hidden_dim": 2048,
  "proj_output_dim": 128,
  "proj_num_layers": 2,
  "eval_batch_size": 256,
  "probe_epochs": 100,
  "save_dir": "./results/ablation_batchsize/batch_256"
}
------------------------------------------------------------
epoch    1/200 | loss 5.9319 | lr 0.03000 <-- BEST (epoch 1, loss 5.9319)
epoch    2/200 | loss 5.3675 | lr 0.02999 <-- BEST (epoch 2, loss 5.3675)
epoch    3/200 | loss 4.6625 | lr 0.02998 <-- BEST (epoch 3, loss 4.6625)
epoch    4/200 | loss 3.8684 | lr 0.02997 <-- BEST (epoch 4, loss 3.8684)
epoch    5/200 | loss 3.1633 | lr 0.02995 <-- BEST (epoch 5, loss 3.1633)
epoch    6/200 | loss 2.5818 | lr 0.02993 <-- BEST (epoch 6, loss 2.5818)
epoch    7/200 | loss 2.1859 | lr 0.02991 <-- BEST (epoch 7, loss 2.1859)
epoch    8/200 | loss 1.8790 | lr 0.02988 <-- BEST (epoch 8, loss 1.8790)
epoch    9/200 | loss 1.6869 | lr 0.02985 <-- BEST (epoch 9, loss 1.6869)
epoch   10/200 | loss 1.5498 | lr 0.02982 <-- BEST (epoch 10, loss 1.5498)
epoch   11/200 | loss 1.4308 | lr 0.02978 <-- BEST (epoch 11, loss 1.4308)
epoch   12/200 | loss 1.3309 | lr 0.02973 <-- BEST (epoch 12, loss 1.3309)
epoch   13/200 | loss 1.2534 | lr 0.02969 <-- BEST (epoch 13, loss 1.2534)
epoch   14/200 | loss 1.1638 | lr 0.02964 <-- BEST (epoch 14, loss 1.1638)
epoch   15/200 | loss 1.1186 | lr 0.02959 <-- BEST (epoch 15, loss 1.1186)
epoch   16/200 | loss 1.0820 | lr 0.02953 <-- BEST (epoch 16, loss 1.0820)
epoch   17/200 | loss 1.0450 | lr 0.02947 <-- BEST (epoch 17, loss 1.0450)
epoch   18/200 | loss 1.0093 | lr 0.02940 <-- BEST (epoch 18, loss 1.0093)
epoch   19/200 | loss 0.9599 | lr 0.02934 <-- BEST (epoch 19, loss 0.9599)
epoch   20/200 | loss 0.9345 | lr 0.02927 <-- BEST (epoch 20, loss 0.9345)
epoch   21/200 | loss 0.9149 | lr 0.02919 <-- BEST (epoch 21, loss 0.9149)
epoch   22/200 | loss 0.8770 | lr 0.02911 <-- BEST (epoch 22, loss 0.8770)
epoch   23/200 | loss 0.8495 | lr 0.02903 <-- BEST (epoch 23, loss 0.8495)
epoch   24/200 | loss 0.8304 | lr 0.02895 <-- BEST (epoch 24, loss 0.8304)
epoch   25/200 | loss 0.8084 | lr 0.02886 <-- BEST (epoch 25, loss 0.8084)
epoch   26/200 | loss 0.8056 | lr 0.02877 <-- BEST (epoch 26, loss 0.8056)
epoch   27/200 | loss 0.7772 | lr 0.02867 <-- BEST (epoch 27, loss 0.7772)
epoch   28/200 | loss 0.7572 | lr 0.02857 <-- BEST (epoch 28, loss 0.7572)
epoch   29/200 | loss 0.7550 | lr 0.02847 <-- BEST (epoch 29, loss 0.7550)
epoch   30/200 | loss 0.7293 | lr 0.02837 <-- BEST (epoch 30, loss 0.7293)
epoch   31/200 | loss 0.7382 | lr 0.02826
epoch   32/200 | loss 0.7046 | lr 0.02814 <-- BEST (epoch 32, loss 0.7046)
epoch   33/200 | loss 0.6990 | lr 0.02803 <-- BEST (epoch 33, loss 0.6990)
epoch   34/200 | loss 0.6840 | lr 0.02791 <-- BEST (epoch 34, loss 0.6840)
epoch   35/200 | loss 0.6643 | lr 0.02779 <-- BEST (epoch 35, loss 0.6643)
epoch   36/200 | loss 0.6654 | lr 0.02766
epoch   37/200 | loss 0.6617 | lr 0.02754 <-- BEST (epoch 37, loss 0.6617)
epoch   38/200 | loss 0.6509 | lr 0.02741 <-- BEST (epoch 38, loss 0.6509)
epoch   39/200 | loss 0.6392 | lr 0.02727 <-- BEST (epoch 39, loss 0.6392)
epoch   40/200 | loss 0.6284 | lr 0.02714 <-- BEST (epoch 40, loss 0.6284)
epoch   41/200 | loss 0.6192 | lr 0.02700 <-- BEST (epoch 41, loss 0.6192)
epoch   42/200 | loss 0.6146 | lr 0.02685 <-- BEST (epoch 42, loss 0.6146)
epoch   43/200 | loss 0.6130 | lr 0.02671 <-- BEST (epoch 43, loss 0.6130)
epoch   44/200 | loss 0.5958 | lr 0.02656 <-- BEST (epoch 44, loss 0.5958)
epoch   45/200 | loss 0.5898 | lr 0.02641 <-- BEST (epoch 45, loss 0.5898)
epoch   46/200 | loss 0.5869 | lr 0.02625 <-- BEST (epoch 46, loss 0.5869)
epoch   47/200 | loss 0.5745 | lr 0.02609 <-- BEST (epoch 47, loss 0.5745)
epoch   48/200 | loss 0.5769 | lr 0.02593
epoch   49/200 | loss 0.5677 | lr 0.02577 <-- BEST (epoch 49, loss 0.5677)
epoch   50/200 | loss 0.5598 | lr 0.02561 <-- BEST (epoch 50, loss 0.5598)
epoch   51/200 | loss 0.5648 | lr 0.02544
epoch   52/200 | loss 0.5496 | lr 0.02527 <-- BEST (epoch 52, loss 0.5496)
epoch   53/200 | loss 0.5448 | lr 0.02510 <-- BEST (epoch 53, loss 0.5448)
epoch   54/200 | loss 0.5338 | lr 0.02492 <-- BEST (epoch 54, loss 0.5338)
epoch   55/200 | loss 0.5346 | lr 0.02474
epoch   56/200 | loss 0.5264 | lr 0.02456 <-- BEST (epoch 56, loss 0.5264)
epoch   57/200 | loss 0.5269 | lr 0.02438
epoch   58/200 | loss 0.5175 | lr 0.02419 <-- BEST (epoch 58, loss 0.5175)
epoch   59/200 | loss 0.5241 | lr 0.02401
epoch   60/200 | loss 0.5111 | lr 0.02382 <-- BEST (epoch 60, loss 0.5111)
epoch   61/200 | loss 0.4988 | lr 0.02363 <-- BEST (epoch 61, loss 0.4988)
epoch   62/200 | loss 0.5012 | lr 0.02343
epoch   63/200 | loss 0.4937 | lr 0.02324 <-- BEST (epoch 63, loss 0.4937)
epoch   64/200 | loss 0.4929 | lr 0.02304 <-- BEST (epoch 64, loss 0.4929)
epoch   65/200 | loss 0.4971 | lr 0.02284
epoch   66/200 | loss 0.4817 | lr 0.02264 <-- BEST (epoch 66, loss 0.4817)
epoch   67/200 | loss 0.4847 | lr 0.02243
epoch   68/200 | loss 0.4832 | lr 0.02223
epoch   69/200 | loss 0.4747 | lr 0.02202 <-- BEST (epoch 69, loss 0.4747)
epoch   70/200 | loss 0.4695 | lr 0.02181 <-- BEST (epoch 70, loss 0.4695)
epoch   71/200 | loss 0.4655 | lr 0.02160 <-- BEST (epoch 71, loss 0.4655)
epoch   72/200 | loss 0.4608 | lr 0.02139 <-- BEST (epoch 72, loss 0.4608)
epoch   73/200 | loss 0.4560 | lr 0.02117 <-- BEST (epoch 73, loss 0.4560)
epoch   74/200 | loss 0.4566 | lr 0.02096
epoch   75/200 | loss 0.4450 | lr 0.02074 <-- BEST (epoch 75, loss 0.4450)
epoch   76/200 | loss 0.4586 | lr 0.02052
epoch   77/200 | loss 0.4409 | lr 0.02030 <-- BEST (epoch 77, loss 0.4409)
epoch   78/200 | loss 0.4422 | lr 0.02008
epoch   79/200 | loss 0.4476 | lr 0.01986
epoch   80/200 | loss 0.4407 | lr 0.01964 <-- BEST (epoch 80, loss 0.4407)
epoch   81/200 | loss 0.4300 | lr 0.01941 <-- BEST (epoch 81, loss 0.4300)
epoch   82/200 | loss 0.4348 | lr 0.01918
epoch   83/200 | loss 0.4305 | lr 0.01896
epoch   84/200 | loss 0.4288 | lr 0.01873 <-- BEST (epoch 84, loss 0.4288)
epoch   85/200 | loss 0.4259 | lr 0.01850 <-- BEST (epoch 85, loss 0.4259)
epoch   86/200 | loss 0.4198 | lr 0.01827 <-- BEST (epoch 86, loss 0.4198)
epoch   87/200 | loss 0.4169 | lr 0.01804 <-- BEST (epoch 87, loss 0.4169)
epoch   88/200 | loss 0.4158 | lr 0.01781 <-- BEST (epoch 88, loss 0.4158)
epoch   89/200 | loss 0.4119 | lr 0.01758 <-- BEST (epoch 89, loss 0.4119)
epoch   90/200 | loss 0.4131 | lr 0.01735
epoch   91/200 | loss 0.4064 | lr 0.01711 <-- BEST (epoch 91, loss 0.4064)
epoch   92/200 | loss 0.4002 | lr 0.01688 <-- BEST (epoch 92, loss 0.4002)
epoch   93/200 | loss 0.4074 | lr 0.01665
epoch   94/200 | loss 0.3990 | lr 0.01641 <-- BEST (epoch 94, loss 0.3990)
epoch   95/200 | loss 0.3958 | lr 0.01618 <-- BEST (epoch 95, loss 0.3958)
epoch   96/200 | loss 0.4007 | lr 0.01594
epoch   97/200 | loss 0.3994 | lr 0.01571
epoch   98/200 | loss 0.3984 | lr 0.01547
epoch   99/200 | loss 0.3864 | lr 0.01524 <-- BEST (epoch 99, loss 0.3864)
epoch  100/200 | loss 0.3821 | lr 0.01500 <-- BEST (epoch 100, loss 0.3821)
epoch  101/200 | loss 0.3796 | lr 0.01476 <-- BEST (epoch 101, loss 0.3796)
epoch  102/200 | loss 0.3848 | lr 0.01453
epoch  103/200 | loss 0.3715 | lr 0.01429 <-- BEST (epoch 103, loss 0.3715)
epoch  104/200 | loss 0.3833 | lr 0.01406
epoch  105/200 | loss 0.3829 | lr 0.01382
epoch  106/200 | loss 0.3687 | lr 0.01359 <-- BEST (epoch 106, loss 0.3687)
epoch  107/200 | loss 0.3742 | lr 0.01335
epoch  108/200 | loss 0.3687 | lr 0.01312 <-- BEST (epoch 108, loss 0.3687)
epoch  109/200 | loss 0.3662 | lr 0.01289 <-- BEST (epoch 109, loss 0.3662)
epoch  110/200 | loss 0.3667 | lr 0.01265
epoch  111/200 | loss 0.3620 | lr 0.01242 <-- BEST (epoch 111, loss 0.3620)
epoch  112/200 | loss 0.3625 | lr 0.01219
epoch  113/200 | loss 0.3573 | lr 0.01196 <-- BEST (epoch 113, loss 0.3573)
epoch  114/200 | loss 0.3580 | lr 0.01173
epoch  115/200 | loss 0.3538 | lr 0.01150 <-- BEST (epoch 115, loss 0.3538)
epoch  116/200 | loss 0.3559 | lr 0.01127
epoch  117/200 | loss 0.3508 | lr 0.01104 <-- BEST (epoch 117, loss 0.3508)
epoch  118/200 | loss 0.3460 | lr 0.01082 <-- BEST (epoch 118, loss 0.3460)
epoch  119/200 | loss 0.3484 | lr 0.01059
epoch  120/200 | loss 0.3480 | lr 0.01036
epoch  121/200 | loss 0.3557 | lr 0.01014
epoch  122/200 | loss 0.3460 | lr 0.00992 <-- BEST (epoch 122, loss 0.3460)
epoch  123/200 | loss 0.3394 | lr 0.00970 <-- BEST (epoch 123, loss 0.3394)
epoch  124/200 | loss 0.3353 | lr 0.00948 <-- BEST (epoch 124, loss 0.3353)
epoch  125/200 | loss 0.3378 | lr 0.00926
epoch  126/200 | loss 0.3390 | lr 0.00904
epoch  127/200 | loss 0.3311 | lr 0.00883 <-- BEST (epoch 127, loss 0.3311)
epoch  128/200 | loss 0.3309 | lr 0.00861 <-- BEST (epoch 128, loss 0.3309)
epoch  129/200 | loss 0.3308 | lr 0.00840 <-- BEST (epoch 129, loss 0.3308)
epoch  130/200 | loss 0.3312 | lr 0.00819
epoch  131/200 | loss 0.3286 | lr 0.00798 <-- BEST (epoch 131, loss 0.3286)
epoch  132/200 | loss 0.3284 | lr 0.00777 <-- BEST (epoch 132, loss 0.3284)
epoch  133/200 | loss 0.3215 | lr 0.00757 <-- BEST (epoch 133, loss 0.3215)
epoch  134/200 | loss 0.3195 | lr 0.00736 <-- BEST (epoch 134, loss 0.3195)
epoch  135/200 | loss 0.3217 | lr 0.00716
epoch  136/200 | loss 0.3245 | lr 0.00696
epoch  137/200 | loss 0.3189 | lr 0.00676 <-- BEST (epoch 137, loss 0.3189)
epoch  138/200 | loss 0.3165 | lr 0.00657 <-- BEST (epoch 138, loss 0.3165)
epoch  139/200 | loss 0.3213 | lr 0.00637
epoch  140/200 | loss 0.3103 | lr 0.00618 <-- BEST (epoch 140, loss 0.3103)
epoch  141/200 | loss 0.3131 | lr 0.00599
epoch  142/200 | loss 0.3119 | lr 0.00581
epoch  143/200 | loss 0.3102 | lr 0.00562 <-- BEST (epoch 143, loss 0.3102)
epoch  144/200 | loss 0.3100 | lr 0.00544 <-- BEST (epoch 144, loss 0.3100)
epoch  145/200 | loss 0.3076 | lr 0.00526 <-- BEST (epoch 145, loss 0.3076)
epoch  146/200 | loss 0.3137 | lr 0.00508
epoch  147/200 | loss 0.3113 | lr 0.00490
epoch  148/200 | loss 0.3029 | lr 0.00473 <-- BEST (epoch 148, loss 0.3029)
epoch  149/200 | loss 0.3044 | lr 0.00456
epoch  150/200 | loss 0.3024 | lr 0.00439 <-- BEST (epoch 150, loss 0.3024)
epoch  151/200 | loss 0.2963 | lr 0.00423 <-- BEST (epoch 151, loss 0.2963)
epoch  152/200 | loss 0.3013 | lr 0.00407
epoch  153/200 | loss 0.2979 | lr 0.00391
epoch  154/200 | loss 0.3013 | lr 0.00375
epoch  155/200 | loss 0.3000 | lr 0.00359
epoch  156/200 | loss 0.2994 | lr 0.00344
epoch  157/200 | loss 0.2916 | lr 0.00329 <-- BEST (epoch 157, loss 0.2916)
epoch  158/200 | loss 0.2984 | lr 0.00315
epoch  159/200 | loss 0.2910 | lr 0.00300 <-- BEST (epoch 159, loss 0.2910)
epoch  160/200 | loss 0.2869 | lr 0.00286 <-- BEST (epoch 160, loss 0.2869)
epoch  161/200 | loss 0.2916 | lr 0.00273
epoch  162/200 | loss 0.2964 | lr 0.00259
epoch  163/200 | loss 0.2942 | lr 0.00246
epoch  164/200 | loss 0.2900 | lr 0.00234
epoch  165/200 | loss 0.2920 | lr 0.00221
epoch  166/200 | loss 0.2868 | lr 0.00209 <-- BEST (epoch 166, loss 0.2868)
epoch  167/200 | loss 0.2858 | lr 0.00197 <-- BEST (epoch 167, loss 0.2858)
epoch  168/200 | loss 0.2816 | lr 0.00186 <-- BEST (epoch 168, loss 0.2816)
epoch  169/200 | loss 0.2839 | lr 0.00174
epoch  170/200 | loss 0.2868 | lr 0.00163
epoch  171/200 | loss 0.2834 | lr 0.00153
epoch  172/200 | loss 0.2857 | lr 0.00143
epoch  173/200 | loss 0.2794 | lr 0.00133 <-- BEST (epoch 173, loss 0.2794)
epoch  174/200 | loss 0.2818 | lr 0.00123
epoch  175/200 | loss 0.2822 | lr 0.00114
epoch  176/200 | loss 0.2769 | lr 0.00105 <-- BEST (epoch 176, loss 0.2769)
epoch  177/200 | loss 0.2838 | lr 0.00097
epoch  178/200 | loss 0.2843 | lr 0.00089
epoch  179/200 | loss 0.2829 | lr 0.00081
epoch  180/200 | loss 0.2780 | lr 0.00073
epoch  181/200 | loss 0.2814 | lr 0.00066
epoch  182/200 | loss 0.2747 | lr 0.00060 <-- BEST (epoch 182, loss 0.2747)
epoch  183/200 | loss 0.2763 | lr 0.00053
epoch  184/200 | loss 0.2808 | lr 0.00047
epoch  185/200 | loss 0.2807 | lr 0.00041
epoch  186/200 | loss 0.2818 | lr 0.00036
epoch  187/200 | loss 0.2844 | lr 0.00031
epoch  188/200 | loss 0.2818 | lr 0.00027
epoch  189/200 | loss 0.2779 | lr 0.00022
epoch  190/200 | loss 0.2785 | lr 0.00018
epoch  191/200 | loss 0.2780 | lr 0.00015
epoch  192/200 | loss 0.2816 | lr 0.00012
epoch  193/200 | loss 0.2742 | lr 0.00009 <-- BEST (epoch 193, loss 0.2742)
epoch  194/200 | loss 0.2796 | lr 0.00007
epoch  195/200 | loss 0.2787 | lr 0.00005
epoch  196/200 | loss 0.2820 | lr 0.00003
epoch  197/200 | loss 0.2777 | lr 0.00002
epoch  198/200 | loss 0.2745 | lr 0.00001
epoch  199/200 | loss 0.2785 | lr 0.00000
epoch  200/200 | loss 0.2800 | lr 0.00000
------------------------------------------------------------
[2026-05-29 23:19:39] Training finished
best epoch : 193
best loss  : 0.2742
