[2026-05-30 14:11:24] Training started
config: {
  "exp_name": "loss_ntxent",
  "arch": "resnet18",
  "cifar_stem": true,
  "pretrained": false,
  "epochs": 200,
  "batch_size": 256,
  "lr": 0.03,
  "weight_decay": 0.0001,
  "num_workers": 4,
  "save_freq": 50,
  "data_root": "./data/cifar10",
  "augmentation": "full",
  "aug_kwargs": {
    "image_size": 32,
    "s": 1.0,
    "gaussian_blur": false
  },
  "loss_type": "nt_xent",
  "loss_kwargs": {
    "temperature": 0.07,
    "device": "cuda"
  },
  "proj_hidden_dim": 2048,
  "proj_output_dim": 128,
  "proj_num_layers": 2,
  "eval_batch_size": 256,
  "probe_epochs": 100,
  "save_dir": "./results/ablation_loss/loss_ntxent"
}
------------------------------------------------------------
epoch    1/200 | loss 5.9367 | lr 0.03000 <-- BEST (epoch 1, loss 5.9367)
epoch    2/200 | loss 5.4280 | lr 0.02999 <-- BEST (epoch 2, loss 5.4280)
epoch    3/200 | loss 4.8215 | lr 0.02998 <-- BEST (epoch 3, loss 4.8215)
epoch    4/200 | loss 4.0813 | lr 0.02997 <-- BEST (epoch 4, loss 4.0813)
epoch    5/200 | loss 3.3384 | lr 0.02995 <-- BEST (epoch 5, loss 3.3384)
epoch    6/200 | loss 2.7154 | lr 0.02993 <-- BEST (epoch 6, loss 2.7154)
epoch    7/200 | loss 2.2836 | lr 0.02991 <-- BEST (epoch 7, loss 2.2836)
epoch    8/200 | loss 1.9805 | lr 0.02988 <-- BEST (epoch 8, loss 1.9805)
epoch    9/200 | loss 1.7274 | lr 0.02985 <-- BEST (epoch 9, loss 1.7274)
epoch   10/200 | loss 1.5605 | lr 0.02982 <-- BEST (epoch 10, loss 1.5605)
epoch   11/200 | loss 1.4400 | lr 0.02978 <-- BEST (epoch 11, loss 1.4400)
epoch   12/200 | loss 1.3294 | lr 0.02973 <-- BEST (epoch 12, loss 1.3294)
epoch   13/200 | loss 1.2531 | lr 0.02969 <-- BEST (epoch 13, loss 1.2531)
epoch   14/200 | loss 1.1979 | lr 0.02964 <-- BEST (epoch 14, loss 1.1979)
epoch   15/200 | loss 1.1275 | lr 0.02959 <-- BEST (epoch 15, loss 1.1275)
epoch   16/200 | loss 1.0913 | lr 0.02953 <-- BEST (epoch 16, loss 1.0913)
epoch   17/200 | loss 1.0136 | lr 0.02947 <-- BEST (epoch 17, loss 1.0136)
epoch   18/200 | loss 0.9980 | lr 0.02940 <-- BEST (epoch 18, loss 0.9980)
epoch   19/200 | loss 0.9362 | lr 0.02934 <-- BEST (epoch 19, loss 0.9362)
epoch   20/200 | loss 0.9296 | lr 0.02927 <-- BEST (epoch 20, loss 0.9296)
epoch   21/200 | loss 0.9014 | lr 0.02919 <-- BEST (epoch 21, loss 0.9014)
epoch   22/200 | loss 0.8711 | lr 0.02911 <-- BEST (epoch 22, loss 0.8711)
epoch   23/200 | loss 0.8347 | lr 0.02903 <-- BEST (epoch 23, loss 0.8347)
epoch   24/200 | loss 0.8258 | lr 0.02895 <-- BEST (epoch 24, loss 0.8258)
epoch   25/200 | loss 0.7944 | lr 0.02886 <-- BEST (epoch 25, loss 0.7944)
epoch   26/200 | loss 0.7891 | lr 0.02877 <-- BEST (epoch 26, loss 0.7891)
epoch   27/200 | loss 0.7766 | lr 0.02867 <-- BEST (epoch 27, loss 0.7766)
epoch   28/200 | loss 0.7499 | lr 0.02857 <-- BEST (epoch 28, loss 0.7499)
epoch   29/200 | loss 0.7381 | lr 0.02847 <-- BEST (epoch 29, loss 0.7381)
epoch   30/200 | loss 0.7214 | lr 0.02837 <-- BEST (epoch 30, loss 0.7214)
epoch   31/200 | loss 0.7198 | lr 0.02826 <-- BEST (epoch 31, loss 0.7198)
epoch   32/200 | loss 0.7044 | lr 0.02814 <-- BEST (epoch 32, loss 0.7044)
epoch   33/200 | loss 0.6936 | lr 0.02803 <-- BEST (epoch 33, loss 0.6936)
epoch   34/200 | loss 0.6797 | lr 0.02791 <-- BEST (epoch 34, loss 0.6797)
epoch   35/200 | loss 0.6707 | lr 0.02779 <-- BEST (epoch 35, loss 0.6707)
epoch   36/200 | loss 0.6529 | lr 0.02766 <-- BEST (epoch 36, loss 0.6529)
epoch   37/200 | loss 0.6520 | lr 0.02754 <-- BEST (epoch 37, loss 0.6520)
epoch   38/200 | loss 0.6500 | lr 0.02741 <-- BEST (epoch 38, loss 0.6500)
epoch   39/200 | loss 0.6258 | lr 0.02727 <-- BEST (epoch 39, loss 0.6258)
epoch   40/200 | loss 0.6251 | lr 0.02714 <-- BEST (epoch 40, loss 0.6251)
epoch   41/200 | loss 0.6156 | lr 0.02700 <-- BEST (epoch 41, loss 0.6156)
epoch   42/200 | loss 0.6106 | lr 0.02685 <-- BEST (epoch 42, loss 0.6106)
epoch   43/200 | loss 0.6021 | lr 0.02671 <-- BEST (epoch 43, loss 0.6021)
epoch   44/200 | loss 0.6022 | lr 0.02656
epoch   45/200 | loss 0.5807 | lr 0.02641 <-- BEST (epoch 45, loss 0.5807)
epoch   46/200 | loss 0.5891 | lr 0.02625
epoch   47/200 | loss 0.5810 | lr 0.02609
epoch   48/200 | loss 0.5700 | lr 0.02593 <-- BEST (epoch 48, loss 0.5700)
epoch   49/200 | loss 0.5697 | lr 0.02577 <-- BEST (epoch 49, loss 0.5697)
epoch   50/200 | loss 0.5762 | lr 0.02561
epoch   51/200 | loss 0.5626 | lr 0.02544 <-- BEST (epoch 51, loss 0.5626)
epoch   52/200 | loss 0.5476 | lr 0.02527 <-- BEST (epoch 52, loss 0.5476)
epoch   53/200 | loss 0.5445 | lr 0.02510 <-- BEST (epoch 53, loss 0.5445)
epoch   54/200 | loss 0.5402 | lr 0.02492 <-- BEST (epoch 54, loss 0.5402)
epoch   55/200 | loss 0.5309 | lr 0.02474 <-- BEST (epoch 55, loss 0.5309)
epoch   56/200 | loss 0.5231 | lr 0.02456 <-- BEST (epoch 56, loss 0.5231)
epoch   57/200 | loss 0.5064 | lr 0.02438 <-- BEST (epoch 57, loss 0.5064)
epoch   58/200 | loss 0.5223 | lr 0.02419
epoch   59/200 | loss 0.5113 | lr 0.02401
epoch   60/200 | loss 0.4997 | lr 0.02382 <-- BEST (epoch 60, loss 0.4997)
epoch   61/200 | loss 0.5017 | lr 0.02363
epoch   62/200 | loss 0.5015 | lr 0.02343
epoch   63/200 | loss 0.4939 | lr 0.02324 <-- BEST (epoch 63, loss 0.4939)
epoch   64/200 | loss 0.4928 | lr 0.02304 <-- BEST (epoch 64, loss 0.4928)
epoch   65/200 | loss 0.4921 | lr 0.02284 <-- BEST (epoch 65, loss 0.4921)
epoch   66/200 | loss 0.4849 | lr 0.02264 <-- BEST (epoch 66, loss 0.4849)
epoch   67/200 | loss 0.4765 | lr 0.02243 <-- BEST (epoch 67, loss 0.4765)
epoch   68/200 | loss 0.4810 | lr 0.02223
epoch   69/200 | loss 0.4754 | lr 0.02202 <-- BEST (epoch 69, loss 0.4754)
epoch   70/200 | loss 0.4616 | lr 0.02181 <-- BEST (epoch 70, loss 0.4616)
epoch   71/200 | loss 0.4683 | lr 0.02160
epoch   72/200 | loss 0.4624 | lr 0.02139
epoch   73/200 | loss 0.4602 | lr 0.02117 <-- BEST (epoch 73, loss 0.4602)
epoch   74/200 | loss 0.4554 | lr 0.02096 <-- BEST (epoch 74, loss 0.4554)
epoch   75/200 | loss 0.4540 | lr 0.02074 <-- BEST (epoch 75, loss 0.4540)
epoch   76/200 | loss 0.4551 | lr 0.02052
epoch   77/200 | loss 0.4479 | lr 0.02030 <-- BEST (epoch 77, loss 0.4479)
epoch   78/200 | loss 0.4482 | lr 0.02008
epoch   79/200 | loss 0.4364 | lr 0.01986 <-- BEST (epoch 79, loss 0.4364)
epoch   80/200 | loss 0.4316 | lr 0.01964 <-- BEST (epoch 80, loss 0.4316)
epoch   81/200 | loss 0.4358 | lr 0.01941
epoch   82/200 | loss 0.4302 | lr 0.01918 <-- BEST (epoch 82, loss 0.4302)
epoch   83/200 | loss 0.4261 | lr 0.01896 <-- BEST (epoch 83, loss 0.4261)
epoch   84/200 | loss 0.4241 | lr 0.01873 <-- BEST (epoch 84, loss 0.4241)
epoch   85/200 | loss 0.4203 | lr 0.01850 <-- BEST (epoch 85, loss 0.4203)
epoch   86/200 | loss 0.4108 | lr 0.01827 <-- BEST (epoch 86, loss 0.4108)
epoch   87/200 | loss 0.4257 | lr 0.01804
epoch   88/200 | loss 0.4113 | lr 0.01781
epoch   89/200 | loss 0.4172 | lr 0.01758
epoch   90/200 | loss 0.4167 | lr 0.01735
epoch   91/200 | loss 0.4056 | lr 0.01711 <-- BEST (epoch 91, loss 0.4056)
epoch   92/200 | loss 0.4046 | lr 0.01688 <-- BEST (epoch 92, loss 0.4046)
epoch   93/200 | loss 0.4061 | lr 0.01665
epoch   94/200 | loss 0.3991 | lr 0.01641 <-- BEST (epoch 94, loss 0.3991)
epoch   95/200 | loss 0.4014 | lr 0.01618
epoch   96/200 | loss 0.3948 | lr 0.01594 <-- BEST (epoch 96, loss 0.3948)
epoch   97/200 | loss 0.3989 | lr 0.01571
epoch   98/200 | loss 0.3953 | lr 0.01547
epoch   99/200 | loss 0.3837 | lr 0.01524 <-- BEST (epoch 99, loss 0.3837)
epoch  100/200 | loss 0.3820 | lr 0.01500 <-- BEST (epoch 100, loss 0.3820)
epoch  101/200 | loss 0.3852 | lr 0.01476
epoch  102/200 | loss 0.3779 | lr 0.01453 <-- BEST (epoch 102, loss 0.3779)
epoch  103/200 | loss 0.3814 | lr 0.01429
epoch  104/200 | loss 0.3790 | lr 0.01406
epoch  105/200 | loss 0.3794 | lr 0.01382
epoch  106/200 | loss 0.3693 | lr 0.01359 <-- BEST (epoch 106, loss 0.3693)
epoch  107/200 | loss 0.3730 | lr 0.01335
epoch  108/200 | loss 0.3666 | lr 0.01312 <-- BEST (epoch 108, loss 0.3666)
epoch  109/200 | loss 0.3672 | lr 0.01289
epoch  110/200 | loss 0.3678 | lr 0.01265
epoch  111/200 | loss 0.3579 | lr 0.01242 <-- BEST (epoch 111, loss 0.3579)
epoch  112/200 | loss 0.3644 | lr 0.01219
epoch  113/200 | loss 0.3682 | lr 0.01196
epoch  114/200 | loss 0.3565 | lr 0.01173 <-- BEST (epoch 114, loss 0.3565)
epoch  115/200 | loss 0.3580 | lr 0.01150
epoch  116/200 | loss 0.3492 | lr 0.01127 <-- BEST (epoch 116, loss 0.3492)
epoch  117/200 | loss 0.3567 | lr 0.01104
epoch  118/200 | loss 0.3504 | lr 0.01082
epoch  119/200 | loss 0.3476 | lr 0.01059 <-- BEST (epoch 119, loss 0.3476)
epoch  120/200 | loss 0.3468 | lr 0.01036 <-- BEST (epoch 120, loss 0.3468)
epoch  121/200 | loss 0.3451 | lr 0.01014 <-- BEST (epoch 121, loss 0.3451)
epoch  122/200 | loss 0.3449 | lr 0.00992 <-- BEST (epoch 122, loss 0.3449)
epoch  123/200 | loss 0.3445 | lr 0.00970 <-- BEST (epoch 123, loss 0.3445)
epoch  124/200 | loss 0.3405 | lr 0.00948 <-- BEST (epoch 124, loss 0.3405)
epoch  125/200 | loss 0.3389 | lr 0.00926 <-- BEST (epoch 125, loss 0.3389)
epoch  126/200 | loss 0.3377 | lr 0.00904 <-- BEST (epoch 126, loss 0.3377)
epoch  127/200 | loss 0.3403 | lr 0.00883
epoch  128/200 | loss 0.3385 | lr 0.00861
epoch  129/200 | loss 0.3284 | lr 0.00840 <-- BEST (epoch 129, loss 0.3284)
epoch  130/200 | loss 0.3284 | lr 0.00819
epoch  131/200 | loss 0.3294 | lr 0.00798
epoch  132/200 | loss 0.3275 | lr 0.00777 <-- BEST (epoch 132, loss 0.3275)
epoch  133/200 | loss 0.3274 | lr 0.00757 <-- BEST (epoch 133, loss 0.3274)
epoch  134/200 | loss 0.3226 | lr 0.00736 <-- BEST (epoch 134, loss 0.3226)
epoch  135/200 | loss 0.3278 | lr 0.00716
epoch  136/200 | loss 0.3172 | lr 0.00696 <-- BEST (epoch 136, loss 0.3172)
epoch  137/200 | loss 0.3206 | lr 0.00676
epoch  138/200 | loss 0.3152 | lr 0.00657 <-- BEST (epoch 138, loss 0.3152)
epoch  139/200 | loss 0.3126 | lr 0.00637 <-- BEST (epoch 139, loss 0.3126)
epoch  140/200 | loss 0.3123 | lr 0.00618 <-- BEST (epoch 140, loss 0.3123)
epoch  141/200 | loss 0.3140 | lr 0.00599
epoch  142/200 | loss 0.3138 | lr 0.00581
epoch  143/200 | loss 0.3088 | lr 0.00562 <-- BEST (epoch 143, loss 0.3088)
epoch  144/200 | loss 0.3113 | lr 0.00544
epoch  145/200 | loss 0.3039 | lr 0.00526 <-- BEST (epoch 145, loss 0.3039)
epoch  146/200 | loss 0.3089 | lr 0.00508
epoch  147/200 | loss 0.3085 | lr 0.00490
epoch  148/200 | loss 0.3076 | lr 0.00473
epoch  149/200 | loss 0.2987 | lr 0.00456 <-- BEST (epoch 149, loss 0.2987)
epoch  150/200 | loss 0.3080 | lr 0.00439
epoch  151/200 | loss 0.2975 | lr 0.00423 <-- BEST (epoch 151, loss 0.2975)
epoch  152/200 | loss 0.3019 | lr 0.00407
epoch  153/200 | loss 0.3018 | lr 0.00391
epoch  154/200 | loss 0.2940 | lr 0.00375 <-- BEST (epoch 154, loss 0.2940)
epoch  155/200 | loss 0.2990 | lr 0.00359
epoch  156/200 | loss 0.2980 | lr 0.00344
epoch  157/200 | loss 0.2922 | lr 0.00329 <-- BEST (epoch 157, loss 0.2922)
epoch  158/200 | loss 0.2890 | lr 0.00315 <-- BEST (epoch 158, loss 0.2890)
epoch  159/200 | loss 0.2940 | lr 0.00300
epoch  160/200 | loss 0.2909 | lr 0.00286
epoch  161/200 | loss 0.2881 | lr 0.00273 <-- BEST (epoch 161, loss 0.2881)
epoch  162/200 | loss 0.2868 | lr 0.00259 <-- BEST (epoch 162, loss 0.2868)
epoch  163/200 | loss 0.2969 | lr 0.00246
epoch  164/200 | loss 0.2918 | lr 0.00234
epoch  165/200 | loss 0.2879 | lr 0.00221
epoch  166/200 | loss 0.2888 | lr 0.00209
epoch  167/200 | loss 0.2888 | lr 0.00197
epoch  168/200 | loss 0.2846 | lr 0.00186 <-- BEST (epoch 168, loss 0.2846)
epoch  169/200 | loss 0.2849 | lr 0.00174
epoch  170/200 | loss 0.2882 | lr 0.00163
epoch  171/200 | loss 0.2876 | lr 0.00153
epoch  172/200 | loss 0.2887 | lr 0.00143
epoch  173/200 | loss 0.2810 | lr 0.00133 <-- BEST (epoch 173, loss 0.2810)
epoch  174/200 | loss 0.2817 | lr 0.00123
epoch  175/200 | loss 0.2835 | lr 0.00114
epoch  176/200 | loss 0.2837 | lr 0.00105
epoch  177/200 | loss 0.2836 | lr 0.00097
epoch  178/200 | loss 0.2868 | lr 0.00089
epoch  179/200 | loss 0.2832 | lr 0.00081
epoch  180/200 | loss 0.2803 | lr 0.00073 <-- BEST (epoch 180, loss 0.2803)
epoch  181/200 | loss 0.2799 | lr 0.00066 <-- BEST (epoch 181, loss 0.2799)
epoch  182/200 | loss 0.2776 | lr 0.00060 <-- BEST (epoch 182, loss 0.2776)
epoch  183/200 | loss 0.2788 | lr 0.00053
epoch  184/200 | loss 0.2809 | lr 0.00047
epoch  185/200 | loss 0.2736 | lr 0.00041 <-- BEST (epoch 185, loss 0.2736)
epoch  186/200 | loss 0.2772 | lr 0.00036
epoch  187/200 | loss 0.2787 | lr 0.00031
epoch  188/200 | loss 0.2781 | lr 0.00027
epoch  189/200 | loss 0.2812 | lr 0.00022
epoch  190/200 | loss 0.2801 | lr 0.00018
epoch  191/200 | loss 0.2861 | lr 0.00015
epoch  192/200 | loss 0.2770 | lr 0.00012
epoch  193/200 | loss 0.2771 | lr 0.00009
epoch  194/200 | loss 0.2753 | lr 0.00007
epoch  195/200 | loss 0.2775 | lr 0.00005
epoch  196/200 | loss 0.2788 | lr 0.00003
epoch  197/200 | loss 0.2751 | lr 0.00002
epoch  198/200 | loss 0.2720 | lr 0.00001 <-- BEST (epoch 198, loss 0.2720)
epoch  199/200 | loss 0.2751 | lr 0.00000
epoch  200/200 | loss 0.2701 | lr 0.00000 <-- BEST (epoch 200, loss 0.2701)
------------------------------------------------------------
[2026-05-30 15:30:35] Training finished
best epoch : 200
best loss  : 0.2701
