[2026-05-30 09:42:36] Training started
config: {
  "exp_name": "backbone_resnet50",
  "arch": "resnet50",
  "cifar_stem": true,
  "pretrained": false,
  "epochs": 200,
  "batch_size": 256,
  "lr": 0.03,
  "weight_decay": 0.0001,
  "num_workers": 4,
  "save_freq": 50,
  "data_root": "./data/cifar10",
  "augmentation": "full",
  "aug_kwargs": {
    "image_size": 32,
    "s": 1.0,
    "gaussian_blur": false
  },
  "loss_type": "nt_xent",
  "loss_kwargs": {
    "temperature": 0.07,
    "device": "cuda"
  },
  "proj_hidden_dim": 2048,
  "proj_output_dim": 128,
  "proj_num_layers": 2,
  "eval_batch_size": 256,
  "probe_epochs": 100,
  "save_dir": "./results/ablation_backbone/backbone_resnet50"
}
------------------------------------------------------------
epoch    1/200 | loss 6.0954 | lr 0.03000 <-- BEST (epoch 1, loss 6.0954)
epoch    2/200 | loss 5.9166 | lr 0.02999 <-- BEST (epoch 2, loss 5.9166)
epoch    3/200 | loss 5.6130 | lr 0.02998 <-- BEST (epoch 3, loss 5.6130)
epoch    4/200 | loss 5.0823 | lr 0.02997 <-- BEST (epoch 4, loss 5.0823)
epoch    5/200 | loss 4.5038 | lr 0.02995 <-- BEST (epoch 5, loss 4.5038)
epoch    6/200 | loss 3.9875 | lr 0.02993 <-- BEST (epoch 6, loss 3.9875)
epoch    7/200 | loss 3.4829 | lr 0.02991 <-- BEST (epoch 7, loss 3.4829)
epoch    8/200 | loss 2.8605 | lr 0.02988 <-- BEST (epoch 8, loss 2.8605)
epoch    9/200 | loss 2.4481 | lr 0.02985 <-- BEST (epoch 9, loss 2.4481)
epoch   10/200 | loss 2.1533 | lr 0.02982 <-- BEST (epoch 10, loss 2.1533)
epoch   11/200 | loss 1.8224 | lr 0.02978 <-- BEST (epoch 11, loss 1.8224)
epoch   12/200 | loss 1.6300 | lr 0.02973 <-- BEST (epoch 12, loss 1.6300)
epoch   13/200 | loss 1.4779 | lr 0.02969 <-- BEST (epoch 13, loss 1.4779)
epoch   14/200 | loss 1.3916 | lr 0.02964 <-- BEST (epoch 14, loss 1.3916)
epoch   15/200 | loss 1.2885 | lr 0.02959 <-- BEST (epoch 15, loss 1.2885)
epoch   16/200 | loss 1.2304 | lr 0.02953 <-- BEST (epoch 16, loss 1.2304)
epoch   17/200 | loss 1.1678 | lr 0.02947 <-- BEST (epoch 17, loss 1.1678)
epoch   18/200 | loss 1.1156 | lr 0.02940 <-- BEST (epoch 18, loss 1.1156)
epoch   19/200 | loss 1.0542 | lr 0.02934 <-- BEST (epoch 19, loss 1.0542)
epoch   20/200 | loss 1.0258 | lr 0.02927 <-- BEST (epoch 20, loss 1.0258)
epoch   21/200 | loss 0.9768 | lr 0.02919 <-- BEST (epoch 21, loss 0.9768)
epoch   22/200 | loss 0.9480 | lr 0.02911 <-- BEST (epoch 22, loss 0.9480)
epoch   23/200 | loss 0.9193 | lr 0.02903 <-- BEST (epoch 23, loss 0.9193)
epoch   24/200 | loss 0.8910 | lr 0.02895 <-- BEST (epoch 24, loss 0.8910)
epoch   25/200 | loss 0.8639 | lr 0.02886 <-- BEST (epoch 25, loss 0.8639)
epoch   26/200 | loss 0.8444 | lr 0.02877 <-- BEST (epoch 26, loss 0.8444)
epoch   27/200 | loss 0.8179 | lr 0.02867 <-- BEST (epoch 27, loss 0.8179)
epoch   28/200 | loss 0.8120 | lr 0.02857 <-- BEST (epoch 28, loss 0.8120)
epoch   29/200 | loss 0.7722 | lr 0.02847 <-- BEST (epoch 29, loss 0.7722)
epoch   30/200 | loss 0.7613 | lr 0.02837 <-- BEST (epoch 30, loss 0.7613)
epoch   31/200 | loss 0.7421 | lr 0.02826 <-- BEST (epoch 31, loss 0.7421)
epoch   32/200 | loss 0.7268 | lr 0.02814 <-- BEST (epoch 32, loss 0.7268)
epoch   33/200 | loss 0.7132 | lr 0.02803 <-- BEST (epoch 33, loss 0.7132)
epoch   34/200 | loss 0.7189 | lr 0.02791
epoch   35/200 | loss 0.7003 | lr 0.02779 <-- BEST (epoch 35, loss 0.7003)
epoch   36/200 | loss 0.6798 | lr 0.02766 <-- BEST (epoch 36, loss 0.6798)
epoch   37/200 | loss 0.6738 | lr 0.02754 <-- BEST (epoch 37, loss 0.6738)
epoch   38/200 | loss 0.6614 | lr 0.02741 <-- BEST (epoch 38, loss 0.6614)
epoch   39/200 | loss 0.6482 | lr 0.02727 <-- BEST (epoch 39, loss 0.6482)
epoch   40/200 | loss 0.6483 | lr 0.02714
epoch   41/200 | loss 0.6277 | lr 0.02700 <-- BEST (epoch 41, loss 0.6277)
epoch   42/200 | loss 0.6233 | lr 0.02685 <-- BEST (epoch 42, loss 0.6233)
epoch   43/200 | loss 0.6107 | lr 0.02671 <-- BEST (epoch 43, loss 0.6107)
epoch   44/200 | loss 0.6012 | lr 0.02656 <-- BEST (epoch 44, loss 0.6012)
epoch   45/200 | loss 0.6059 | lr 0.02641
epoch   46/200 | loss 0.5979 | lr 0.02625 <-- BEST (epoch 46, loss 0.5979)
epoch   47/200 | loss 0.5807 | lr 0.02609 <-- BEST (epoch 47, loss 0.5807)
epoch   48/200 | loss 0.5840 | lr 0.02593
epoch   49/200 | loss 0.5699 | lr 0.02577 <-- BEST (epoch 49, loss 0.5699)
epoch   50/200 | loss 0.5625 | lr 0.02561 <-- BEST (epoch 50, loss 0.5625)
epoch   51/200 | loss 0.5535 | lr 0.02544 <-- BEST (epoch 51, loss 0.5535)
epoch   52/200 | loss 0.5525 | lr 0.02527 <-- BEST (epoch 52, loss 0.5525)
epoch   53/200 | loss 0.5468 | lr 0.02510 <-- BEST (epoch 53, loss 0.5468)
epoch   54/200 | loss 0.5362 | lr 0.02492 <-- BEST (epoch 54, loss 0.5362)
epoch   55/200 | loss 0.5429 | lr 0.02474
epoch   56/200 | loss 0.5386 | lr 0.02456
epoch   57/200 | loss 0.5139 | lr 0.02438 <-- BEST (epoch 57, loss 0.5139)
epoch   58/200 | loss 0.5180 | lr 0.02419
epoch   59/200 | loss 0.5220 | lr 0.02401
epoch   60/200 | loss 0.5071 | lr 0.02382 <-- BEST (epoch 60, loss 0.5071)
epoch   61/200 | loss 0.5092 | lr 0.02363
epoch   62/200 | loss 0.5010 | lr 0.02343 <-- BEST (epoch 62, loss 0.5010)
epoch   63/200 | loss 0.4914 | lr 0.02324 <-- BEST (epoch 63, loss 0.4914)
epoch   64/200 | loss 0.4874 | lr 0.02304 <-- BEST (epoch 64, loss 0.4874)
epoch   65/200 | loss 0.4882 | lr 0.02284
epoch   66/200 | loss 0.4831 | lr 0.02264 <-- BEST (epoch 66, loss 0.4831)
epoch   67/200 | loss 0.4796 | lr 0.02243 <-- BEST (epoch 67, loss 0.4796)
epoch   68/200 | loss 0.4767 | lr 0.02223 <-- BEST (epoch 68, loss 0.4767)
epoch   69/200 | loss 0.4811 | lr 0.02202
epoch   70/200 | loss 0.4743 | lr 0.02181 <-- BEST (epoch 70, loss 0.4743)
epoch   71/200 | loss 0.4693 | lr 0.02160 <-- BEST (epoch 71, loss 0.4693)
epoch   72/200 | loss 0.4585 | lr 0.02139 <-- BEST (epoch 72, loss 0.4585)
epoch   73/200 | loss 0.4589 | lr 0.02117
epoch   74/200 | loss 0.4497 | lr 0.02096 <-- BEST (epoch 74, loss 0.4497)
epoch   75/200 | loss 0.4499 | lr 0.02074
epoch   76/200 | loss 0.4465 | lr 0.02052 <-- BEST (epoch 76, loss 0.4465)
epoch   77/200 | loss 0.4513 | lr 0.02030
epoch   78/200 | loss 0.4421 | lr 0.02008 <-- BEST (epoch 78, loss 0.4421)
epoch   79/200 | loss 0.4294 | lr 0.01986 <-- BEST (epoch 79, loss 0.4294)
epoch   80/200 | loss 0.4280 | lr 0.01964 <-- BEST (epoch 80, loss 0.4280)
epoch   81/200 | loss 0.4233 | lr 0.01941 <-- BEST (epoch 81, loss 0.4233)
epoch   82/200 | loss 0.4331 | lr 0.01918
epoch   83/200 | loss 0.4332 | lr 0.01896
epoch   84/200 | loss 0.4248 | lr 0.01873
epoch   85/200 | loss 0.4156 | lr 0.01850 <-- BEST (epoch 85, loss 0.4156)
epoch   86/200 | loss 0.4091 | lr 0.01827 <-- BEST (epoch 86, loss 0.4091)
epoch   87/200 | loss 0.4122 | lr 0.01804
epoch   88/200 | loss 0.4089 | lr 0.01781 <-- BEST (epoch 88, loss 0.4089)
epoch   89/200 | loss 0.4089 | lr 0.01758 <-- BEST (epoch 89, loss 0.4089)
epoch   90/200 | loss 0.4033 | lr 0.01735 <-- BEST (epoch 90, loss 0.4033)
epoch   91/200 | loss 0.4018 | lr 0.01711 <-- BEST (epoch 91, loss 0.4018)
epoch   92/200 | loss 0.3946 | lr 0.01688 <-- BEST (epoch 92, loss 0.3946)
epoch   93/200 | loss 0.3954 | lr 0.01665
epoch   94/200 | loss 0.3959 | lr 0.01641
epoch   95/200 | loss 0.3866 | lr 0.01618 <-- BEST (epoch 95, loss 0.3866)
epoch   96/200 | loss 0.3942 | lr 0.01594
epoch   97/200 | loss 0.3890 | lr 0.01571
epoch   98/200 | loss 0.3895 | lr 0.01547
epoch   99/200 | loss 0.3809 | lr 0.01524 <-- BEST (epoch 99, loss 0.3809)
epoch  100/200 | loss 0.3805 | lr 0.01500 <-- BEST (epoch 100, loss 0.3805)
epoch  101/200 | loss 0.3748 | lr 0.01476 <-- BEST (epoch 101, loss 0.3748)
epoch  102/200 | loss 0.3697 | lr 0.01453 <-- BEST (epoch 102, loss 0.3697)
epoch  103/200 | loss 0.3720 | lr 0.01429
epoch  104/200 | loss 0.3640 | lr 0.01406 <-- BEST (epoch 104, loss 0.3640)
epoch  105/200 | loss 0.3644 | lr 0.01382
epoch  106/200 | loss 0.3633 | lr 0.01359 <-- BEST (epoch 106, loss 0.3633)
epoch  107/200 | loss 0.3708 | lr 0.01335
epoch  108/200 | loss 0.3632 | lr 0.01312 <-- BEST (epoch 108, loss 0.3632)
epoch  109/200 | loss 0.3699 | lr 0.01289
epoch  110/200 | loss 0.3593 | lr 0.01265 <-- BEST (epoch 110, loss 0.3593)
epoch  111/200 | loss 0.3600 | lr 0.01242
epoch  112/200 | loss 0.3557 | lr 0.01219 <-- BEST (epoch 112, loss 0.3557)
epoch  113/200 | loss 0.3499 | lr 0.01196 <-- BEST (epoch 113, loss 0.3499)
epoch  114/200 | loss 0.3573 | lr 0.01173
epoch  115/200 | loss 0.3474 | lr 0.01150 <-- BEST (epoch 115, loss 0.3474)
epoch  116/200 | loss 0.3413 | lr 0.01127 <-- BEST (epoch 116, loss 0.3413)
epoch  117/200 | loss 0.3418 | lr 0.01104
epoch  118/200 | loss 0.3476 | lr 0.01082
epoch  119/200 | loss 0.3395 | lr 0.01059 <-- BEST (epoch 119, loss 0.3395)
epoch  120/200 | loss 0.3354 | lr 0.01036 <-- BEST (epoch 120, loss 0.3354)
epoch  121/200 | loss 0.3298 | lr 0.01014 <-- BEST (epoch 121, loss 0.3298)
epoch  122/200 | loss 0.3345 | lr 0.00992
epoch  123/200 | loss 0.3276 | lr 0.00970 <-- BEST (epoch 123, loss 0.3276)
epoch  124/200 | loss 0.3231 | lr 0.00948 <-- BEST (epoch 124, loss 0.3231)
epoch  125/200 | loss 0.3280 | lr 0.00926
epoch  126/200 | loss 0.3261 | lr 0.00904
epoch  127/200 | loss 0.3245 | lr 0.00883
epoch  128/200 | loss 0.3273 | lr 0.00861
epoch  129/200 | loss 0.3189 | lr 0.00840 <-- BEST (epoch 129, loss 0.3189)
epoch  130/200 | loss 0.3234 | lr 0.00819
epoch  131/200 | loss 0.3171 | lr 0.00798 <-- BEST (epoch 131, loss 0.3171)
epoch  132/200 | loss 0.3196 | lr 0.00777
epoch  133/200 | loss 0.3198 | lr 0.00757
epoch  134/200 | loss 0.3108 | lr 0.00736 <-- BEST (epoch 134, loss 0.3108)
epoch  135/200 | loss 0.3151 | lr 0.00716
epoch  136/200 | loss 0.3088 | lr 0.00696 <-- BEST (epoch 136, loss 0.3088)
epoch  137/200 | loss 0.3135 | lr 0.00676
epoch  138/200 | loss 0.3067 | lr 0.00657 <-- BEST (epoch 138, loss 0.3067)
epoch  139/200 | loss 0.3073 | lr 0.00637
epoch  140/200 | loss 0.3015 | lr 0.00618 <-- BEST (epoch 140, loss 0.3015)
epoch  141/200 | loss 0.3062 | lr 0.00599
epoch  142/200 | loss 0.2994 | lr 0.00581 <-- BEST (epoch 142, loss 0.2994)
epoch  143/200 | loss 0.2978 | lr 0.00562 <-- BEST (epoch 143, loss 0.2978)
epoch  144/200 | loss 0.2991 | lr 0.00544
epoch  145/200 | loss 0.2997 | lr 0.00526
epoch  146/200 | loss 0.2969 | lr 0.00508 <-- BEST (epoch 146, loss 0.2969)
epoch  147/200 | loss 0.2977 | lr 0.00490
epoch  148/200 | loss 0.2948 | lr 0.00473 <-- BEST (epoch 148, loss 0.2948)
epoch  149/200 | loss 0.2984 | lr 0.00456
epoch  150/200 | loss 0.2928 | lr 0.00439 <-- BEST (epoch 150, loss 0.2928)
epoch  151/200 | loss 0.2881 | lr 0.00423 <-- BEST (epoch 151, loss 0.2881)
epoch  152/200 | loss 0.2912 | lr 0.00407
epoch  153/200 | loss 0.2927 | lr 0.00391
epoch  154/200 | loss 0.2885 | lr 0.00375
epoch  155/200 | loss 0.2849 | lr 0.00359 <-- BEST (epoch 155, loss 0.2849)
epoch  156/200 | loss 0.2871 | lr 0.00344
epoch  157/200 | loss 0.2901 | lr 0.00329
epoch  158/200 | loss 0.2885 | lr 0.00315
epoch  159/200 | loss 0.2874 | lr 0.00300
epoch  160/200 | loss 0.2850 | lr 0.00286
epoch  161/200 | loss 0.2827 | lr 0.00273 <-- BEST (epoch 161, loss 0.2827)
epoch  162/200 | loss 0.2765 | lr 0.00259 <-- BEST (epoch 162, loss 0.2765)
epoch  163/200 | loss 0.2762 | lr 0.00246 <-- BEST (epoch 163, loss 0.2762)
epoch  164/200 | loss 0.2775 | lr 0.00234
epoch  165/200 | loss 0.2810 | lr 0.00221
epoch  166/200 | loss 0.2734 | lr 0.00209 <-- BEST (epoch 166, loss 0.2734)
epoch  167/200 | loss 0.2817 | lr 0.00197
epoch  168/200 | loss 0.2738 | lr 0.00186
epoch  169/200 | loss 0.2801 | lr 0.00174
epoch  170/200 | loss 0.2781 | lr 0.00163
epoch  171/200 | loss 0.2763 | lr 0.00153
epoch  172/200 | loss 0.2733 | lr 0.00143 <-- BEST (epoch 172, loss 0.2733)
epoch  173/200 | loss 0.2764 | lr 0.00133
epoch  174/200 | loss 0.2717 | lr 0.00123 <-- BEST (epoch 174, loss 0.2717)
epoch  175/200 | loss 0.2735 | lr 0.00114
epoch  176/200 | loss 0.2664 | lr 0.00105 <-- BEST (epoch 176, loss 0.2664)
epoch  177/200 | loss 0.2714 | lr 0.00097
epoch  178/200 | loss 0.2673 | lr 0.00089
epoch  179/200 | loss 0.2674 | lr 0.00081
epoch  180/200 | loss 0.2703 | lr 0.00073
epoch  181/200 | loss 0.2720 | lr 0.00066
epoch  182/200 | loss 0.2691 | lr 0.00060
epoch  183/200 | loss 0.2702 | lr 0.00053
epoch  184/200 | loss 0.2716 | lr 0.00047
epoch  185/200 | loss 0.2686 | lr 0.00041
epoch  186/200 | loss 0.2726 | lr 0.00036
epoch  187/200 | loss 0.2689 | lr 0.00031
epoch  188/200 | loss 0.2679 | lr 0.00027
epoch  189/200 | loss 0.2683 | lr 0.00022
epoch  190/200 | loss 0.2656 | lr 0.00018 <-- BEST (epoch 190, loss 0.2656)
epoch  191/200 | loss 0.2716 | lr 0.00015
epoch  192/200 | loss 0.2649 | lr 0.00012 <-- BEST (epoch 192, loss 0.2649)
epoch  193/200 | loss 0.2694 | lr 0.00009
epoch  194/200 | loss 0.2723 | lr 0.00007
epoch  195/200 | loss 0.2739 | lr 0.00005
epoch  196/200 | loss 0.2674 | lr 0.00003
epoch  197/200 | loss 0.2621 | lr 0.00002 <-- BEST (epoch 197, loss 0.2621)
epoch  198/200 | loss 0.2683 | lr 0.00001
epoch  199/200 | loss 0.2634 | lr 0.00000
epoch  200/200 | loss 0.2660 | lr 0.00000
------------------------------------------------------------
[2026-05-30 14:09:57] Training finished
best epoch : 197
best loss  : 0.2621
