[2026-05-30 07:21:45] Training started
config: {
  "exp_name": "backbone_resnet34",
  "arch": "resnet34",
  "cifar_stem": true,
  "pretrained": false,
  "epochs": 200,
  "batch_size": 256,
  "lr": 0.03,
  "weight_decay": 0.0001,
  "num_workers": 4,
  "save_freq": 50,
  "data_root": "./data/cifar10",
  "augmentation": "full",
  "aug_kwargs": {
    "image_size": 32,
    "s": 1.0,
    "gaussian_blur": false
  },
  "loss_type": "nt_xent",
  "loss_kwargs": {
    "temperature": 0.07,
    "device": "cuda"
  },
  "proj_hidden_dim": 2048,
  "proj_output_dim": 128,
  "proj_num_layers": 2,
  "eval_batch_size": 256,
  "probe_epochs": 100,
  "save_dir": "./results/ablation_backbone/backbone_resnet34"
}
------------------------------------------------------------
epoch    1/200 | loss 5.9440 | lr 0.03000 <-- BEST (epoch 1, loss 5.9440)
epoch    2/200 | loss 5.4820 | lr 0.02999 <-- BEST (epoch 2, loss 5.4820)
epoch    3/200 | loss 4.9409 | lr 0.02998 <-- BEST (epoch 3, loss 4.9409)
epoch    4/200 | loss 4.3651 | lr 0.02997 <-- BEST (epoch 4, loss 4.3651)
epoch    5/200 | loss 3.6897 | lr 0.02995 <-- BEST (epoch 5, loss 3.6897)
epoch    6/200 | loss 3.3839 | lr 0.02993 <-- BEST (epoch 6, loss 3.3839)
epoch    7/200 | loss 2.7177 | lr 0.02991 <-- BEST (epoch 7, loss 2.7177)
epoch    8/200 | loss 2.2969 | lr 0.02988 <-- BEST (epoch 8, loss 2.2969)
epoch    9/200 | loss 1.9758 | lr 0.02985 <-- BEST (epoch 9, loss 1.9758)
epoch   10/200 | loss 1.7653 | lr 0.02982 <-- BEST (epoch 10, loss 1.7653)
epoch   11/200 | loss 1.5554 | lr 0.02978 <-- BEST (epoch 11, loss 1.5554)
epoch   12/200 | loss 1.4579 | lr 0.02973 <-- BEST (epoch 12, loss 1.4579)
epoch   13/200 | loss 1.3470 | lr 0.02969 <-- BEST (epoch 13, loss 1.3470)
epoch   14/200 | loss 1.2480 | lr 0.02964 <-- BEST (epoch 14, loss 1.2480)
epoch   15/200 | loss 1.1877 | lr 0.02959 <-- BEST (epoch 15, loss 1.1877)
epoch   16/200 | loss 1.1344 | lr 0.02953 <-- BEST (epoch 16, loss 1.1344)
epoch   17/200 | loss 1.0802 | lr 0.02947 <-- BEST (epoch 17, loss 1.0802)
epoch   18/200 | loss 1.0415 | lr 0.02940 <-- BEST (epoch 18, loss 1.0415)
epoch   19/200 | loss 0.9951 | lr 0.02934 <-- BEST (epoch 19, loss 0.9951)
epoch   20/200 | loss 0.9546 | lr 0.02927 <-- BEST (epoch 20, loss 0.9546)
epoch   21/200 | loss 0.9230 | lr 0.02919 <-- BEST (epoch 21, loss 0.9230)
epoch   22/200 | loss 0.8916 | lr 0.02911 <-- BEST (epoch 22, loss 0.8916)
epoch   23/200 | loss 0.8667 | lr 0.02903 <-- BEST (epoch 23, loss 0.8667)
epoch   24/200 | loss 0.8455 | lr 0.02895 <-- BEST (epoch 24, loss 0.8455)
epoch   25/200 | loss 0.8222 | lr 0.02886 <-- BEST (epoch 25, loss 0.8222)
epoch   26/200 | loss 0.7959 | lr 0.02877 <-- BEST (epoch 26, loss 0.7959)
epoch   27/200 | loss 0.7850 | lr 0.02867 <-- BEST (epoch 27, loss 0.7850)
epoch   28/200 | loss 0.7696 | lr 0.02857 <-- BEST (epoch 28, loss 0.7696)
epoch   29/200 | loss 0.7584 | lr 0.02847 <-- BEST (epoch 29, loss 0.7584)
epoch   30/200 | loss 0.7386 | lr 0.02837 <-- BEST (epoch 30, loss 0.7386)
epoch   31/200 | loss 0.7178 | lr 0.02826 <-- BEST (epoch 31, loss 0.7178)
epoch   32/200 | loss 0.7076 | lr 0.02814 <-- BEST (epoch 32, loss 0.7076)
epoch   33/200 | loss 0.6929 | lr 0.02803 <-- BEST (epoch 33, loss 0.6929)
epoch   34/200 | loss 0.6709 | lr 0.02791 <-- BEST (epoch 34, loss 0.6709)
epoch   35/200 | loss 0.6656 | lr 0.02779 <-- BEST (epoch 35, loss 0.6656)
epoch   36/200 | loss 0.6501 | lr 0.02766 <-- BEST (epoch 36, loss 0.6501)
epoch   37/200 | loss 0.6517 | lr 0.02754
epoch   38/200 | loss 0.6449 | lr 0.02741 <-- BEST (epoch 38, loss 0.6449)
epoch   39/200 | loss 0.6279 | lr 0.02727 <-- BEST (epoch 39, loss 0.6279)
epoch   40/200 | loss 0.6219 | lr 0.02714 <-- BEST (epoch 40, loss 0.6219)
epoch   41/200 | loss 0.6070 | lr 0.02700 <-- BEST (epoch 41, loss 0.6070)
epoch   42/200 | loss 0.6061 | lr 0.02685 <-- BEST (epoch 42, loss 0.6061)
epoch   43/200 | loss 0.5963 | lr 0.02671 <-- BEST (epoch 43, loss 0.5963)
epoch   44/200 | loss 0.5888 | lr 0.02656 <-- BEST (epoch 44, loss 0.5888)
epoch   45/200 | loss 0.5746 | lr 0.02641 <-- BEST (epoch 45, loss 0.5746)
epoch   46/200 | loss 0.5658 | lr 0.02625 <-- BEST (epoch 46, loss 0.5658)
epoch   47/200 | loss 0.5701 | lr 0.02609
epoch   48/200 | loss 0.5582 | lr 0.02593 <-- BEST (epoch 48, loss 0.5582)
epoch   49/200 | loss 0.5575 | lr 0.02577 <-- BEST (epoch 49, loss 0.5575)
epoch   50/200 | loss 0.5411 | lr 0.02561 <-- BEST (epoch 50, loss 0.5411)
epoch   51/200 | loss 0.5403 | lr 0.02544 <-- BEST (epoch 51, loss 0.5403)
epoch   52/200 | loss 0.5271 | lr 0.02527 <-- BEST (epoch 52, loss 0.5271)
epoch   53/200 | loss 0.5325 | lr 0.02510
epoch   54/200 | loss 0.5233 | lr 0.02492 <-- BEST (epoch 54, loss 0.5233)
epoch   55/200 | loss 0.5152 | lr 0.02474 <-- BEST (epoch 55, loss 0.5152)
epoch   56/200 | loss 0.5082 | lr 0.02456 <-- BEST (epoch 56, loss 0.5082)
epoch   57/200 | loss 0.5022 | lr 0.02438 <-- BEST (epoch 57, loss 0.5022)
epoch   58/200 | loss 0.4985 | lr 0.02419 <-- BEST (epoch 58, loss 0.4985)
epoch   59/200 | loss 0.4997 | lr 0.02401
epoch   60/200 | loss 0.4860 | lr 0.02382 <-- BEST (epoch 60, loss 0.4860)
epoch   61/200 | loss 0.4831 | lr 0.02363 <-- BEST (epoch 61, loss 0.4831)
epoch   62/200 | loss 0.4822 | lr 0.02343 <-- BEST (epoch 62, loss 0.4822)
epoch   63/200 | loss 0.4884 | lr 0.02324
epoch   64/200 | loss 0.4767 | lr 0.02304 <-- BEST (epoch 64, loss 0.4767)
epoch   65/200 | loss 0.4573 | lr 0.02284 <-- BEST (epoch 65, loss 0.4573)
epoch   66/200 | loss 0.4652 | lr 0.02264
epoch   67/200 | loss 0.4553 | lr 0.02243 <-- BEST (epoch 67, loss 0.4553)
epoch   68/200 | loss 0.4639 | lr 0.02223
epoch   69/200 | loss 0.4558 | lr 0.02202
epoch   70/200 | loss 0.4497 | lr 0.02181 <-- BEST (epoch 70, loss 0.4497)
epoch   71/200 | loss 0.4487 | lr 0.02160 <-- BEST (epoch 71, loss 0.4487)
epoch   72/200 | loss 0.4492 | lr 0.02139
epoch   73/200 | loss 0.4341 | lr 0.02117 <-- BEST (epoch 73, loss 0.4341)
epoch   74/200 | loss 0.4347 | lr 0.02096
epoch   75/200 | loss 0.4363 | lr 0.02074
epoch   76/200 | loss 0.4433 | lr 0.02052
epoch   77/200 | loss 0.4316 | lr 0.02030 <-- BEST (epoch 77, loss 0.4316)
epoch   78/200 | loss 0.4281 | lr 0.02008 <-- BEST (epoch 78, loss 0.4281)
epoch   79/200 | loss 0.4182 | lr 0.01986 <-- BEST (epoch 79, loss 0.4182)
epoch   80/200 | loss 0.4260 | lr 0.01964
epoch   81/200 | loss 0.4120 | lr 0.01941 <-- BEST (epoch 81, loss 0.4120)
epoch   82/200 | loss 0.4115 | lr 0.01918 <-- BEST (epoch 82, loss 0.4115)
epoch   83/200 | loss 0.4126 | lr 0.01896
epoch   84/200 | loss 0.4027 | lr 0.01873 <-- BEST (epoch 84, loss 0.4027)
epoch   85/200 | loss 0.4033 | lr 0.01850
epoch   86/200 | loss 0.4003 | lr 0.01827 <-- BEST (epoch 86, loss 0.4003)
epoch   87/200 | loss 0.3961 | lr 0.01804 <-- BEST (epoch 87, loss 0.3961)
epoch   88/200 | loss 0.3977 | lr 0.01781
epoch   89/200 | loss 0.3959 | lr 0.01758 <-- BEST (epoch 89, loss 0.3959)
epoch   90/200 | loss 0.3970 | lr 0.01735
epoch   91/200 | loss 0.3893 | lr 0.01711 <-- BEST (epoch 91, loss 0.3893)
epoch   92/200 | loss 0.3843 | lr 0.01688 <-- BEST (epoch 92, loss 0.3843)
epoch   93/200 | loss 0.3852 | lr 0.01665
epoch   94/200 | loss 0.3804 | lr 0.01641 <-- BEST (epoch 94, loss 0.3804)
epoch   95/200 | loss 0.3864 | lr 0.01618
epoch   96/200 | loss 0.3733 | lr 0.01594 <-- BEST (epoch 96, loss 0.3733)
epoch   97/200 | loss 0.3767 | lr 0.01571
epoch   98/200 | loss 0.3709 | lr 0.01547 <-- BEST (epoch 98, loss 0.3709)
epoch   99/200 | loss 0.3732 | lr 0.01524
epoch  100/200 | loss 0.3713 | lr 0.01500
epoch  101/200 | loss 0.3683 | lr 0.01476 <-- BEST (epoch 101, loss 0.3683)
epoch  102/200 | loss 0.3610 | lr 0.01453 <-- BEST (epoch 102, loss 0.3610)
epoch  103/200 | loss 0.3662 | lr 0.01429
epoch  104/200 | loss 0.3555 | lr 0.01406 <-- BEST (epoch 104, loss 0.3555)
epoch  105/200 | loss 0.3585 | lr 0.01382
epoch  106/200 | loss 0.3549 | lr 0.01359 <-- BEST (epoch 106, loss 0.3549)
epoch  107/200 | loss 0.3526 | lr 0.01335 <-- BEST (epoch 107, loss 0.3526)
epoch  108/200 | loss 0.3466 | lr 0.01312 <-- BEST (epoch 108, loss 0.3466)
epoch  109/200 | loss 0.3513 | lr 0.01289
epoch  110/200 | loss 0.3440 | lr 0.01265 <-- BEST (epoch 110, loss 0.3440)
epoch  111/200 | loss 0.3440 | lr 0.01242
epoch  112/200 | loss 0.3367 | lr 0.01219 <-- BEST (epoch 112, loss 0.3367)
epoch  113/200 | loss 0.3332 | lr 0.01196 <-- BEST (epoch 113, loss 0.3332)
epoch  114/200 | loss 0.3354 | lr 0.01173
epoch  115/200 | loss 0.3365 | lr 0.01150
epoch  116/200 | loss 0.3395 | lr 0.01127
epoch  117/200 | loss 0.3307 | lr 0.01104 <-- BEST (epoch 117, loss 0.3307)
epoch  118/200 | loss 0.3324 | lr 0.01082
epoch  119/200 | loss 0.3247 | lr 0.01059 <-- BEST (epoch 119, loss 0.3247)
epoch  120/200 | loss 0.3314 | lr 0.01036
epoch  121/200 | loss 0.3268 | lr 0.01014
epoch  122/200 | loss 0.3235 | lr 0.00992 <-- BEST (epoch 122, loss 0.3235)
epoch  123/200 | loss 0.3177 | lr 0.00970 <-- BEST (epoch 123, loss 0.3177)
epoch  124/200 | loss 0.3150 | lr 0.00948 <-- BEST (epoch 124, loss 0.3150)
epoch  125/200 | loss 0.3204 | lr 0.00926
epoch  126/200 | loss 0.3128 | lr 0.00904 <-- BEST (epoch 126, loss 0.3128)
epoch  127/200 | loss 0.3138 | lr 0.00883
epoch  128/200 | loss 0.3145 | lr 0.00861
epoch  129/200 | loss 0.3100 | lr 0.00840 <-- BEST (epoch 129, loss 0.3100)
epoch  130/200 | loss 0.3132 | lr 0.00819
epoch  131/200 | loss 0.3108 | lr 0.00798
epoch  132/200 | loss 0.3058 | lr 0.00777 <-- BEST (epoch 132, loss 0.3058)
epoch  133/200 | loss 0.3083 | lr 0.00757
epoch  134/200 | loss 0.3071 | lr 0.00736
epoch  135/200 | loss 0.3071 | lr 0.00716
epoch  136/200 | loss 0.3022 | lr 0.00696 <-- BEST (epoch 136, loss 0.3022)
epoch  137/200 | loss 0.3001 | lr 0.00676 <-- BEST (epoch 137, loss 0.3001)
epoch  138/200 | loss 0.3020 | lr 0.00657
epoch  139/200 | loss 0.3041 | lr 0.00637
epoch  140/200 | loss 0.2879 | lr 0.00618 <-- BEST (epoch 140, loss 0.2879)
epoch  141/200 | loss 0.2975 | lr 0.00599
epoch  142/200 | loss 0.2954 | lr 0.00581
epoch  143/200 | loss 0.2946 | lr 0.00562
epoch  144/200 | loss 0.2907 | lr 0.00544
epoch  145/200 | loss 0.2854 | lr 0.00526 <-- BEST (epoch 145, loss 0.2854)
epoch  146/200 | loss 0.2857 | lr 0.00508
epoch  147/200 | loss 0.2842 | lr 0.00490 <-- BEST (epoch 147, loss 0.2842)
epoch  148/200 | loss 0.2865 | lr 0.00473
epoch  149/200 | loss 0.2923 | lr 0.00456
epoch  150/200 | loss 0.2846 | lr 0.00439
epoch  151/200 | loss 0.2815 | lr 0.00423 <-- BEST (epoch 151, loss 0.2815)
epoch  152/200 | loss 0.2810 | lr 0.00407 <-- BEST (epoch 152, loss 0.2810)
epoch  153/200 | loss 0.2817 | lr 0.00391
epoch  154/200 | loss 0.2789 | lr 0.00375 <-- BEST (epoch 154, loss 0.2789)
epoch  155/200 | loss 0.2803 | lr 0.00359
epoch  156/200 | loss 0.2729 | lr 0.00344 <-- BEST (epoch 156, loss 0.2729)
epoch  157/200 | loss 0.2777 | lr 0.00329
epoch  158/200 | loss 0.2761 | lr 0.00315
epoch  159/200 | loss 0.2747 | lr 0.00300
epoch  160/200 | loss 0.2718 | lr 0.00286 <-- BEST (epoch 160, loss 0.2718)
epoch  161/200 | loss 0.2724 | lr 0.00273
epoch  162/200 | loss 0.2673 | lr 0.00259 <-- BEST (epoch 162, loss 0.2673)
epoch  163/200 | loss 0.2711 | lr 0.00246
epoch  164/200 | loss 0.2666 | lr 0.00234 <-- BEST (epoch 164, loss 0.2666)
epoch  165/200 | loss 0.2668 | lr 0.00221
epoch  166/200 | loss 0.2642 | lr 0.00209 <-- BEST (epoch 166, loss 0.2642)
epoch  167/200 | loss 0.2753 | lr 0.00197
epoch  168/200 | loss 0.2659 | lr 0.00186
epoch  169/200 | loss 0.2627 | lr 0.00174 <-- BEST (epoch 169, loss 0.2627)
epoch  170/200 | loss 0.2645 | lr 0.00163
epoch  171/200 | loss 0.2645 | lr 0.00153
epoch  172/200 | loss 0.2641 | lr 0.00143
epoch  173/200 | loss 0.2589 | lr 0.00133 <-- BEST (epoch 173, loss 0.2589)
epoch  174/200 | loss 0.2677 | lr 0.00123
epoch  175/200 | loss 0.2646 | lr 0.00114
epoch  176/200 | loss 0.2581 | lr 0.00105 <-- BEST (epoch 176, loss 0.2581)
epoch  177/200 | loss 0.2558 | lr 0.00097 <-- BEST (epoch 177, loss 0.2558)
epoch  178/200 | loss 0.2658 | lr 0.00089
epoch  179/200 | loss 0.2616 | lr 0.00081
epoch  180/200 | loss 0.2611 | lr 0.00073
epoch  181/200 | loss 0.2627 | lr 0.00066
epoch  182/200 | loss 0.2614 | lr 0.00060
epoch  183/200 | loss 0.2543 | lr 0.00053 <-- BEST (epoch 183, loss 0.2543)
epoch  184/200 | loss 0.2601 | lr 0.00047
epoch  185/200 | loss 0.2628 | lr 0.00041
epoch  186/200 | loss 0.2578 | lr 0.00036
epoch  187/200 | loss 0.2588 | lr 0.00031
epoch  188/200 | loss 0.2607 | lr 0.00027
epoch  189/200 | loss 0.2562 | lr 0.00022
epoch  190/200 | loss 0.2574 | lr 0.00018
epoch  191/200 | loss 0.2568 | lr 0.00015
epoch  192/200 | loss 0.2622 | lr 0.00012
epoch  193/200 | loss 0.2600 | lr 0.00009
epoch  194/200 | loss 0.2608 | lr 0.00007
epoch  195/200 | loss 0.2557 | lr 0.00005
epoch  196/200 | loss 0.2575 | lr 0.00003
epoch  197/200 | loss 0.2557 | lr 0.00002
epoch  198/200 | loss 0.2556 | lr 0.00001
epoch  199/200 | loss 0.2549 | lr 0.00000
epoch  200/200 | loss 0.2513 | lr 0.00000 <-- BEST (epoch 200, loss 0.2513)
------------------------------------------------------------
[2026-05-30 09:41:50] Training finished
best epoch : 200
best loss  : 0.2513
