[2026-05-30 03:22:21] Training started
config: {
  "exp_name": "temp_010",
  "arch": "resnet18",
  "cifar_stem": true,
  "pretrained": false,
  "epochs": 200,
  "batch_size": 256,
  "lr": 0.03,
  "weight_decay": 0.0001,
  "num_workers": 4,
  "save_freq": 50,
  "data_root": "./data/cifar10",
  "augmentation": "full",
  "aug_kwargs": {
    "image_size": 32,
    "s": 1.0,
    "gaussian_blur": false
  },
  "loss_type": "nt_xent",
  "loss_kwargs": {
    "temperature": 0.1,
    "device": "cuda"
  },
  "proj_hidden_dim": 2048,
  "proj_output_dim": 128,
  "proj_num_layers": 2,
  "eval_batch_size": 256,
  "probe_epochs": 100,
  "save_dir": "./results/ablation_temperature/temp_010"
}
------------------------------------------------------------
epoch    1/200 | loss 5.6284 | lr 0.03000 <-- BEST (epoch 1, loss 5.6284)
epoch    2/200 | loss 4.4927 | lr 0.02999 <-- BEST (epoch 2, loss 4.4927)
epoch    3/200 | loss 3.3005 | lr 0.02998 <-- BEST (epoch 3, loss 3.3005)
epoch    4/200 | loss 2.6144 | lr 0.02997 <-- BEST (epoch 4, loss 2.6144)
epoch    5/200 | loss 2.2551 | lr 0.02995 <-- BEST (epoch 5, loss 2.2551)
epoch    6/200 | loss 2.0203 | lr 0.02993 <-- BEST (epoch 6, loss 2.0203)
epoch    7/200 | loss 1.8443 | lr 0.02991 <-- BEST (epoch 7, loss 1.8443)
epoch    8/200 | loss 1.7221 | lr 0.02988 <-- BEST (epoch 8, loss 1.7221)
epoch    9/200 | loss 1.6194 | lr 0.02985 <-- BEST (epoch 9, loss 1.6194)
epoch   10/200 | loss 1.5273 | lr 0.02982 <-- BEST (epoch 10, loss 1.5273)
epoch   11/200 | loss 1.4683 | lr 0.02978 <-- BEST (epoch 11, loss 1.4683)
epoch   12/200 | loss 1.4052 | lr 0.02973 <-- BEST (epoch 12, loss 1.4052)
epoch   13/200 | loss 1.3609 | lr 0.02969 <-- BEST (epoch 13, loss 1.3609)
epoch   14/200 | loss 1.3344 | lr 0.02964 <-- BEST (epoch 14, loss 1.3344)
epoch   15/200 | loss 1.2829 | lr 0.02959 <-- BEST (epoch 15, loss 1.2829)
epoch   16/200 | loss 1.2663 | lr 0.02953 <-- BEST (epoch 16, loss 1.2663)
epoch   17/200 | loss 1.2327 | lr 0.02947 <-- BEST (epoch 17, loss 1.2327)
epoch   18/200 | loss 1.2044 | lr 0.02940 <-- BEST (epoch 18, loss 1.2044)
epoch   19/200 | loss 1.1808 | lr 0.02934 <-- BEST (epoch 19, loss 1.1808)
epoch   20/200 | loss 1.1487 | lr 0.02927 <-- BEST (epoch 20, loss 1.1487)
epoch   21/200 | loss 1.1370 | lr 0.02919 <-- BEST (epoch 21, loss 1.1370)
epoch   22/200 | loss 1.1318 | lr 0.02911 <-- BEST (epoch 22, loss 1.1318)
epoch   23/200 | loss 1.1116 | lr 0.02903 <-- BEST (epoch 23, loss 1.1116)
epoch   24/200 | loss 1.0962 | lr 0.02895 <-- BEST (epoch 24, loss 1.0962)
epoch   25/200 | loss 1.0891 | lr 0.02886 <-- BEST (epoch 25, loss 1.0891)
epoch   26/200 | loss 1.0654 | lr 0.02877 <-- BEST (epoch 26, loss 1.0654)
epoch   27/200 | loss 1.0448 | lr 0.02867 <-- BEST (epoch 27, loss 1.0448)
epoch   28/200 | loss 1.0410 | lr 0.02857 <-- BEST (epoch 28, loss 1.0410)
epoch   29/200 | loss 1.0196 | lr 0.02847 <-- BEST (epoch 29, loss 1.0196)
epoch   30/200 | loss 1.0115 | lr 0.02837 <-- BEST (epoch 30, loss 1.0115)
epoch   31/200 | loss 0.9900 | lr 0.02826 <-- BEST (epoch 31, loss 0.9900)
epoch   32/200 | loss 0.9928 | lr 0.02814
epoch   33/200 | loss 0.9681 | lr 0.02803 <-- BEST (epoch 33, loss 0.9681)
epoch   34/200 | loss 0.9632 | lr 0.02791 <-- BEST (epoch 34, loss 0.9632)
epoch   35/200 | loss 0.9626 | lr 0.02779 <-- BEST (epoch 35, loss 0.9626)
epoch   36/200 | loss 0.9427 | lr 0.02766 <-- BEST (epoch 36, loss 0.9427)
epoch   37/200 | loss 0.9440 | lr 0.02754
epoch   38/200 | loss 0.9268 | lr 0.02741 <-- BEST (epoch 38, loss 0.9268)
epoch   39/200 | loss 0.9300 | lr 0.02727
epoch   40/200 | loss 0.9188 | lr 0.02714 <-- BEST (epoch 40, loss 0.9188)
epoch   41/200 | loss 0.9142 | lr 0.02700 <-- BEST (epoch 41, loss 0.9142)
epoch   42/200 | loss 0.9046 | lr 0.02685 <-- BEST (epoch 42, loss 0.9046)
epoch   43/200 | loss 0.8992 | lr 0.02671 <-- BEST (epoch 43, loss 0.8992)
epoch   44/200 | loss 0.9047 | lr 0.02656
epoch   45/200 | loss 0.8761 | lr 0.02641 <-- BEST (epoch 45, loss 0.8761)
epoch   46/200 | loss 0.8728 | lr 0.02625 <-- BEST (epoch 46, loss 0.8728)
epoch   47/200 | loss 0.8784 | lr 0.02609
epoch   48/200 | loss 0.8693 | lr 0.02593 <-- BEST (epoch 48, loss 0.8693)
epoch   49/200 | loss 0.8683 | lr 0.02577 <-- BEST (epoch 49, loss 0.8683)
epoch   50/200 | loss 0.8486 | lr 0.02561 <-- BEST (epoch 50, loss 0.8486)
epoch   51/200 | loss 0.8487 | lr 0.02544
epoch   52/200 | loss 0.8467 | lr 0.02527 <-- BEST (epoch 52, loss 0.8467)
epoch   53/200 | loss 0.8431 | lr 0.02510 <-- BEST (epoch 53, loss 0.8431)
epoch   54/200 | loss 0.8367 | lr 0.02492 <-- BEST (epoch 54, loss 0.8367)
epoch   55/200 | loss 0.8225 | lr 0.02474 <-- BEST (epoch 55, loss 0.8225)
epoch   56/200 | loss 0.8193 | lr 0.02456 <-- BEST (epoch 56, loss 0.8193)
epoch   57/200 | loss 0.8198 | lr 0.02438
epoch   58/200 | loss 0.8143 | lr 0.02419 <-- BEST (epoch 58, loss 0.8143)
epoch   59/200 | loss 0.8193 | lr 0.02401
epoch   60/200 | loss 0.8047 | lr 0.02382 <-- BEST (epoch 60, loss 0.8047)
epoch   61/200 | loss 0.8049 | lr 0.02363
epoch   62/200 | loss 0.8037 | lr 0.02343 <-- BEST (epoch 62, loss 0.8037)
epoch   63/200 | loss 0.7946 | lr 0.02324 <-- BEST (epoch 63, loss 0.7946)
epoch   64/200 | loss 0.7915 | lr 0.02304 <-- BEST (epoch 64, loss 0.7915)
epoch   65/200 | loss 0.7828 | lr 0.02284 <-- BEST (epoch 65, loss 0.7828)
epoch   66/200 | loss 0.7836 | lr 0.02264
epoch   67/200 | loss 0.7785 | lr 0.02243 <-- BEST (epoch 67, loss 0.7785)
epoch   68/200 | loss 0.7677 | lr 0.02223 <-- BEST (epoch 68, loss 0.7677)
epoch   69/200 | loss 0.7656 | lr 0.02202 <-- BEST (epoch 69, loss 0.7656)
epoch   70/200 | loss 0.7679 | lr 0.02181
epoch   71/200 | loss 0.7588 | lr 0.02160 <-- BEST (epoch 71, loss 0.7588)
epoch   72/200 | loss 0.7572 | lr 0.02139 <-- BEST (epoch 72, loss 0.7572)
epoch   73/200 | loss 0.7487 | lr 0.02117 <-- BEST (epoch 73, loss 0.7487)
epoch   74/200 | loss 0.7546 | lr 0.02096
epoch   75/200 | loss 0.7494 | lr 0.02074
epoch   76/200 | loss 0.7481 | lr 0.02052 <-- BEST (epoch 76, loss 0.7481)
epoch   77/200 | loss 0.7395 | lr 0.02030 <-- BEST (epoch 77, loss 0.7395)
epoch   78/200 | loss 0.7300 | lr 0.02008 <-- BEST (epoch 78, loss 0.7300)
epoch   79/200 | loss 0.7343 | lr 0.01986
epoch   80/200 | loss 0.7343 | lr 0.01964
epoch   81/200 | loss 0.7237 | lr 0.01941 <-- BEST (epoch 81, loss 0.7237)
epoch   82/200 | loss 0.7263 | lr 0.01918
epoch   83/200 | loss 0.7164 | lr 0.01896 <-- BEST (epoch 83, loss 0.7164)
epoch   84/200 | loss 0.7228 | lr 0.01873
epoch   85/200 | loss 0.7161 | lr 0.01850 <-- BEST (epoch 85, loss 0.7161)
epoch   86/200 | loss 0.7093 | lr 0.01827 <-- BEST (epoch 86, loss 0.7093)
epoch   87/200 | loss 0.7095 | lr 0.01804
epoch   88/200 | loss 0.7065 | lr 0.01781 <-- BEST (epoch 88, loss 0.7065)
epoch   89/200 | loss 0.7011 | lr 0.01758 <-- BEST (epoch 89, loss 0.7011)
epoch   90/200 | loss 0.7046 | lr 0.01735
epoch   91/200 | loss 0.6921 | lr 0.01711 <-- BEST (epoch 91, loss 0.6921)
epoch   92/200 | loss 0.6937 | lr 0.01688
epoch   93/200 | loss 0.6982 | lr 0.01665
epoch   94/200 | loss 0.6905 | lr 0.01641 <-- BEST (epoch 94, loss 0.6905)
epoch   95/200 | loss 0.6824 | lr 0.01618 <-- BEST (epoch 95, loss 0.6824)
epoch   96/200 | loss 0.6910 | lr 0.01594
epoch   97/200 | loss 0.6794 | lr 0.01571 <-- BEST (epoch 97, loss 0.6794)
epoch   98/200 | loss 0.6753 | lr 0.01547 <-- BEST (epoch 98, loss 0.6753)
epoch   99/200 | loss 0.6805 | lr 0.01524
epoch  100/200 | loss 0.6606 | lr 0.01500 <-- BEST (epoch 100, loss 0.6606)
epoch  101/200 | loss 0.6645 | lr 0.01476
epoch  102/200 | loss 0.6758 | lr 0.01453
epoch  103/200 | loss 0.6675 | lr 0.01429
epoch  104/200 | loss 0.6627 | lr 0.01406
epoch  105/200 | loss 0.6576 | lr 0.01382 <-- BEST (epoch 105, loss 0.6576)
epoch  106/200 | loss 0.6496 | lr 0.01359 <-- BEST (epoch 106, loss 0.6496)
epoch  107/200 | loss 0.6548 | lr 0.01335
epoch  108/200 | loss 0.6429 | lr 0.01312 <-- BEST (epoch 108, loss 0.6429)
epoch  109/200 | loss 0.6464 | lr 0.01289
epoch  110/200 | loss 0.6513 | lr 0.01265
epoch  111/200 | loss 0.6477 | lr 0.01242
epoch  112/200 | loss 0.6440 | lr 0.01219
epoch  113/200 | loss 0.6410 | lr 0.01196 <-- BEST (epoch 113, loss 0.6410)
epoch  114/200 | loss 0.6423 | lr 0.01173
epoch  115/200 | loss 0.6400 | lr 0.01150 <-- BEST (epoch 115, loss 0.6400)
epoch  116/200 | loss 0.6428 | lr 0.01127
epoch  117/200 | loss 0.6340 | lr 0.01104 <-- BEST (epoch 117, loss 0.6340)
epoch  118/200 | loss 0.6349 | lr 0.01082
epoch  119/200 | loss 0.6362 | lr 0.01059
epoch  120/200 | loss 0.6240 | lr 0.01036 <-- BEST (epoch 120, loss 0.6240)
epoch  121/200 | loss 0.6215 | lr 0.01014 <-- BEST (epoch 121, loss 0.6215)
epoch  122/200 | loss 0.6205 | lr 0.00992 <-- BEST (epoch 122, loss 0.6205)
epoch  123/200 | loss 0.6216 | lr 0.00970
epoch  124/200 | loss 0.6170 | lr 0.00948 <-- BEST (epoch 124, loss 0.6170)
epoch  125/200 | loss 0.6189 | lr 0.00926
epoch  126/200 | loss 0.6177 | lr 0.00904
epoch  127/200 | loss 0.6123 | lr 0.00883 <-- BEST (epoch 127, loss 0.6123)
epoch  128/200 | loss 0.6121 | lr 0.00861 <-- BEST (epoch 128, loss 0.6121)
epoch  129/200 | loss 0.6140 | lr 0.00840
epoch  130/200 | loss 0.6056 | lr 0.00819 <-- BEST (epoch 130, loss 0.6056)
epoch  131/200 | loss 0.6024 | lr 0.00798 <-- BEST (epoch 131, loss 0.6024)
epoch  132/200 | loss 0.5972 | lr 0.00777 <-- BEST (epoch 132, loss 0.5972)
epoch  133/200 | loss 0.6034 | lr 0.00757
epoch  134/200 | loss 0.6087 | lr 0.00736
epoch  135/200 | loss 0.6034 | lr 0.00716
epoch  136/200 | loss 0.5984 | lr 0.00696
epoch  137/200 | loss 0.5890 | lr 0.00676 <-- BEST (epoch 137, loss 0.5890)
epoch  138/200 | loss 0.5917 | lr 0.00657
epoch  139/200 | loss 0.5953 | lr 0.00637
epoch  140/200 | loss 0.5816 | lr 0.00618 <-- BEST (epoch 140, loss 0.5816)
epoch  141/200 | loss 0.5935 | lr 0.00599
epoch  142/200 | loss 0.5864 | lr 0.00581
epoch  143/200 | loss 0.5845 | lr 0.00562
epoch  144/200 | loss 0.5877 | lr 0.00544
epoch  145/200 | loss 0.5924 | lr 0.00526
epoch  146/200 | loss 0.5887 | lr 0.00508
epoch  147/200 | loss 0.5843 | lr 0.00490
epoch  148/200 | loss 0.5730 | lr 0.00473 <-- BEST (epoch 148, loss 0.5730)
epoch  149/200 | loss 0.5731 | lr 0.00456
epoch  150/200 | loss 0.5699 | lr 0.00439 <-- BEST (epoch 150, loss 0.5699)
epoch  151/200 | loss 0.5709 | lr 0.00423
epoch  152/200 | loss 0.5670 | lr 0.00407 <-- BEST (epoch 152, loss 0.5670)
epoch  153/200 | loss 0.5675 | lr 0.00391
epoch  154/200 | loss 0.5704 | lr 0.00375
epoch  155/200 | loss 0.5683 | lr 0.00359
epoch  156/200 | loss 0.5666 | lr 0.00344 <-- BEST (epoch 156, loss 0.5666)
epoch  157/200 | loss 0.5626 | lr 0.00329 <-- BEST (epoch 157, loss 0.5626)
epoch  158/200 | loss 0.5609 | lr 0.00315 <-- BEST (epoch 158, loss 0.5609)
epoch  159/200 | loss 0.5663 | lr 0.00300
epoch  160/200 | loss 0.5588 | lr 0.00286 <-- BEST (epoch 160, loss 0.5588)
epoch  161/200 | loss 0.5591 | lr 0.00273
epoch  162/200 | loss 0.5606 | lr 0.00259
epoch  163/200 | loss 0.5594 | lr 0.00246
epoch  164/200 | loss 0.5605 | lr 0.00234
epoch  165/200 | loss 0.5522 | lr 0.00221 <-- BEST (epoch 165, loss 0.5522)
epoch  166/200 | loss 0.5629 | lr 0.00209
epoch  167/200 | loss 0.5597 | lr 0.00197
epoch  168/200 | loss 0.5510 | lr 0.00186 <-- BEST (epoch 168, loss 0.5510)
epoch  169/200 | loss 0.5535 | lr 0.00174
epoch  170/200 | loss 0.5542 | lr 0.00163
epoch  171/200 | loss 0.5505 | lr 0.00153 <-- BEST (epoch 171, loss 0.5505)
epoch  172/200 | loss 0.5526 | lr 0.00143
epoch  173/200 | loss 0.5514 | lr 0.00133
epoch  174/200 | loss 0.5479 | lr 0.00123 <-- BEST (epoch 174, loss 0.5479)
epoch  175/200 | loss 0.5502 | lr 0.00114
epoch  176/200 | loss 0.5460 | lr 0.00105 <-- BEST (epoch 176, loss 0.5460)
epoch  177/200 | loss 0.5482 | lr 0.00097
epoch  178/200 | loss 0.5423 | lr 0.00089 <-- BEST (epoch 178, loss 0.5423)
epoch  179/200 | loss 0.5468 | lr 0.00081
epoch  180/200 | loss 0.5493 | lr 0.00073
epoch  181/200 | loss 0.5414 | lr 0.00066 <-- BEST (epoch 181, loss 0.5414)
epoch  182/200 | loss 0.5431 | lr 0.00060
epoch  183/200 | loss 0.5452 | lr 0.00053
epoch  184/200 | loss 0.5450 | lr 0.00047
epoch  185/200 | loss 0.5441 | lr 0.00041
epoch  186/200 | loss 0.5441 | lr 0.00036
epoch  187/200 | loss 0.5492 | lr 0.00031
epoch  188/200 | loss 0.5371 | lr 0.00027 <-- BEST (epoch 188, loss 0.5371)
epoch  189/200 | loss 0.5369 | lr 0.00022 <-- BEST (epoch 189, loss 0.5369)
epoch  190/200 | loss 0.5434 | lr 0.00018
epoch  191/200 | loss 0.5420 | lr 0.00015
epoch  192/200 | loss 0.5415 | lr 0.00012
epoch  193/200 | loss 0.5486 | lr 0.00009
epoch  194/200 | loss 0.5433 | lr 0.00007
epoch  195/200 | loss 0.5404 | lr 0.00005
epoch  196/200 | loss 0.5326 | lr 0.00003 <-- BEST (epoch 196, loss 0.5326)
epoch  197/200 | loss 0.5432 | lr 0.00002
epoch  198/200 | loss 0.5446 | lr 0.00001
epoch  199/200 | loss 0.5449 | lr 0.00000
epoch  200/200 | loss 0.5480 | lr 0.00000
------------------------------------------------------------
[2026-05-30 04:41:32] Training finished
best epoch : 196
best loss  : 0.5326
