[2026-05-29 19:40:33] Training started
config: {
  "exp_name": "batch_64",
  "arch": "resnet18",
  "cifar_stem": true,
  "pretrained": false,
  "epochs": 200,
  "batch_size": 64,
  "lr": 0.03,
  "weight_decay": 0.0001,
  "num_workers": 4,
  "save_freq": 50,
  "data_root": "./data/cifar10",
  "augmentation": "full",
  "aug_kwargs": {
    "image_size": 32,
    "s": 1.0,
    "gaussian_blur": false
  },
  "loss_type": "nt_xent",
  "loss_kwargs": {
    "temperature": 0.07,
    "device": "cuda"
  },
  "proj_hidden_dim": 2048,
  "proj_output_dim": 128,
  "proj_num_layers": 2,
  "eval_batch_size": 256,
  "probe_epochs": 100,
  "save_dir": "./results/ablation_batchsize/batch_64"
}
------------------------------------------------------------
epoch    1/200 | loss 3.6679 | lr 0.00750 <-- BEST (epoch 1, loss 3.6679)
epoch    2/200 | loss 2.2701 | lr 0.00750 <-- BEST (epoch 2, loss 2.2701)
epoch    3/200 | loss 1.6066 | lr 0.00750 <-- BEST (epoch 3, loss 1.6066)
epoch    4/200 | loss 1.2911 | lr 0.00749 <-- BEST (epoch 4, loss 1.2911)
epoch    5/200 | loss 1.1027 | lr 0.00749 <-- BEST (epoch 5, loss 1.1027)
epoch    6/200 | loss 0.9511 | lr 0.00748 <-- BEST (epoch 6, loss 0.9511)
epoch    7/200 | loss 0.8623 | lr 0.00748 <-- BEST (epoch 7, loss 0.8623)
epoch    8/200 | loss 0.7938 | lr 0.00747 <-- BEST (epoch 8, loss 0.7938)
epoch    9/200 | loss 0.7344 | lr 0.00746 <-- BEST (epoch 9, loss 0.7344)
epoch   10/200 | loss 0.6943 | lr 0.00745 <-- BEST (epoch 10, loss 0.6943)
epoch   11/200 | loss 0.6459 | lr 0.00744 <-- BEST (epoch 11, loss 0.6459)
epoch   12/200 | loss 0.6173 | lr 0.00743 <-- BEST (epoch 12, loss 0.6173)
epoch   13/200 | loss 0.5893 | lr 0.00742 <-- BEST (epoch 13, loss 0.5893)
epoch   14/200 | loss 0.5743 | lr 0.00741 <-- BEST (epoch 14, loss 0.5743)
epoch   15/200 | loss 0.5590 | lr 0.00740 <-- BEST (epoch 15, loss 0.5590)
epoch   16/200 | loss 0.5272 | lr 0.00738 <-- BEST (epoch 16, loss 0.5272)
epoch   17/200 | loss 0.5221 | lr 0.00737 <-- BEST (epoch 17, loss 0.5221)
epoch   18/200 | loss 0.5011 | lr 0.00735 <-- BEST (epoch 18, loss 0.5011)
epoch   19/200 | loss 0.4878 | lr 0.00733 <-- BEST (epoch 19, loss 0.4878)
epoch   20/200 | loss 0.4636 | lr 0.00732 <-- BEST (epoch 20, loss 0.4636)
epoch   21/200 | loss 0.4647 | lr 0.00730
epoch   22/200 | loss 0.4562 | lr 0.00728 <-- BEST (epoch 22, loss 0.4562)
epoch   23/200 | loss 0.4387 | lr 0.00726 <-- BEST (epoch 23, loss 0.4387)
epoch   24/200 | loss 0.4305 | lr 0.00724 <-- BEST (epoch 24, loss 0.4305)
epoch   25/200 | loss 0.4279 | lr 0.00721 <-- BEST (epoch 25, loss 0.4279)
epoch   26/200 | loss 0.4142 | lr 0.00719 <-- BEST (epoch 26, loss 0.4142)
epoch   27/200 | loss 0.4128 | lr 0.00717 <-- BEST (epoch 27, loss 0.4128)
epoch   28/200 | loss 0.3914 | lr 0.00714 <-- BEST (epoch 28, loss 0.3914)
epoch   29/200 | loss 0.3878 | lr 0.00712 <-- BEST (epoch 29, loss 0.3878)
epoch   30/200 | loss 0.3814 | lr 0.00709 <-- BEST (epoch 30, loss 0.3814)
epoch   31/200 | loss 0.3764 | lr 0.00706 <-- BEST (epoch 31, loss 0.3764)
epoch   32/200 | loss 0.3785 | lr 0.00704
epoch   33/200 | loss 0.3700 | lr 0.00701 <-- BEST (epoch 33, loss 0.3700)
epoch   34/200 | loss 0.3697 | lr 0.00698 <-- BEST (epoch 34, loss 0.3697)
epoch   35/200 | loss 0.3624 | lr 0.00695 <-- BEST (epoch 35, loss 0.3624)
epoch   36/200 | loss 0.3517 | lr 0.00692 <-- BEST (epoch 36, loss 0.3517)
epoch   37/200 | loss 0.3502 | lr 0.00688 <-- BEST (epoch 37, loss 0.3502)
epoch   38/200 | loss 0.3465 | lr 0.00685 <-- BEST (epoch 38, loss 0.3465)
epoch   39/200 | loss 0.3428 | lr 0.00682 <-- BEST (epoch 39, loss 0.3428)
epoch   40/200 | loss 0.3306 | lr 0.00678 <-- BEST (epoch 40, loss 0.3306)
epoch   41/200 | loss 0.3327 | lr 0.00675
epoch   42/200 | loss 0.3230 | lr 0.00671 <-- BEST (epoch 42, loss 0.3230)
epoch   43/200 | loss 0.3267 | lr 0.00668
epoch   44/200 | loss 0.3128 | lr 0.00664 <-- BEST (epoch 44, loss 0.3128)
epoch   45/200 | loss 0.3196 | lr 0.00660
epoch   46/200 | loss 0.3109 | lr 0.00656 <-- BEST (epoch 46, loss 0.3109)
epoch   47/200 | loss 0.3120 | lr 0.00652
epoch   48/200 | loss 0.3108 | lr 0.00648 <-- BEST (epoch 48, loss 0.3108)
epoch   49/200 | loss 0.3111 | lr 0.00644
epoch   50/200 | loss 0.2995 | lr 0.00640 <-- BEST (epoch 50, loss 0.2995)
epoch   51/200 | loss 0.2927 | lr 0.00636 <-- BEST (epoch 51, loss 0.2927)
epoch   52/200 | loss 0.2931 | lr 0.00632
epoch   53/200 | loss 0.2979 | lr 0.00627
epoch   54/200 | loss 0.2971 | lr 0.00623
epoch   55/200 | loss 0.2936 | lr 0.00619
epoch   56/200 | loss 0.2829 | lr 0.00614 <-- BEST (epoch 56, loss 0.2829)
epoch   57/200 | loss 0.2833 | lr 0.00609
epoch   58/200 | loss 0.2803 | lr 0.00605 <-- BEST (epoch 58, loss 0.2803)
epoch   59/200 | loss 0.2749 | lr 0.00600 <-- BEST (epoch 59, loss 0.2749)
epoch   60/200 | loss 0.2769 | lr 0.00595
epoch   61/200 | loss 0.2721 | lr 0.00591 <-- BEST (epoch 61, loss 0.2721)
epoch   62/200 | loss 0.2690 | lr 0.00586 <-- BEST (epoch 62, loss 0.2690)
epoch   63/200 | loss 0.2704 | lr 0.00581
epoch   64/200 | loss 0.2664 | lr 0.00576 <-- BEST (epoch 64, loss 0.2664)
epoch   65/200 | loss 0.2677 | lr 0.00571
epoch   66/200 | loss 0.2622 | lr 0.00566 <-- BEST (epoch 66, loss 0.2622)
epoch   67/200 | loss 0.2625 | lr 0.00561
epoch   68/200 | loss 0.2558 | lr 0.00556 <-- BEST (epoch 68, loss 0.2558)
epoch   69/200 | loss 0.2529 | lr 0.00550 <-- BEST (epoch 69, loss 0.2529)
epoch   70/200 | loss 0.2481 | lr 0.00545 <-- BEST (epoch 70, loss 0.2481)
epoch   71/200 | loss 0.2543 | lr 0.00540
epoch   72/200 | loss 0.2514 | lr 0.00535
epoch   73/200 | loss 0.2491 | lr 0.00529
epoch   74/200 | loss 0.2430 | lr 0.00524 <-- BEST (epoch 74, loss 0.2430)
epoch   75/200 | loss 0.2424 | lr 0.00519 <-- BEST (epoch 75, loss 0.2424)
epoch   76/200 | loss 0.2433 | lr 0.00513
epoch   77/200 | loss 0.2339 | lr 0.00508 <-- BEST (epoch 77, loss 0.2339)
epoch   78/200 | loss 0.2390 | lr 0.00502
epoch   79/200 | loss 0.2362 | lr 0.00496
epoch   80/200 | loss 0.2351 | lr 0.00491
epoch   81/200 | loss 0.2264 | lr 0.00485 <-- BEST (epoch 81, loss 0.2264)
epoch   82/200 | loss 0.2271 | lr 0.00480
epoch   83/200 | loss 0.2284 | lr 0.00474
epoch   84/200 | loss 0.2315 | lr 0.00468
epoch   85/200 | loss 0.2244 | lr 0.00463 <-- BEST (epoch 85, loss 0.2244)
epoch   86/200 | loss 0.2260 | lr 0.00457
epoch   87/200 | loss 0.2278 | lr 0.00451
epoch   88/200 | loss 0.2163 | lr 0.00445 <-- BEST (epoch 88, loss 0.2163)
epoch   89/200 | loss 0.2236 | lr 0.00439
epoch   90/200 | loss 0.2200 | lr 0.00434
epoch   91/200 | loss 0.2193 | lr 0.00428
epoch   92/200 | loss 0.2106 | lr 0.00422 <-- BEST (epoch 92, loss 0.2106)
epoch   93/200 | loss 0.2178 | lr 0.00416
epoch   94/200 | loss 0.2122 | lr 0.00410
epoch   95/200 | loss 0.2145 | lr 0.00404
epoch   96/200 | loss 0.2104 | lr 0.00399 <-- BEST (epoch 96, loss 0.2104)
epoch   97/200 | loss 0.2060 | lr 0.00393 <-- BEST (epoch 97, loss 0.2060)
epoch   98/200 | loss 0.2103 | lr 0.00387
epoch   99/200 | loss 0.2108 | lr 0.00381
epoch  100/200 | loss 0.2116 | lr 0.00375
epoch  101/200 | loss 0.2014 | lr 0.00369 <-- BEST (epoch 101, loss 0.2014)
epoch  102/200 | loss 0.1983 | lr 0.00363 <-- BEST (epoch 102, loss 0.1983)
epoch  103/200 | loss 0.1993 | lr 0.00357
epoch  104/200 | loss 0.2021 | lr 0.00351
epoch  105/200 | loss 0.2005 | lr 0.00346
epoch  106/200 | loss 0.1988 | lr 0.00340
epoch  107/200 | loss 0.1964 | lr 0.00334 <-- BEST (epoch 107, loss 0.1964)
epoch  108/200 | loss 0.1991 | lr 0.00328
epoch  109/200 | loss 0.1954 | lr 0.00322 <-- BEST (epoch 109, loss 0.1954)
epoch  110/200 | loss 0.1893 | lr 0.00316 <-- BEST (epoch 110, loss 0.1893)
epoch  111/200 | loss 0.1899 | lr 0.00311
epoch  112/200 | loss 0.1946 | lr 0.00305
epoch  113/200 | loss 0.1915 | lr 0.00299
epoch  114/200 | loss 0.1941 | lr 0.00293
epoch  115/200 | loss 0.1866 | lr 0.00287 <-- BEST (epoch 115, loss 0.1866)
epoch  116/200 | loss 0.1851 | lr 0.00282 <-- BEST (epoch 116, loss 0.1851)
epoch  117/200 | loss 0.1862 | lr 0.00276
epoch  118/200 | loss 0.1850 | lr 0.00270 <-- BEST (epoch 118, loss 0.1850)
epoch  119/200 | loss 0.1829 | lr 0.00265 <-- BEST (epoch 119, loss 0.1829)
epoch  120/200 | loss 0.1802 | lr 0.00259 <-- BEST (epoch 120, loss 0.1802)
epoch  121/200 | loss 0.1775 | lr 0.00254 <-- BEST (epoch 121, loss 0.1775)
epoch  122/200 | loss 0.1776 | lr 0.00248
epoch  123/200 | loss 0.1803 | lr 0.00242
epoch  124/200 | loss 0.1758 | lr 0.00237 <-- BEST (epoch 124, loss 0.1758)
epoch  125/200 | loss 0.1773 | lr 0.00231
epoch  126/200 | loss 0.1751 | lr 0.00226 <-- BEST (epoch 126, loss 0.1751)
epoch  127/200 | loss 0.1754 | lr 0.00221
epoch  128/200 | loss 0.1755 | lr 0.00215
epoch  129/200 | loss 0.1730 | lr 0.00210 <-- BEST (epoch 129, loss 0.1730)
epoch  130/200 | loss 0.1679 | lr 0.00205 <-- BEST (epoch 130, loss 0.1679)
epoch  131/200 | loss 0.1691 | lr 0.00200
epoch  132/200 | loss 0.1670 | lr 0.00194 <-- BEST (epoch 132, loss 0.1670)
epoch  133/200 | loss 0.1702 | lr 0.00189
epoch  134/200 | loss 0.1673 | lr 0.00184
epoch  135/200 | loss 0.1658 | lr 0.00179 <-- BEST (epoch 135, loss 0.1658)
epoch  136/200 | loss 0.1639 | lr 0.00174 <-- BEST (epoch 136, loss 0.1639)
epoch  137/200 | loss 0.1686 | lr 0.00169
epoch  138/200 | loss 0.1709 | lr 0.00164
epoch  139/200 | loss 0.1705 | lr 0.00159
epoch  140/200 | loss 0.1594 | lr 0.00155 <-- BEST (epoch 140, loss 0.1594)
epoch  141/200 | loss 0.1614 | lr 0.00150
epoch  142/200 | loss 0.1635 | lr 0.00145
epoch  143/200 | loss 0.1599 | lr 0.00141
epoch  144/200 | loss 0.1675 | lr 0.00136
epoch  145/200 | loss 0.1575 | lr 0.00131 <-- BEST (epoch 145, loss 0.1575)
epoch  146/200 | loss 0.1539 | lr 0.00127 <-- BEST (epoch 146, loss 0.1539)
epoch  147/200 | loss 0.1588 | lr 0.00123
epoch  148/200 | loss 0.1561 | lr 0.00118
epoch  149/200 | loss 0.1555 | lr 0.00114
epoch  150/200 | loss 0.1531 | lr 0.00110 <-- BEST (epoch 150, loss 0.1531)
epoch  151/200 | loss 0.1577 | lr 0.00106
epoch  152/200 | loss 0.1553 | lr 0.00102
epoch  153/200 | loss 0.1553 | lr 0.00098
epoch  154/200 | loss 0.1531 | lr 0.00094
epoch  155/200 | loss 0.1510 | lr 0.00090 <-- BEST (epoch 155, loss 0.1510)
epoch  156/200 | loss 0.1541 | lr 0.00086
epoch  157/200 | loss 0.1527 | lr 0.00082
epoch  158/200 | loss 0.1479 | lr 0.00079 <-- BEST (epoch 158, loss 0.1479)
epoch  159/200 | loss 0.1535 | lr 0.00075
epoch  160/200 | loss 0.1538 | lr 0.00072
epoch  161/200 | loss 0.1522 | lr 0.00068
epoch  162/200 | loss 0.1505 | lr 0.00065
epoch  163/200 | loss 0.1490 | lr 0.00062
epoch  164/200 | loss 0.1470 | lr 0.00058 <-- BEST (epoch 164, loss 0.1470)
epoch  165/200 | loss 0.1477 | lr 0.00055
epoch  166/200 | loss 0.1456 | lr 0.00052 <-- BEST (epoch 166, loss 0.1456)
epoch  167/200 | loss 0.1434 | lr 0.00049 <-- BEST (epoch 167, loss 0.1434)
epoch  168/200 | loss 0.1489 | lr 0.00046
epoch  169/200 | loss 0.1431 | lr 0.00044 <-- BEST (epoch 169, loss 0.1431)
epoch  170/200 | loss 0.1423 | lr 0.00041 <-- BEST (epoch 170, loss 0.1423)
epoch  171/200 | loss 0.1436 | lr 0.00038
epoch  172/200 | loss 0.1460 | lr 0.00036
epoch  173/200 | loss 0.1431 | lr 0.00033
epoch  174/200 | loss 0.1422 | lr 0.00031 <-- BEST (epoch 174, loss 0.1422)
epoch  175/200 | loss 0.1494 | lr 0.00029
epoch  176/200 | loss 0.1459 | lr 0.00026
epoch  177/200 | loss 0.1471 | lr 0.00024
epoch  178/200 | loss 0.1440 | lr 0.00022
epoch  179/200 | loss 0.1402 | lr 0.00020 <-- BEST (epoch 179, loss 0.1402)
epoch  180/200 | loss 0.1424 | lr 0.00018
epoch  181/200 | loss 0.1403 | lr 0.00017
epoch  182/200 | loss 0.1416 | lr 0.00015
epoch  183/200 | loss 0.1382 | lr 0.00013 <-- BEST (epoch 183, loss 0.1382)
epoch  184/200 | loss 0.1411 | lr 0.00012
epoch  185/200 | loss 0.1409 | lr 0.00010
epoch  186/200 | loss 0.1400 | lr 0.00009
epoch  187/200 | loss 0.1371 | lr 0.00008 <-- BEST (epoch 187, loss 0.1371)
epoch  188/200 | loss 0.1431 | lr 0.00007
epoch  189/200 | loss 0.1424 | lr 0.00006
epoch  190/200 | loss 0.1437 | lr 0.00005
epoch  191/200 | loss 0.1438 | lr 0.00004
epoch  192/200 | loss 0.1410 | lr 0.00003
epoch  193/200 | loss 0.1407 | lr 0.00002
epoch  194/200 | loss 0.1426 | lr 0.00002
epoch  195/200 | loss 0.1420 | lr 0.00001
epoch  196/200 | loss 0.1369 | lr 0.00001 <-- BEST (epoch 196, loss 0.1369)
epoch  197/200 | loss 0.1413 | lr 0.00000
epoch  198/200 | loss 0.1370 | lr 0.00000
epoch  199/200 | loss 0.1436 | lr 0.00000
epoch  200/200 | loss 0.1394 | lr 0.00000
------------------------------------------------------------
[2026-05-29 20:44:25] Training finished
best epoch : 196
best loss  : 0.1369
