[2026-05-29 20:45:00] Training started
config: {
  "exp_name": "batch_128",
  "arch": "resnet18",
  "cifar_stem": true,
  "pretrained": false,
  "epochs": 200,
  "batch_size": 128,
  "lr": 0.03,
  "weight_decay": 0.0001,
  "num_workers": 4,
  "save_freq": 50,
  "data_root": "./data/cifar10",
  "augmentation": "full",
  "aug_kwargs": {
    "image_size": 32,
    "s": 1.0,
    "gaussian_blur": false
  },
  "loss_type": "nt_xent",
  "loss_kwargs": {
    "temperature": 0.07,
    "device": "cuda"
  },
  "proj_hidden_dim": 2048,
  "proj_output_dim": 128,
  "proj_num_layers": 2,
  "eval_batch_size": 256,
  "probe_epochs": 100,
  "save_dir": "./results/ablation_batchsize/batch_128"
}
------------------------------------------------------------
epoch    1/200 | loss 4.8725 | lr 0.01500 <-- BEST (epoch 1, loss 4.8725)
epoch    2/200 | loss 3.5221 | lr 0.01500 <-- BEST (epoch 2, loss 3.5221)
epoch    3/200 | loss 2.3835 | lr 0.01499 <-- BEST (epoch 3, loss 2.3835)
epoch    4/200 | loss 1.8463 | lr 0.01499 <-- BEST (epoch 4, loss 1.8463)
epoch    5/200 | loss 1.5155 | lr 0.01498 <-- BEST (epoch 5, loss 1.5155)
epoch    6/200 | loss 1.3354 | lr 0.01497 <-- BEST (epoch 6, loss 1.3354)
epoch    7/200 | loss 1.1634 | lr 0.01495 <-- BEST (epoch 7, loss 1.1634)
epoch    8/200 | loss 1.0673 | lr 0.01494 <-- BEST (epoch 8, loss 1.0673)
epoch    9/200 | loss 0.9794 | lr 0.01493 <-- BEST (epoch 9, loss 0.9794)
epoch   10/200 | loss 0.9238 | lr 0.01491 <-- BEST (epoch 10, loss 0.9238)
epoch   11/200 | loss 0.8652 | lr 0.01489 <-- BEST (epoch 11, loss 0.8652)
epoch   12/200 | loss 0.8373 | lr 0.01487 <-- BEST (epoch 12, loss 0.8373)
epoch   13/200 | loss 0.7864 | lr 0.01484 <-- BEST (epoch 13, loss 0.7864)
epoch   14/200 | loss 0.7567 | lr 0.01482 <-- BEST (epoch 14, loss 0.7567)
epoch   15/200 | loss 0.7243 | lr 0.01479 <-- BEST (epoch 15, loss 0.7243)
epoch   16/200 | loss 0.7125 | lr 0.01476 <-- BEST (epoch 16, loss 0.7125)
epoch   17/200 | loss 0.6761 | lr 0.01473 <-- BEST (epoch 17, loss 0.6761)
epoch   18/200 | loss 0.6561 | lr 0.01470 <-- BEST (epoch 18, loss 0.6561)
epoch   19/200 | loss 0.6403 | lr 0.01467 <-- BEST (epoch 19, loss 0.6403)
epoch   20/200 | loss 0.6271 | lr 0.01463 <-- BEST (epoch 20, loss 0.6271)
epoch   21/200 | loss 0.6246 | lr 0.01460 <-- BEST (epoch 21, loss 0.6246)
epoch   22/200 | loss 0.5969 | lr 0.01456 <-- BEST (epoch 22, loss 0.5969)
epoch   23/200 | loss 0.5983 | lr 0.01452
epoch   24/200 | loss 0.5817 | lr 0.01447 <-- BEST (epoch 24, loss 0.5817)
epoch   25/200 | loss 0.5685 | lr 0.01443 <-- BEST (epoch 25, loss 0.5685)
epoch   26/200 | loss 0.5538 | lr 0.01438 <-- BEST (epoch 26, loss 0.5538)
epoch   27/200 | loss 0.5402 | lr 0.01434 <-- BEST (epoch 27, loss 0.5402)
epoch   28/200 | loss 0.5334 | lr 0.01429 <-- BEST (epoch 28, loss 0.5334)
epoch   29/200 | loss 0.5185 | lr 0.01424 <-- BEST (epoch 29, loss 0.5185)
epoch   30/200 | loss 0.5160 | lr 0.01418 <-- BEST (epoch 30, loss 0.5160)
epoch   31/200 | loss 0.5117 | lr 0.01413 <-- BEST (epoch 31, loss 0.5117)
epoch   32/200 | loss 0.5051 | lr 0.01407 <-- BEST (epoch 32, loss 0.5051)
epoch   33/200 | loss 0.4870 | lr 0.01401 <-- BEST (epoch 33, loss 0.4870)
epoch   34/200 | loss 0.4894 | lr 0.01396
epoch   35/200 | loss 0.4794 | lr 0.01389 <-- BEST (epoch 35, loss 0.4794)
epoch   36/200 | loss 0.4694 | lr 0.01383 <-- BEST (epoch 36, loss 0.4694)
epoch   37/200 | loss 0.4684 | lr 0.01377 <-- BEST (epoch 37, loss 0.4684)
epoch   38/200 | loss 0.4612 | lr 0.01370 <-- BEST (epoch 38, loss 0.4612)
epoch   39/200 | loss 0.4568 | lr 0.01364 <-- BEST (epoch 39, loss 0.4568)
epoch   40/200 | loss 0.4482 | lr 0.01357 <-- BEST (epoch 40, loss 0.4482)
epoch   41/200 | loss 0.4452 | lr 0.01350 <-- BEST (epoch 41, loss 0.4452)
epoch   42/200 | loss 0.4328 | lr 0.01343 <-- BEST (epoch 42, loss 0.4328)
epoch   43/200 | loss 0.4381 | lr 0.01335
epoch   44/200 | loss 0.4362 | lr 0.01328
epoch   45/200 | loss 0.4205 | lr 0.01320 <-- BEST (epoch 45, loss 0.4205)
epoch   46/200 | loss 0.4171 | lr 0.01313 <-- BEST (epoch 46, loss 0.4171)
epoch   47/200 | loss 0.4126 | lr 0.01305 <-- BEST (epoch 47, loss 0.4126)
epoch   48/200 | loss 0.4186 | lr 0.01297
epoch   49/200 | loss 0.4084 | lr 0.01289 <-- BEST (epoch 49, loss 0.4084)
epoch   50/200 | loss 0.4004 | lr 0.01280 <-- BEST (epoch 50, loss 0.4004)
epoch   51/200 | loss 0.4045 | lr 0.01272
epoch   52/200 | loss 0.3946 | lr 0.01263 <-- BEST (epoch 52, loss 0.3946)
epoch   53/200 | loss 0.4015 | lr 0.01255
epoch   54/200 | loss 0.3914 | lr 0.01246 <-- BEST (epoch 54, loss 0.3914)
epoch   55/200 | loss 0.3872 | lr 0.01237 <-- BEST (epoch 55, loss 0.3872)
epoch   56/200 | loss 0.3843 | lr 0.01228 <-- BEST (epoch 56, loss 0.3843)
epoch   57/200 | loss 0.3827 | lr 0.01219 <-- BEST (epoch 57, loss 0.3827)
epoch   58/200 | loss 0.3759 | lr 0.01210 <-- BEST (epoch 58, loss 0.3759)
epoch   59/200 | loss 0.3828 | lr 0.01200
epoch   60/200 | loss 0.3694 | lr 0.01191 <-- BEST (epoch 60, loss 0.3694)
epoch   61/200 | loss 0.3590 | lr 0.01181 <-- BEST (epoch 61, loss 0.3590)
epoch   62/200 | loss 0.3621 | lr 0.01172
epoch   63/200 | loss 0.3642 | lr 0.01162
epoch   64/200 | loss 0.3596 | lr 0.01152
epoch   65/200 | loss 0.3619 | lr 0.01142
epoch   66/200 | loss 0.3565 | lr 0.01132 <-- BEST (epoch 66, loss 0.3565)
epoch   67/200 | loss 0.3522 | lr 0.01122 <-- BEST (epoch 67, loss 0.3522)
epoch   68/200 | loss 0.3551 | lr 0.01111
epoch   69/200 | loss 0.3463 | lr 0.01101 <-- BEST (epoch 69, loss 0.3463)
epoch   70/200 | loss 0.3406 | lr 0.01090 <-- BEST (epoch 70, loss 0.3406)
epoch   71/200 | loss 0.3468 | lr 0.01080
epoch   72/200 | loss 0.3413 | lr 0.01069
epoch   73/200 | loss 0.3347 | lr 0.01059 <-- BEST (epoch 73, loss 0.3347)
epoch   74/200 | loss 0.3351 | lr 0.01048
epoch   75/200 | loss 0.3319 | lr 0.01037 <-- BEST (epoch 75, loss 0.3319)
epoch   76/200 | loss 0.3262 | lr 0.01026 <-- BEST (epoch 76, loss 0.3262)
epoch   77/200 | loss 0.3250 | lr 0.01015 <-- BEST (epoch 77, loss 0.3250)
epoch   78/200 | loss 0.3228 | lr 0.01004 <-- BEST (epoch 78, loss 0.3228)
epoch   79/200 | loss 0.3216 | lr 0.00993 <-- BEST (epoch 79, loss 0.3216)
epoch   80/200 | loss 0.3218 | lr 0.00982
epoch   81/200 | loss 0.3152 | lr 0.00971 <-- BEST (epoch 81, loss 0.3152)
epoch   82/200 | loss 0.3118 | lr 0.00959 <-- BEST (epoch 82, loss 0.3118)
epoch   83/200 | loss 0.3175 | lr 0.00948
epoch   84/200 | loss 0.3077 | lr 0.00937 <-- BEST (epoch 84, loss 0.3077)
epoch   85/200 | loss 0.3154 | lr 0.00925
epoch   86/200 | loss 0.3143 | lr 0.00914
epoch   87/200 | loss 0.3135 | lr 0.00902
epoch   88/200 | loss 0.3062 | lr 0.00891 <-- BEST (epoch 88, loss 0.3062)
epoch   89/200 | loss 0.3060 | lr 0.00879 <-- BEST (epoch 89, loss 0.3060)
epoch   90/200 | loss 0.2999 | lr 0.00867 <-- BEST (epoch 90, loss 0.2999)
epoch   91/200 | loss 0.2954 | lr 0.00856 <-- BEST (epoch 91, loss 0.2954)
epoch   92/200 | loss 0.3025 | lr 0.00844
epoch   93/200 | loss 0.2995 | lr 0.00832
epoch   94/200 | loss 0.2916 | lr 0.00821 <-- BEST (epoch 94, loss 0.2916)
epoch   95/200 | loss 0.2898 | lr 0.00809 <-- BEST (epoch 95, loss 0.2898)
epoch   96/200 | loss 0.2941 | lr 0.00797
epoch   97/200 | loss 0.2841 | lr 0.00785 <-- BEST (epoch 97, loss 0.2841)
epoch   98/200 | loss 0.2809 | lr 0.00774 <-- BEST (epoch 98, loss 0.2809)
epoch   99/200 | loss 0.2817 | lr 0.00762
epoch  100/200 | loss 0.2852 | lr 0.00750
epoch  101/200 | loss 0.2826 | lr 0.00738
epoch  102/200 | loss 0.2780 | lr 0.00726 <-- BEST (epoch 102, loss 0.2780)
epoch  103/200 | loss 0.2795 | lr 0.00715
epoch  104/200 | loss 0.2764 | lr 0.00703 <-- BEST (epoch 104, loss 0.2764)
epoch  105/200 | loss 0.2755 | lr 0.00691 <-- BEST (epoch 105, loss 0.2755)
epoch  106/200 | loss 0.2699 | lr 0.00679 <-- BEST (epoch 106, loss 0.2699)
epoch  107/200 | loss 0.2724 | lr 0.00668
epoch  108/200 | loss 0.2706 | lr 0.00656
epoch  109/200 | loss 0.2705 | lr 0.00644
epoch  110/200 | loss 0.2703 | lr 0.00633
epoch  111/200 | loss 0.2656 | lr 0.00621 <-- BEST (epoch 111, loss 0.2656)
epoch  112/200 | loss 0.2658 | lr 0.00609
epoch  113/200 | loss 0.2608 | lr 0.00598 <-- BEST (epoch 113, loss 0.2608)
epoch  114/200 | loss 0.2597 | lr 0.00586 <-- BEST (epoch 114, loss 0.2597)
epoch  115/200 | loss 0.2592 | lr 0.00575 <-- BEST (epoch 115, loss 0.2592)
epoch  116/200 | loss 0.2603 | lr 0.00563
epoch  117/200 | loss 0.2576 | lr 0.00552 <-- BEST (epoch 117, loss 0.2576)
epoch  118/200 | loss 0.2554 | lr 0.00541 <-- BEST (epoch 118, loss 0.2554)
epoch  119/200 | loss 0.2483 | lr 0.00529 <-- BEST (epoch 119, loss 0.2483)
epoch  120/200 | loss 0.2582 | lr 0.00518
epoch  121/200 | loss 0.2557 | lr 0.00507
epoch  122/200 | loss 0.2503 | lr 0.00496
epoch  123/200 | loss 0.2525 | lr 0.00485
epoch  124/200 | loss 0.2471 | lr 0.00474 <-- BEST (epoch 124, loss 0.2471)
epoch  125/200 | loss 0.2505 | lr 0.00463
epoch  126/200 | loss 0.2488 | lr 0.00452
epoch  127/200 | loss 0.2450 | lr 0.00441 <-- BEST (epoch 127, loss 0.2450)
epoch  128/200 | loss 0.2403 | lr 0.00431 <-- BEST (epoch 128, loss 0.2403)
epoch  129/200 | loss 0.2480 | lr 0.00420
epoch  130/200 | loss 0.2458 | lr 0.00410
epoch  131/200 | loss 0.2435 | lr 0.00399
epoch  132/200 | loss 0.2422 | lr 0.00389
epoch  133/200 | loss 0.2433 | lr 0.00378
epoch  134/200 | loss 0.2360 | lr 0.00368 <-- BEST (epoch 134, loss 0.2360)
epoch  135/200 | loss 0.2342 | lr 0.00358 <-- BEST (epoch 135, loss 0.2342)
epoch  136/200 | loss 0.2325 | lr 0.00348 <-- BEST (epoch 136, loss 0.2325)
epoch  137/200 | loss 0.2367 | lr 0.00338
epoch  138/200 | loss 0.2310 | lr 0.00328 <-- BEST (epoch 138, loss 0.2310)
epoch  139/200 | loss 0.2302 | lr 0.00319 <-- BEST (epoch 139, loss 0.2302)
epoch  140/200 | loss 0.2299 | lr 0.00309 <-- BEST (epoch 140, loss 0.2299)
epoch  141/200 | loss 0.2298 | lr 0.00300 <-- BEST (epoch 141, loss 0.2298)
epoch  142/200 | loss 0.2244 | lr 0.00290 <-- BEST (epoch 142, loss 0.2244)
epoch  143/200 | loss 0.2283 | lr 0.00281
epoch  144/200 | loss 0.2224 | lr 0.00272 <-- BEST (epoch 144, loss 0.2224)
epoch  145/200 | loss 0.2320 | lr 0.00263
epoch  146/200 | loss 0.2285 | lr 0.00254
epoch  147/200 | loss 0.2221 | lr 0.00245 <-- BEST (epoch 147, loss 0.2221)
epoch  148/200 | loss 0.2280 | lr 0.00237
epoch  149/200 | loss 0.2185 | lr 0.00228 <-- BEST (epoch 149, loss 0.2185)
epoch  150/200 | loss 0.2195 | lr 0.00220
epoch  151/200 | loss 0.2186 | lr 0.00211
epoch  152/200 | loss 0.2161 | lr 0.00203 <-- BEST (epoch 152, loss 0.2161)
epoch  153/200 | loss 0.2207 | lr 0.00195
epoch  154/200 | loss 0.2143 | lr 0.00187 <-- BEST (epoch 154, loss 0.2143)
epoch  155/200 | loss 0.2137 | lr 0.00180 <-- BEST (epoch 155, loss 0.2137)
epoch  156/200 | loss 0.2200 | lr 0.00172
epoch  157/200 | loss 0.2191 | lr 0.00165
epoch  158/200 | loss 0.2144 | lr 0.00157
epoch  159/200 | loss 0.2134 | lr 0.00150 <-- BEST (epoch 159, loss 0.2134)
epoch  160/200 | loss 0.2126 | lr 0.00143 <-- BEST (epoch 160, loss 0.2126)
epoch  161/200 | loss 0.2132 | lr 0.00136
epoch  162/200 | loss 0.2105 | lr 0.00130 <-- BEST (epoch 162, loss 0.2105)
epoch  163/200 | loss 0.2127 | lr 0.00123
epoch  164/200 | loss 0.2131 | lr 0.00117
epoch  165/200 | loss 0.2072 | lr 0.00111 <-- BEST (epoch 165, loss 0.2072)
epoch  166/200 | loss 0.2094 | lr 0.00104
epoch  167/200 | loss 0.2074 | lr 0.00099
epoch  168/200 | loss 0.2092 | lr 0.00093
epoch  169/200 | loss 0.2057 | lr 0.00087 <-- BEST (epoch 169, loss 0.2057)
epoch  170/200 | loss 0.2074 | lr 0.00082
epoch  171/200 | loss 0.2049 | lr 0.00076 <-- BEST (epoch 171, loss 0.2049)
epoch  172/200 | loss 0.2057 | lr 0.00071
epoch  173/200 | loss 0.2093 | lr 0.00066
epoch  174/200 | loss 0.2053 | lr 0.00062
epoch  175/200 | loss 0.2034 | lr 0.00057 <-- BEST (epoch 175, loss 0.2034)
epoch  176/200 | loss 0.2045 | lr 0.00053
epoch  177/200 | loss 0.2001 | lr 0.00048 <-- BEST (epoch 177, loss 0.2001)
epoch  178/200 | loss 0.2028 | lr 0.00044
epoch  179/200 | loss 0.2052 | lr 0.00040
epoch  180/200 | loss 0.2000 | lr 0.00037 <-- BEST (epoch 180, loss 0.2000)
epoch  181/200 | loss 0.2032 | lr 0.00033
epoch  182/200 | loss 0.1994 | lr 0.00030 <-- BEST (epoch 182, loss 0.1994)
epoch  183/200 | loss 0.2039 | lr 0.00027
epoch  184/200 | loss 0.2044 | lr 0.00024
epoch  185/200 | loss 0.2031 | lr 0.00021
epoch  186/200 | loss 0.2017 | lr 0.00018
epoch  187/200 | loss 0.2019 | lr 0.00016
epoch  188/200 | loss 0.2020 | lr 0.00013
epoch  189/200 | loss 0.1981 | lr 0.00011 <-- BEST (epoch 189, loss 0.1981)
epoch  190/200 | loss 0.2030 | lr 0.00009
epoch  191/200 | loss 0.1993 | lr 0.00007
epoch  192/200 | loss 0.2015 | lr 0.00006
epoch  193/200 | loss 0.1987 | lr 0.00005
epoch  194/200 | loss 0.1995 | lr 0.00003
epoch  195/200 | loss 0.2004 | lr 0.00002
epoch  196/200 | loss 0.2048 | lr 0.00001
epoch  197/200 | loss 0.2047 | lr 0.00001
epoch  198/200 | loss 0.2020 | lr 0.00000
epoch  199/200 | loss 0.2035 | lr 0.00000
epoch  200/200 | loss 0.2001 | lr 0.00000
------------------------------------------------------------
[2026-05-29 21:59:48] Training finished
best epoch : 189
best loss  : 0.1981
