[2026-05-29 13:00:32] Training started
config: {
  "exp_name": "aug_full",
  "arch": "resnet18",
  "cifar_stem": true,
  "pretrained": false,
  "epochs": 200,
  "batch_size": 256,
  "lr": 0.03,
  "weight_decay": 0.0001,
  "num_workers": 4,
  "save_freq": 50,
  "data_root": "./data/cifar10",
  "augmentation": "full",
  "aug_kwargs": {
    "image_size": 32,
    "s": 1.0,
    "gaussian_blur": false
  },
  "loss_type": "nt_xent",
  "loss_kwargs": {
    "temperature": 0.07,
    "device": "cuda"
  },
  "proj_hidden_dim": 2048,
  "proj_output_dim": 128,
  "proj_num_layers": 2,
  "eval_batch_size": 256,
  "probe_epochs": 100,
  "save_dir": "./results/ablation_augmentation/aug_full"
}
------------------------------------------------------------
epoch    1/200 | loss 5.8629 | lr 0.03000 <-- BEST (epoch 1, loss 5.8629)
epoch    2/200 | loss 5.2536 | lr 0.02999 <-- BEST (epoch 2, loss 5.2536)
epoch    3/200 | loss 4.4216 | lr 0.02998 <-- BEST (epoch 3, loss 4.4216)
epoch    4/200 | loss 3.5843 | lr 0.02997 <-- BEST (epoch 4, loss 3.5843)
epoch    5/200 | loss 2.8301 | lr 0.02995 <-- BEST (epoch 5, loss 2.8301)
epoch    6/200 | loss 2.2979 | lr 0.02993 <-- BEST (epoch 6, loss 2.2979)
epoch    7/200 | loss 1.9971 | lr 0.02991 <-- BEST (epoch 7, loss 1.9971)
epoch    8/200 | loss 1.7611 | lr 0.02988 <-- BEST (epoch 8, loss 1.7611)
epoch    9/200 | loss 1.5560 | lr 0.02985 <-- BEST (epoch 9, loss 1.5560)
epoch   10/200 | loss 1.4407 | lr 0.02982 <-- BEST (epoch 10, loss 1.4407)
epoch   11/200 | loss 1.3389 | lr 0.02978 <-- BEST (epoch 11, loss 1.3389)
epoch   12/200 | loss 1.2518 | lr 0.02973 <-- BEST (epoch 12, loss 1.2518)
epoch   13/200 | loss 1.1874 | lr 0.02969 <-- BEST (epoch 13, loss 1.1874)
epoch   14/200 | loss 1.1098 | lr 0.02964 <-- BEST (epoch 14, loss 1.1098)
epoch   15/200 | loss 1.0696 | lr 0.02959 <-- BEST (epoch 15, loss 1.0696)
epoch   16/200 | loss 1.0176 | lr 0.02953 <-- BEST (epoch 16, loss 1.0176)
epoch   17/200 | loss 0.9831 | lr 0.02947 <-- BEST (epoch 17, loss 0.9831)
epoch   18/200 | loss 0.9610 | lr 0.02940 <-- BEST (epoch 18, loss 0.9610)
epoch   19/200 | loss 0.9232 | lr 0.02934 <-- BEST (epoch 19, loss 0.9232)
epoch   20/200 | loss 0.9011 | lr 0.02927 <-- BEST (epoch 20, loss 0.9011)
epoch   21/200 | loss 0.8568 | lr 0.02919 <-- BEST (epoch 21, loss 0.8568)
epoch   22/200 | loss 0.8509 | lr 0.02911 <-- BEST (epoch 22, loss 0.8509)
epoch   23/200 | loss 0.8187 | lr 0.02903 <-- BEST (epoch 23, loss 0.8187)
epoch   24/200 | loss 0.8106 | lr 0.02895 <-- BEST (epoch 24, loss 0.8106)
epoch   25/200 | loss 0.7977 | lr 0.02886 <-- BEST (epoch 25, loss 0.7977)
epoch   26/200 | loss 0.7730 | lr 0.02877 <-- BEST (epoch 26, loss 0.7730)
epoch   27/200 | loss 0.7730 | lr 0.02867 <-- BEST (epoch 27, loss 0.7730)
epoch   28/200 | loss 0.7484 | lr 0.02857 <-- BEST (epoch 28, loss 0.7484)
epoch   29/200 | loss 0.7386 | lr 0.02847 <-- BEST (epoch 29, loss 0.7386)
epoch   30/200 | loss 0.7173 | lr 0.02837 <-- BEST (epoch 30, loss 0.7173)
epoch   31/200 | loss 0.7035 | lr 0.02826 <-- BEST (epoch 31, loss 0.7035)
epoch   32/200 | loss 0.7050 | lr 0.02814
epoch   33/200 | loss 0.6806 | lr 0.02803 <-- BEST (epoch 33, loss 0.6806)
epoch   34/200 | loss 0.6702 | lr 0.02791 <-- BEST (epoch 34, loss 0.6702)
epoch   35/200 | loss 0.6511 | lr 0.02779 <-- BEST (epoch 35, loss 0.6511)
epoch   36/200 | loss 0.6507 | lr 0.02766 <-- BEST (epoch 36, loss 0.6507)
epoch   37/200 | loss 0.6504 | lr 0.02754 <-- BEST (epoch 37, loss 0.6504)
epoch   38/200 | loss 0.6389 | lr 0.02741 <-- BEST (epoch 38, loss 0.6389)
epoch   39/200 | loss 0.6221 | lr 0.02727 <-- BEST (epoch 39, loss 0.6221)
epoch   40/200 | loss 0.6186 | lr 0.02714 <-- BEST (epoch 40, loss 0.6186)
epoch   41/200 | loss 0.6017 | lr 0.02700 <-- BEST (epoch 41, loss 0.6017)
epoch   42/200 | loss 0.6011 | lr 0.02685 <-- BEST (epoch 42, loss 0.6011)
epoch   43/200 | loss 0.5965 | lr 0.02671 <-- BEST (epoch 43, loss 0.5965)
epoch   44/200 | loss 0.5926 | lr 0.02656 <-- BEST (epoch 44, loss 0.5926)
epoch   45/200 | loss 0.5906 | lr 0.02641 <-- BEST (epoch 45, loss 0.5906)
epoch   46/200 | loss 0.5867 | lr 0.02625 <-- BEST (epoch 46, loss 0.5867)
epoch   47/200 | loss 0.5632 | lr 0.02609 <-- BEST (epoch 47, loss 0.5632)
epoch   48/200 | loss 0.5631 | lr 0.02593 <-- BEST (epoch 48, loss 0.5631)
epoch   49/200 | loss 0.5597 | lr 0.02577 <-- BEST (epoch 49, loss 0.5597)
epoch   50/200 | loss 0.5523 | lr 0.02561 <-- BEST (epoch 50, loss 0.5523)
epoch   51/200 | loss 0.5501 | lr 0.02544 <-- BEST (epoch 51, loss 0.5501)
epoch   52/200 | loss 0.5314 | lr 0.02527 <-- BEST (epoch 52, loss 0.5314)
epoch   53/200 | loss 0.5345 | lr 0.02510
epoch   54/200 | loss 0.5326 | lr 0.02492
epoch   55/200 | loss 0.5213 | lr 0.02474 <-- BEST (epoch 55, loss 0.5213)
epoch   56/200 | loss 0.5290 | lr 0.02456
epoch   57/200 | loss 0.5136 | lr 0.02438 <-- BEST (epoch 57, loss 0.5136)
epoch   58/200 | loss 0.5206 | lr 0.02419
epoch   59/200 | loss 0.5052 | lr 0.02401 <-- BEST (epoch 59, loss 0.5052)
epoch   60/200 | loss 0.5028 | lr 0.02382 <-- BEST (epoch 60, loss 0.5028)
epoch   61/200 | loss 0.4999 | lr 0.02363 <-- BEST (epoch 61, loss 0.4999)
epoch   62/200 | loss 0.4960 | lr 0.02343 <-- BEST (epoch 62, loss 0.4960)
epoch   63/200 | loss 0.4859 | lr 0.02324 <-- BEST (epoch 63, loss 0.4859)
epoch   64/200 | loss 0.4851 | lr 0.02304 <-- BEST (epoch 64, loss 0.4851)
epoch   65/200 | loss 0.4774 | lr 0.02284 <-- BEST (epoch 65, loss 0.4774)
epoch   66/200 | loss 0.4757 | lr 0.02264 <-- BEST (epoch 66, loss 0.4757)
epoch   67/200 | loss 0.4720 | lr 0.02243 <-- BEST (epoch 67, loss 0.4720)
epoch   68/200 | loss 0.4771 | lr 0.02223
epoch   69/200 | loss 0.4675 | lr 0.02202 <-- BEST (epoch 69, loss 0.4675)
epoch   70/200 | loss 0.4754 | lr 0.02181
epoch   71/200 | loss 0.4581 | lr 0.02160 <-- BEST (epoch 71, loss 0.4581)
epoch   72/200 | loss 0.4678 | lr 0.02139
epoch   73/200 | loss 0.4594 | lr 0.02117
epoch   74/200 | loss 0.4456 | lr 0.02096 <-- BEST (epoch 74, loss 0.4456)
epoch   75/200 | loss 0.4495 | lr 0.02074
epoch   76/200 | loss 0.4479 | lr 0.02052
epoch   77/200 | loss 0.4501 | lr 0.02030
epoch   78/200 | loss 0.4409 | lr 0.02008 <-- BEST (epoch 78, loss 0.4409)
epoch   79/200 | loss 0.4380 | lr 0.01986 <-- BEST (epoch 79, loss 0.4380)
epoch   80/200 | loss 0.4324 | lr 0.01964 <-- BEST (epoch 80, loss 0.4324)
epoch   81/200 | loss 0.4252 | lr 0.01941 <-- BEST (epoch 81, loss 0.4252)
epoch   82/200 | loss 0.4244 | lr 0.01918 <-- BEST (epoch 82, loss 0.4244)
epoch   83/200 | loss 0.4255 | lr 0.01896
epoch   84/200 | loss 0.4258 | lr 0.01873
epoch   85/200 | loss 0.4186 | lr 0.01850 <-- BEST (epoch 85, loss 0.4186)
epoch   86/200 | loss 0.4163 | lr 0.01827 <-- BEST (epoch 86, loss 0.4163)
epoch   87/200 | loss 0.4181 | lr 0.01804
epoch   88/200 | loss 0.4180 | lr 0.01781
epoch   89/200 | loss 0.4133 | lr 0.01758 <-- BEST (epoch 89, loss 0.4133)
epoch   90/200 | loss 0.4062 | lr 0.01735 <-- BEST (epoch 90, loss 0.4062)
epoch   91/200 | loss 0.4117 | lr 0.01711
epoch   92/200 | loss 0.3991 | lr 0.01688 <-- BEST (epoch 92, loss 0.3991)
epoch   93/200 | loss 0.4051 | lr 0.01665
epoch   94/200 | loss 0.4060 | lr 0.01641
epoch   95/200 | loss 0.3941 | lr 0.01618 <-- BEST (epoch 95, loss 0.3941)
epoch   96/200 | loss 0.3923 | lr 0.01594 <-- BEST (epoch 96, loss 0.3923)
epoch   97/200 | loss 0.3955 | lr 0.01571
epoch   98/200 | loss 0.3919 | lr 0.01547 <-- BEST (epoch 98, loss 0.3919)
epoch   99/200 | loss 0.3848 | lr 0.01524 <-- BEST (epoch 99, loss 0.3848)
epoch  100/200 | loss 0.3872 | lr 0.01500
epoch  101/200 | loss 0.3704 | lr 0.01476 <-- BEST (epoch 101, loss 0.3704)
epoch  102/200 | loss 0.3742 | lr 0.01453
epoch  103/200 | loss 0.3804 | lr 0.01429
epoch  104/200 | loss 0.3764 | lr 0.01406
epoch  105/200 | loss 0.3746 | lr 0.01382
epoch  106/200 | loss 0.3652 | lr 0.01359 <-- BEST (epoch 106, loss 0.3652)
epoch  107/200 | loss 0.3668 | lr 0.01335
epoch  108/200 | loss 0.3648 | lr 0.01312 <-- BEST (epoch 108, loss 0.3648)
epoch  109/200 | loss 0.3674 | lr 0.01289
epoch  110/200 | loss 0.3620 | lr 0.01265 <-- BEST (epoch 110, loss 0.3620)
epoch  111/200 | loss 0.3598 | lr 0.01242 <-- BEST (epoch 111, loss 0.3598)
epoch  112/200 | loss 0.3542 | lr 0.01219 <-- BEST (epoch 112, loss 0.3542)
epoch  113/200 | loss 0.3524 | lr 0.01196 <-- BEST (epoch 113, loss 0.3524)
epoch  114/200 | loss 0.3495 | lr 0.01173 <-- BEST (epoch 114, loss 0.3495)
epoch  115/200 | loss 0.3539 | lr 0.01150
epoch  116/200 | loss 0.3603 | lr 0.01127
epoch  117/200 | loss 0.3506 | lr 0.01104
epoch  118/200 | loss 0.3475 | lr 0.01082 <-- BEST (epoch 118, loss 0.3475)
epoch  119/200 | loss 0.3404 | lr 0.01059 <-- BEST (epoch 119, loss 0.3404)
epoch  120/200 | loss 0.3441 | lr 0.01036
epoch  121/200 | loss 0.3482 | lr 0.01014
epoch  122/200 | loss 0.3395 | lr 0.00992 <-- BEST (epoch 122, loss 0.3395)
epoch  123/200 | loss 0.3326 | lr 0.00970 <-- BEST (epoch 123, loss 0.3326)
epoch  124/200 | loss 0.3345 | lr 0.00948
epoch  125/200 | loss 0.3347 | lr 0.00926
epoch  126/200 | loss 0.3378 | lr 0.00904
epoch  127/200 | loss 0.3305 | lr 0.00883 <-- BEST (epoch 127, loss 0.3305)
epoch  128/200 | loss 0.3219 | lr 0.00861 <-- BEST (epoch 128, loss 0.3219)
epoch  129/200 | loss 0.3338 | lr 0.00840
epoch  130/200 | loss 0.3246 | lr 0.00819
epoch  131/200 | loss 0.3230 | lr 0.00798
epoch  132/200 | loss 0.3234 | lr 0.00777
epoch  133/200 | loss 0.3267 | lr 0.00757
epoch  134/200 | loss 0.3186 | lr 0.00736 <-- BEST (epoch 134, loss 0.3186)
epoch  135/200 | loss 0.3257 | lr 0.00716
epoch  136/200 | loss 0.3213 | lr 0.00696
epoch  137/200 | loss 0.3212 | lr 0.00676
epoch  138/200 | loss 0.3141 | lr 0.00657 <-- BEST (epoch 138, loss 0.3141)
epoch  139/200 | loss 0.3109 | lr 0.00637 <-- BEST (epoch 139, loss 0.3109)
epoch  140/200 | loss 0.3153 | lr 0.00618
epoch  141/200 | loss 0.3116 | lr 0.00599
epoch  142/200 | loss 0.3109 | lr 0.00581
epoch  143/200 | loss 0.3090 | lr 0.00562 <-- BEST (epoch 143, loss 0.3090)
epoch  144/200 | loss 0.3064 | lr 0.00544 <-- BEST (epoch 144, loss 0.3064)
epoch  145/200 | loss 0.3081 | lr 0.00526
epoch  146/200 | loss 0.3140 | lr 0.00508
epoch  147/200 | loss 0.3031 | lr 0.00490 <-- BEST (epoch 147, loss 0.3031)
epoch  148/200 | loss 0.3106 | lr 0.00473
epoch  149/200 | loss 0.3035 | lr 0.00456
epoch  150/200 | loss 0.3027 | lr 0.00439 <-- BEST (epoch 150, loss 0.3027)
epoch  151/200 | loss 0.2969 | lr 0.00423 <-- BEST (epoch 151, loss 0.2969)
epoch  152/200 | loss 0.2954 | lr 0.00407 <-- BEST (epoch 152, loss 0.2954)
epoch  153/200 | loss 0.2995 | lr 0.00391
epoch  154/200 | loss 0.2916 | lr 0.00375 <-- BEST (epoch 154, loss 0.2916)
epoch  155/200 | loss 0.2983 | lr 0.00359
epoch  156/200 | loss 0.2924 | lr 0.00344
epoch  157/200 | loss 0.2882 | lr 0.00329 <-- BEST (epoch 157, loss 0.2882)
epoch  158/200 | loss 0.2929 | lr 0.00315
epoch  159/200 | loss 0.2897 | lr 0.00300
epoch  160/200 | loss 0.2940 | lr 0.00286
epoch  161/200 | loss 0.2889 | lr 0.00273
epoch  162/200 | loss 0.2879 | lr 0.00259 <-- BEST (epoch 162, loss 0.2879)
epoch  163/200 | loss 0.2892 | lr 0.00246
epoch  164/200 | loss 0.2867 | lr 0.00234 <-- BEST (epoch 164, loss 0.2867)
epoch  165/200 | loss 0.2888 | lr 0.00221
epoch  166/200 | loss 0.2855 | lr 0.00209 <-- BEST (epoch 166, loss 0.2855)
epoch  167/200 | loss 0.2818 | lr 0.00197 <-- BEST (epoch 167, loss 0.2818)
epoch  168/200 | loss 0.2793 | lr 0.00186 <-- BEST (epoch 168, loss 0.2793)
epoch  169/200 | loss 0.2775 | lr 0.00174 <-- BEST (epoch 169, loss 0.2775)
epoch  170/200 | loss 0.2818 | lr 0.00163
epoch  171/200 | loss 0.2770 | lr 0.00153 <-- BEST (epoch 171, loss 0.2770)
epoch  172/200 | loss 0.2858 | lr 0.00143
epoch  173/200 | loss 0.2808 | lr 0.00133
epoch  174/200 | loss 0.2836 | lr 0.00123
epoch  175/200 | loss 0.2822 | lr 0.00114
epoch  176/200 | loss 0.2809 | lr 0.00105
epoch  177/200 | loss 0.2810 | lr 0.00097
epoch  178/200 | loss 0.2779 | lr 0.00089
epoch  179/200 | loss 0.2779 | lr 0.00081
epoch  180/200 | loss 0.2716 | lr 0.00073 <-- BEST (epoch 180, loss 0.2716)
epoch  181/200 | loss 0.2802 | lr 0.00066
epoch  182/200 | loss 0.2775 | lr 0.00060
epoch  183/200 | loss 0.2825 | lr 0.00053
epoch  184/200 | loss 0.2680 | lr 0.00047 <-- BEST (epoch 184, loss 0.2680)
epoch  185/200 | loss 0.2700 | lr 0.00041
epoch  186/200 | loss 0.2775 | lr 0.00036
epoch  187/200 | loss 0.2772 | lr 0.00031
epoch  188/200 | loss 0.2785 | lr 0.00027
epoch  189/200 | loss 0.2776 | lr 0.00022
epoch  190/200 | loss 0.2765 | lr 0.00018
epoch  191/200 | loss 0.2762 | lr 0.00015
epoch  192/200 | loss 0.2787 | lr 0.00012
epoch  193/200 | loss 0.2748 | lr 0.00009
epoch  194/200 | loss 0.2800 | lr 0.00007
epoch  195/200 | loss 0.2749 | lr 0.00005
epoch  196/200 | loss 0.2711 | lr 0.00003
epoch  197/200 | loss 0.2747 | lr 0.00002
epoch  198/200 | loss 0.2712 | lr 0.00001
epoch  199/200 | loss 0.2775 | lr 0.00000
epoch  200/200 | loss 0.2766 | lr 0.00000
------------------------------------------------------------
[2026-05-29 14:19:46] Training finished
best epoch : 184
best loss  : 0.2680
