[2026-05-29 18:19:39] Training started
config: {
  "exp_name": "proj_3layer",
  "arch": "resnet18",
  "cifar_stem": true,
  "pretrained": false,
  "epochs": 200,
  "batch_size": 256,
  "lr": 0.03,
  "weight_decay": 0.0001,
  "num_workers": 4,
  "save_freq": 50,
  "data_root": "./data/cifar10",
  "augmentation": "full",
  "aug_kwargs": {
    "image_size": 32,
    "s": 1.0,
    "gaussian_blur": false
  },
  "loss_type": "nt_xent",
  "loss_kwargs": {
    "temperature": 0.07,
    "device": "cuda"
  },
  "proj_hidden_dim": 2048,
  "proj_output_dim": 128,
  "proj_num_layers": 3,
  "eval_batch_size": 256,
  "probe_epochs": 100,
  "save_dir": "./results/ablation_projection/proj_3layer"
}
------------------------------------------------------------
epoch    1/200 | loss 5.8329 | lr 0.03000 <-- BEST (epoch 1, loss 5.8329)
epoch    2/200 | loss 5.2299 | lr 0.02999 <-- BEST (epoch 2, loss 5.2299)
epoch    3/200 | loss 4.4785 | lr 0.02998 <-- BEST (epoch 3, loss 4.4785)
epoch    4/200 | loss 3.7763 | lr 0.02997 <-- BEST (epoch 4, loss 3.7763)
epoch    5/200 | loss 3.1431 | lr 0.02995 <-- BEST (epoch 5, loss 3.1431)
epoch    6/200 | loss 2.6396 | lr 0.02993 <-- BEST (epoch 6, loss 2.6396)
epoch    7/200 | loss 2.2692 | lr 0.02991 <-- BEST (epoch 7, loss 2.2692)
epoch    8/200 | loss 2.0346 | lr 0.02988 <-- BEST (epoch 8, loss 2.0346)
epoch    9/200 | loss 1.8069 | lr 0.02985 <-- BEST (epoch 9, loss 1.8069)
epoch   10/200 | loss 1.6844 | lr 0.02982 <-- BEST (epoch 10, loss 1.6844)
epoch   11/200 | loss 1.5735 | lr 0.02978 <-- BEST (epoch 11, loss 1.5735)
epoch   12/200 | loss 1.4603 | lr 0.02973 <-- BEST (epoch 12, loss 1.4603)
epoch   13/200 | loss 1.3692 | lr 0.02969 <-- BEST (epoch 13, loss 1.3692)
epoch   14/200 | loss 1.2933 | lr 0.02964 <-- BEST (epoch 14, loss 1.2933)
epoch   15/200 | loss 1.2403 | lr 0.02959 <-- BEST (epoch 15, loss 1.2403)
epoch   16/200 | loss 1.1679 | lr 0.02953 <-- BEST (epoch 16, loss 1.1679)
epoch   17/200 | loss 1.1159 | lr 0.02947 <-- BEST (epoch 17, loss 1.1159)
epoch   18/200 | loss 1.0806 | lr 0.02940 <-- BEST (epoch 18, loss 1.0806)
epoch   19/200 | loss 1.0360 | lr 0.02934 <-- BEST (epoch 19, loss 1.0360)
epoch   20/200 | loss 1.0087 | lr 0.02927 <-- BEST (epoch 20, loss 1.0087)
epoch   21/200 | loss 0.9710 | lr 0.02919 <-- BEST (epoch 21, loss 0.9710)
epoch   22/200 | loss 0.9324 | lr 0.02911 <-- BEST (epoch 22, loss 0.9324)
epoch   23/200 | loss 0.9221 | lr 0.02903 <-- BEST (epoch 23, loss 0.9221)
epoch   24/200 | loss 0.9004 | lr 0.02895 <-- BEST (epoch 24, loss 0.9004)
epoch   25/200 | loss 0.8740 | lr 0.02886 <-- BEST (epoch 25, loss 0.8740)
epoch   26/200 | loss 0.8390 | lr 0.02877 <-- BEST (epoch 26, loss 0.8390)
epoch   27/200 | loss 0.8129 | lr 0.02867 <-- BEST (epoch 27, loss 0.8129)
epoch   28/200 | loss 0.8133 | lr 0.02857
epoch   29/200 | loss 0.7919 | lr 0.02847 <-- BEST (epoch 29, loss 0.7919)
epoch   30/200 | loss 0.7823 | lr 0.02837 <-- BEST (epoch 30, loss 0.7823)
epoch   31/200 | loss 0.7649 | lr 0.02826 <-- BEST (epoch 31, loss 0.7649)
epoch   32/200 | loss 0.7430 | lr 0.02814 <-- BEST (epoch 32, loss 0.7430)
epoch   33/200 | loss 0.7469 | lr 0.02803
epoch   34/200 | loss 0.7208 | lr 0.02791 <-- BEST (epoch 34, loss 0.7208)
epoch   35/200 | loss 0.7131 | lr 0.02779 <-- BEST (epoch 35, loss 0.7131)
epoch   36/200 | loss 0.6969 | lr 0.02766 <-- BEST (epoch 36, loss 0.6969)
epoch   37/200 | loss 0.6879 | lr 0.02754 <-- BEST (epoch 37, loss 0.6879)
epoch   38/200 | loss 0.6777 | lr 0.02741 <-- BEST (epoch 38, loss 0.6777)
epoch   39/200 | loss 0.6719 | lr 0.02727 <-- BEST (epoch 39, loss 0.6719)
epoch   40/200 | loss 0.6607 | lr 0.02714 <-- BEST (epoch 40, loss 0.6607)
epoch   41/200 | loss 0.6483 | lr 0.02700 <-- BEST (epoch 41, loss 0.6483)
epoch   42/200 | loss 0.6356 | lr 0.02685 <-- BEST (epoch 42, loss 0.6356)
epoch   43/200 | loss 0.6379 | lr 0.02671
epoch   44/200 | loss 0.6265 | lr 0.02656 <-- BEST (epoch 44, loss 0.6265)
epoch   45/200 | loss 0.6111 | lr 0.02641 <-- BEST (epoch 45, loss 0.6111)
epoch   46/200 | loss 0.6144 | lr 0.02625
epoch   47/200 | loss 0.5988 | lr 0.02609 <-- BEST (epoch 47, loss 0.5988)
epoch   48/200 | loss 0.6059 | lr 0.02593
epoch   49/200 | loss 0.5857 | lr 0.02577 <-- BEST (epoch 49, loss 0.5857)
epoch   50/200 | loss 0.5680 | lr 0.02561 <-- BEST (epoch 50, loss 0.5680)
epoch   51/200 | loss 0.5824 | lr 0.02544
epoch   52/200 | loss 0.5665 | lr 0.02527 <-- BEST (epoch 52, loss 0.5665)
epoch   53/200 | loss 0.5633 | lr 0.02510 <-- BEST (epoch 53, loss 0.5633)
epoch   54/200 | loss 0.5543 | lr 0.02492 <-- BEST (epoch 54, loss 0.5543)
epoch   55/200 | loss 0.5546 | lr 0.02474
epoch   56/200 | loss 0.5449 | lr 0.02456 <-- BEST (epoch 56, loss 0.5449)
epoch   57/200 | loss 0.5433 | lr 0.02438 <-- BEST (epoch 57, loss 0.5433)
epoch   58/200 | loss 0.5343 | lr 0.02419 <-- BEST (epoch 58, loss 0.5343)
epoch   59/200 | loss 0.5264 | lr 0.02401 <-- BEST (epoch 59, loss 0.5264)
epoch   60/200 | loss 0.5172 | lr 0.02382 <-- BEST (epoch 60, loss 0.5172)
epoch   61/200 | loss 0.5242 | lr 0.02363
epoch   62/200 | loss 0.5215 | lr 0.02343
epoch   63/200 | loss 0.5180 | lr 0.02324
epoch   64/200 | loss 0.5140 | lr 0.02304 <-- BEST (epoch 64, loss 0.5140)
epoch   65/200 | loss 0.5029 | lr 0.02284 <-- BEST (epoch 65, loss 0.5029)
epoch   66/200 | loss 0.5000 | lr 0.02264 <-- BEST (epoch 66, loss 0.5000)
epoch   67/200 | loss 0.5024 | lr 0.02243
epoch   68/200 | loss 0.4963 | lr 0.02223 <-- BEST (epoch 68, loss 0.4963)
epoch   69/200 | loss 0.4983 | lr 0.02202
epoch   70/200 | loss 0.4933 | lr 0.02181 <-- BEST (epoch 70, loss 0.4933)
epoch   71/200 | loss 0.4730 | lr 0.02160 <-- BEST (epoch 71, loss 0.4730)
epoch   72/200 | loss 0.4864 | lr 0.02139
epoch   73/200 | loss 0.4776 | lr 0.02117
epoch   74/200 | loss 0.4727 | lr 0.02096 <-- BEST (epoch 74, loss 0.4727)
epoch   75/200 | loss 0.4697 | lr 0.02074 <-- BEST (epoch 75, loss 0.4697)
epoch   76/200 | loss 0.4564 | lr 0.02052 <-- BEST (epoch 76, loss 0.4564)
epoch   77/200 | loss 0.4535 | lr 0.02030 <-- BEST (epoch 77, loss 0.4535)
epoch   78/200 | loss 0.4608 | lr 0.02008
epoch   79/200 | loss 0.4592 | lr 0.01986
epoch   80/200 | loss 0.4484 | lr 0.01964 <-- BEST (epoch 80, loss 0.4484)
epoch   81/200 | loss 0.4422 | lr 0.01941 <-- BEST (epoch 81, loss 0.4422)
epoch   82/200 | loss 0.4509 | lr 0.01918
epoch   83/200 | loss 0.4418 | lr 0.01896 <-- BEST (epoch 83, loss 0.4418)
epoch   84/200 | loss 0.4332 | lr 0.01873 <-- BEST (epoch 84, loss 0.4332)
epoch   85/200 | loss 0.4376 | lr 0.01850
epoch   86/200 | loss 0.4310 | lr 0.01827 <-- BEST (epoch 86, loss 0.4310)
epoch   87/200 | loss 0.4333 | lr 0.01804
epoch   88/200 | loss 0.4278 | lr 0.01781 <-- BEST (epoch 88, loss 0.4278)
epoch   89/200 | loss 0.4215 | lr 0.01758 <-- BEST (epoch 89, loss 0.4215)
epoch   90/200 | loss 0.4186 | lr 0.01735 <-- BEST (epoch 90, loss 0.4186)
epoch   91/200 | loss 0.4126 | lr 0.01711 <-- BEST (epoch 91, loss 0.4126)
epoch   92/200 | loss 0.4140 | lr 0.01688
epoch   93/200 | loss 0.4173 | lr 0.01665
epoch   94/200 | loss 0.4106 | lr 0.01641 <-- BEST (epoch 94, loss 0.4106)
epoch   95/200 | loss 0.4014 | lr 0.01618 <-- BEST (epoch 95, loss 0.4014)
epoch   96/200 | loss 0.4058 | lr 0.01594
epoch   97/200 | loss 0.4109 | lr 0.01571
epoch   98/200 | loss 0.4020 | lr 0.01547
epoch   99/200 | loss 0.4006 | lr 0.01524 <-- BEST (epoch 99, loss 0.4006)
epoch  100/200 | loss 0.3903 | lr 0.01500 <-- BEST (epoch 100, loss 0.3903)
epoch  101/200 | loss 0.3894 | lr 0.01476 <-- BEST (epoch 101, loss 0.3894)
epoch  102/200 | loss 0.3899 | lr 0.01453
epoch  103/200 | loss 0.3855 | lr 0.01429 <-- BEST (epoch 103, loss 0.3855)
epoch  104/200 | loss 0.3811 | lr 0.01406 <-- BEST (epoch 104, loss 0.3811)
epoch  105/200 | loss 0.3772 | lr 0.01382 <-- BEST (epoch 105, loss 0.3772)
epoch  106/200 | loss 0.3835 | lr 0.01359
epoch  107/200 | loss 0.3788 | lr 0.01335
epoch  108/200 | loss 0.3759 | lr 0.01312 <-- BEST (epoch 108, loss 0.3759)
epoch  109/200 | loss 0.3757 | lr 0.01289 <-- BEST (epoch 109, loss 0.3757)
epoch  110/200 | loss 0.3702 | lr 0.01265 <-- BEST (epoch 110, loss 0.3702)
epoch  111/200 | loss 0.3716 | lr 0.01242
epoch  112/200 | loss 0.3623 | lr 0.01219 <-- BEST (epoch 112, loss 0.3623)
epoch  113/200 | loss 0.3627 | lr 0.01196
epoch  114/200 | loss 0.3595 | lr 0.01173 <-- BEST (epoch 114, loss 0.3595)
epoch  115/200 | loss 0.3577 | lr 0.01150 <-- BEST (epoch 115, loss 0.3577)
epoch  116/200 | loss 0.3548 | lr 0.01127 <-- BEST (epoch 116, loss 0.3548)
epoch  117/200 | loss 0.3536 | lr 0.01104 <-- BEST (epoch 117, loss 0.3536)
epoch  118/200 | loss 0.3456 | lr 0.01082 <-- BEST (epoch 118, loss 0.3456)
epoch  119/200 | loss 0.3541 | lr 0.01059
epoch  120/200 | loss 0.3523 | lr 0.01036
epoch  121/200 | loss 0.3464 | lr 0.01014
epoch  122/200 | loss 0.3498 | lr 0.00992
epoch  123/200 | loss 0.3476 | lr 0.00970
epoch  124/200 | loss 0.3445 | lr 0.00948 <-- BEST (epoch 124, loss 0.3445)
epoch  125/200 | loss 0.3357 | lr 0.00926 <-- BEST (epoch 125, loss 0.3357)
epoch  126/200 | loss 0.3401 | lr 0.00904
epoch  127/200 | loss 0.3376 | lr 0.00883
epoch  128/200 | loss 0.3380 | lr 0.00861
epoch  129/200 | loss 0.3302 | lr 0.00840 <-- BEST (epoch 129, loss 0.3302)
epoch  130/200 | loss 0.3370 | lr 0.00819
epoch  131/200 | loss 0.3247 | lr 0.00798 <-- BEST (epoch 131, loss 0.3247)
epoch  132/200 | loss 0.3297 | lr 0.00777
epoch  133/200 | loss 0.3302 | lr 0.00757
epoch  134/200 | loss 0.3315 | lr 0.00736
epoch  135/200 | loss 0.3169 | lr 0.00716 <-- BEST (epoch 135, loss 0.3169)
epoch  136/200 | loss 0.3183 | lr 0.00696
epoch  137/200 | loss 0.3217 | lr 0.00676
epoch  138/200 | loss 0.3209 | lr 0.00657
epoch  139/200 | loss 0.3129 | lr 0.00637 <-- BEST (epoch 139, loss 0.3129)
epoch  140/200 | loss 0.3175 | lr 0.00618
epoch  141/200 | loss 0.3158 | lr 0.00599
epoch  142/200 | loss 0.3097 | lr 0.00581 <-- BEST (epoch 142, loss 0.3097)
epoch  143/200 | loss 0.3163 | lr 0.00562
epoch  144/200 | loss 0.3130 | lr 0.00544
epoch  145/200 | loss 0.3100 | lr 0.00526
epoch  146/200 | loss 0.3040 | lr 0.00508 <-- BEST (epoch 146, loss 0.3040)
epoch  147/200 | loss 0.3018 | lr 0.00490 <-- BEST (epoch 147, loss 0.3018)
epoch  148/200 | loss 0.3040 | lr 0.00473
epoch  149/200 | loss 0.3067 | lr 0.00456
epoch  150/200 | loss 0.3005 | lr 0.00439 <-- BEST (epoch 150, loss 0.3005)
epoch  151/200 | loss 0.2977 | lr 0.00423 <-- BEST (epoch 151, loss 0.2977)
epoch  152/200 | loss 0.3024 | lr 0.00407
epoch  153/200 | loss 0.2975 | lr 0.00391 <-- BEST (epoch 153, loss 0.2975)
epoch  154/200 | loss 0.3045 | lr 0.00375
epoch  155/200 | loss 0.3014 | lr 0.00359
epoch  156/200 | loss 0.2992 | lr 0.00344
epoch  157/200 | loss 0.2993 | lr 0.00329
epoch  158/200 | loss 0.2942 | lr 0.00315 <-- BEST (epoch 158, loss 0.2942)
epoch  159/200 | loss 0.2934 | lr 0.00300 <-- BEST (epoch 159, loss 0.2934)
epoch  160/200 | loss 0.2917 | lr 0.00286 <-- BEST (epoch 160, loss 0.2917)
epoch  161/200 | loss 0.2918 | lr 0.00273
epoch  162/200 | loss 0.2908 | lr 0.00259 <-- BEST (epoch 162, loss 0.2908)
epoch  163/200 | loss 0.2878 | lr 0.00246 <-- BEST (epoch 163, loss 0.2878)
epoch  164/200 | loss 0.2848 | lr 0.00234 <-- BEST (epoch 164, loss 0.2848)
epoch  165/200 | loss 0.2915 | lr 0.00221
epoch  166/200 | loss 0.2870 | lr 0.00209
epoch  167/200 | loss 0.2881 | lr 0.00197
epoch  168/200 | loss 0.2862 | lr 0.00186
epoch  169/200 | loss 0.2808 | lr 0.00174 <-- BEST (epoch 169, loss 0.2808)
epoch  170/200 | loss 0.2860 | lr 0.00163
epoch  171/200 | loss 0.2851 | lr 0.00153
epoch  172/200 | loss 0.2821 | lr 0.00143
epoch  173/200 | loss 0.2794 | lr 0.00133 <-- BEST (epoch 173, loss 0.2794)
epoch  174/200 | loss 0.2806 | lr 0.00123
epoch  175/200 | loss 0.2821 | lr 0.00114
epoch  176/200 | loss 0.2856 | lr 0.00105
epoch  177/200 | loss 0.2802 | lr 0.00097
epoch  178/200 | loss 0.2846 | lr 0.00089
epoch  179/200 | loss 0.2768 | lr 0.00081 <-- BEST (epoch 179, loss 0.2768)
epoch  180/200 | loss 0.2758 | lr 0.00073 <-- BEST (epoch 180, loss 0.2758)
epoch  181/200 | loss 0.2741 | lr 0.00066 <-- BEST (epoch 181, loss 0.2741)
epoch  182/200 | loss 0.2809 | lr 0.00060
epoch  183/200 | loss 0.2811 | lr 0.00053
epoch  184/200 | loss 0.2790 | lr 0.00047
epoch  185/200 | loss 0.2755 | lr 0.00041
epoch  186/200 | loss 0.2764 | lr 0.00036
epoch  187/200 | loss 0.2777 | lr 0.00031
epoch  188/200 | loss 0.2783 | lr 0.00027
epoch  189/200 | loss 0.2752 | lr 0.00022
epoch  190/200 | loss 0.2761 | lr 0.00018
epoch  191/200 | loss 0.2791 | lr 0.00015
epoch  192/200 | loss 0.2763 | lr 0.00012
epoch  193/200 | loss 0.2745 | lr 0.00009
epoch  194/200 | loss 0.2736 | lr 0.00007 <-- BEST (epoch 194, loss 0.2736)
epoch  195/200 | loss 0.2737 | lr 0.00005
epoch  196/200 | loss 0.2714 | lr 0.00003 <-- BEST (epoch 196, loss 0.2714)
epoch  197/200 | loss 0.2784 | lr 0.00002
epoch  198/200 | loss 0.2757 | lr 0.00001
epoch  199/200 | loss 0.2806 | lr 0.00000
epoch  200/200 | loss 0.2807 | lr 0.00000
------------------------------------------------------------
[2026-05-29 19:39:55] Training finished
best epoch : 196
best loss  : 0.2714
